

================================================================
== Vitis HLS Report for 'kernel_Pipeline_6'
================================================================
* Date:           Wed Sep 27 17:42:42 2023

* Version:        2023.1 (Build 3854077 on May  4 2023)
* Project:        fpga
* Solution:       solution1 (Vitis Kernel Flow Target)
* Product family: zynquplus
* Target device:  xczu7ev-ffvc1156-2-e


================================================================
== Performance Estimates
================================================================
+ Timing: 
    * Summary: 
    +--------+----------+----------+------------+
    |  Clock |  Target  | Estimated| Uncertainty|
    +--------+----------+----------+------------+
    |ap_clk  |  10.00 ns|  8.920 ns|     1.08 ns|
    +--------+----------+----------+------------+

+ Latency: 
    * Summary: 
    +---------+---------+----------+----------+-----+-----+---------+
    |  Latency (cycles) |  Latency (absolute) |  Interval | Pipeline|
    |   min   |   max   |    min   |    max   | min | max |   Type  |
    +---------+---------+----------+----------+-----+-----+---------+
    |      258|      258|  2.580 us|  2.580 us|  258|  258|       no|
    +---------+---------+----------+----------+-----+-----+---------+

    + Detail: 
        * Instance: 
        N/A

        * Loop: 
        +----------+---------+---------+----------+-----------+-----------+------+----------+
        |          |  Latency (cycles) | Iteration|  Initiation Interval  | Trip |          |
        | Loop Name|   min   |   max   |  Latency |  achieved |   target  | Count| Pipelined|
        +----------+---------+---------+----------+-----------+-----------+------+----------+
        |- Loop 1  |      256|      256|         2|          1|          1|   256|       yes|
        +----------+---------+---------+----------+-----------+-----------+------+----------+

============================================================
+ Verbose Summary: Synthesis Manager
============================================================
InlineROM: 1
ExposeGlobal: 0
============================================================
+ Verbose Summary: CDFG Model
============================================================
IsTopModel: 0
ResetActiveHigh: 1
IsCombinational: 0
IsDatapathOnly: 0
HasWiredReturn: 1
HasMFsm: 2
HasVarLatency: 1
IsPipeline: 0
IsRtlPipelined: 0
IsInstanceOverlapped: 0
IsDontTouch: 0
HasImplIP: 0
IsGatedGlobalClock: 0

+ Individual pipeline summary: 
  * Pipeline-0: initiation interval (II) = 1, depth = 2


============================================================
+ Verbose Summary: Schedule
============================================================
* Number of FSM states : 2
* Pipeline : 1
  Pipeline-0 : II = 1, D = 2, States = { 1 2 }
* Dataflow Pipeline: 0

* FSM state transitions: 
1 --> 2 
2 --> 

* FSM state operations: 

State 1 <SV = 0> <Delay = 1.31>
ST_1 : Operation 5 [1/1] (0.00ns)   --->   "%shiftreg = alloca i32 1"   --->   Operation 5 'alloca' 'shiftreg' <Predicate = true> <Delay = 0.00>
ST_1 : Operation 6 [1/1] (0.00ns)   --->   "%loop_index = alloca i32 1"   --->   Operation 6 'alloca' 'loop_index' <Predicate = true> <Delay = 0.00>
ST_1 : Operation 7 [1/1] (0.00ns)   --->   "%v_254_read = read i32 @_ssdm_op_Read.ap_auto.i32, i32 %v_254"   --->   Operation 7 'read' 'v_254_read' <Predicate = true> <Delay = 0.00>
ST_1 : Operation 8 [1/1] (0.00ns)   --->   "%v_493_read = read i32 @_ssdm_op_Read.ap_auto.i32, i32 %v_493"   --->   Operation 8 'read' 'v_493_read' <Predicate = true> <Delay = 0.00>
ST_1 : Operation 9 [1/1] (0.00ns)   --->   "%v_492_read = read i32 @_ssdm_op_Read.ap_auto.i32, i32 %v_492"   --->   Operation 9 'read' 'v_492_read' <Predicate = true> <Delay = 0.00>
ST_1 : Operation 10 [1/1] (0.00ns)   --->   "%v_491_read = read i32 @_ssdm_op_Read.ap_auto.i32, i32 %v_491"   --->   Operation 10 'read' 'v_491_read' <Predicate = true> <Delay = 0.00>
ST_1 : Operation 11 [1/1] (0.00ns)   --->   "%v_490_read = read i32 @_ssdm_op_Read.ap_auto.i32, i32 %v_490"   --->   Operation 11 'read' 'v_490_read' <Predicate = true> <Delay = 0.00>
ST_1 : Operation 12 [1/1] (0.00ns)   --->   "%v_489_read = read i32 @_ssdm_op_Read.ap_auto.i32, i32 %v_489"   --->   Operation 12 'read' 'v_489_read' <Predicate = true> <Delay = 0.00>
ST_1 : Operation 13 [1/1] (0.00ns)   --->   "%v_488_read = read i32 @_ssdm_op_Read.ap_auto.i32, i32 %v_488"   --->   Operation 13 'read' 'v_488_read' <Predicate = true> <Delay = 0.00>
ST_1 : Operation 14 [1/1] (0.00ns)   --->   "%v_487_read = read i32 @_ssdm_op_Read.ap_auto.i32, i32 %v_487"   --->   Operation 14 'read' 'v_487_read' <Predicate = true> <Delay = 0.00>
ST_1 : Operation 15 [1/1] (0.00ns)   --->   "%v_486_read = read i32 @_ssdm_op_Read.ap_auto.i32, i32 %v_486"   --->   Operation 15 'read' 'v_486_read' <Predicate = true> <Delay = 0.00>
ST_1 : Operation 16 [1/1] (0.00ns)   --->   "%v_485_read = read i32 @_ssdm_op_Read.ap_auto.i32, i32 %v_485"   --->   Operation 16 'read' 'v_485_read' <Predicate = true> <Delay = 0.00>
ST_1 : Operation 17 [1/1] (0.00ns)   --->   "%v_484_read = read i32 @_ssdm_op_Read.ap_auto.i32, i32 %v_484"   --->   Operation 17 'read' 'v_484_read' <Predicate = true> <Delay = 0.00>
ST_1 : Operation 18 [1/1] (0.00ns)   --->   "%v_483_read = read i32 @_ssdm_op_Read.ap_auto.i32, i32 %v_483"   --->   Operation 18 'read' 'v_483_read' <Predicate = true> <Delay = 0.00>
ST_1 : Operation 19 [1/1] (0.00ns)   --->   "%v_482_read = read i32 @_ssdm_op_Read.ap_auto.i32, i32 %v_482"   --->   Operation 19 'read' 'v_482_read' <Predicate = true> <Delay = 0.00>
ST_1 : Operation 20 [1/1] (0.00ns)   --->   "%v_481_read = read i32 @_ssdm_op_Read.ap_auto.i32, i32 %v_481"   --->   Operation 20 'read' 'v_481_read' <Predicate = true> <Delay = 0.00>
ST_1 : Operation 21 [1/1] (0.00ns)   --->   "%v_480_read = read i32 @_ssdm_op_Read.ap_auto.i32, i32 %v_480"   --->   Operation 21 'read' 'v_480_read' <Predicate = true> <Delay = 0.00>
ST_1 : Operation 22 [1/1] (0.00ns)   --->   "%v_239_read = read i32 @_ssdm_op_Read.ap_auto.i32, i32 %v_239"   --->   Operation 22 'read' 'v_239_read' <Predicate = true> <Delay = 0.00>
ST_1 : Operation 23 [1/1] (0.00ns)   --->   "%v_477_read = read i32 @_ssdm_op_Read.ap_auto.i32, i32 %v_477"   --->   Operation 23 'read' 'v_477_read' <Predicate = true> <Delay = 0.00>
ST_1 : Operation 24 [1/1] (0.00ns)   --->   "%v_476_read = read i32 @_ssdm_op_Read.ap_auto.i32, i32 %v_476"   --->   Operation 24 'read' 'v_476_read' <Predicate = true> <Delay = 0.00>
ST_1 : Operation 25 [1/1] (0.00ns)   --->   "%v_475_read = read i32 @_ssdm_op_Read.ap_auto.i32, i32 %v_475"   --->   Operation 25 'read' 'v_475_read' <Predicate = true> <Delay = 0.00>
ST_1 : Operation 26 [1/1] (0.00ns)   --->   "%v_474_read = read i32 @_ssdm_op_Read.ap_auto.i32, i32 %v_474"   --->   Operation 26 'read' 'v_474_read' <Predicate = true> <Delay = 0.00>
ST_1 : Operation 27 [1/1] (0.00ns)   --->   "%v_473_read = read i32 @_ssdm_op_Read.ap_auto.i32, i32 %v_473"   --->   Operation 27 'read' 'v_473_read' <Predicate = true> <Delay = 0.00>
ST_1 : Operation 28 [1/1] (0.00ns)   --->   "%v_472_read = read i32 @_ssdm_op_Read.ap_auto.i32, i32 %v_472"   --->   Operation 28 'read' 'v_472_read' <Predicate = true> <Delay = 0.00>
ST_1 : Operation 29 [1/1] (0.00ns)   --->   "%v_471_read = read i32 @_ssdm_op_Read.ap_auto.i32, i32 %v_471"   --->   Operation 29 'read' 'v_471_read' <Predicate = true> <Delay = 0.00>
ST_1 : Operation 30 [1/1] (0.00ns)   --->   "%v_470_read = read i32 @_ssdm_op_Read.ap_auto.i32, i32 %v_470"   --->   Operation 30 'read' 'v_470_read' <Predicate = true> <Delay = 0.00>
ST_1 : Operation 31 [1/1] (0.00ns)   --->   "%v_469_read = read i32 @_ssdm_op_Read.ap_auto.i32, i32 %v_469"   --->   Operation 31 'read' 'v_469_read' <Predicate = true> <Delay = 0.00>
ST_1 : Operation 32 [1/1] (0.00ns)   --->   "%v_468_read = read i32 @_ssdm_op_Read.ap_auto.i32, i32 %v_468"   --->   Operation 32 'read' 'v_468_read' <Predicate = true> <Delay = 0.00>
ST_1 : Operation 33 [1/1] (0.00ns)   --->   "%v_467_read = read i32 @_ssdm_op_Read.ap_auto.i32, i32 %v_467"   --->   Operation 33 'read' 'v_467_read' <Predicate = true> <Delay = 0.00>
ST_1 : Operation 34 [1/1] (0.00ns)   --->   "%v_466_read = read i32 @_ssdm_op_Read.ap_auto.i32, i32 %v_466"   --->   Operation 34 'read' 'v_466_read' <Predicate = true> <Delay = 0.00>
ST_1 : Operation 35 [1/1] (0.00ns)   --->   "%v_465_read = read i32 @_ssdm_op_Read.ap_auto.i32, i32 %v_465"   --->   Operation 35 'read' 'v_465_read' <Predicate = true> <Delay = 0.00>
ST_1 : Operation 36 [1/1] (0.00ns)   --->   "%v_464_read = read i32 @_ssdm_op_Read.ap_auto.i32, i32 %v_464"   --->   Operation 36 'read' 'v_464_read' <Predicate = true> <Delay = 0.00>
ST_1 : Operation 37 [1/1] (0.00ns)   --->   "%v_463_read = read i32 @_ssdm_op_Read.ap_auto.i32, i32 %v_463"   --->   Operation 37 'read' 'v_463_read' <Predicate = true> <Delay = 0.00>
ST_1 : Operation 38 [1/1] (0.00ns)   --->   "%v_462_read = read i32 @_ssdm_op_Read.ap_auto.i32, i32 %v_462"   --->   Operation 38 'read' 'v_462_read' <Predicate = true> <Delay = 0.00>
ST_1 : Operation 39 [1/1] (0.00ns)   --->   "%v_461_read = read i32 @_ssdm_op_Read.ap_auto.i32, i32 %v_461"   --->   Operation 39 'read' 'v_461_read' <Predicate = true> <Delay = 0.00>
ST_1 : Operation 40 [1/1] (0.00ns)   --->   "%v_460_read = read i32 @_ssdm_op_Read.ap_auto.i32, i32 %v_460"   --->   Operation 40 'read' 'v_460_read' <Predicate = true> <Delay = 0.00>
ST_1 : Operation 41 [1/1] (0.00ns)   --->   "%v_459_read = read i32 @_ssdm_op_Read.ap_auto.i32, i32 %v_459"   --->   Operation 41 'read' 'v_459_read' <Predicate = true> <Delay = 0.00>
ST_1 : Operation 42 [1/1] (0.00ns)   --->   "%v_458_read = read i32 @_ssdm_op_Read.ap_auto.i32, i32 %v_458"   --->   Operation 42 'read' 'v_458_read' <Predicate = true> <Delay = 0.00>
ST_1 : Operation 43 [1/1] (0.00ns)   --->   "%v_457_read = read i32 @_ssdm_op_Read.ap_auto.i32, i32 %v_457"   --->   Operation 43 'read' 'v_457_read' <Predicate = true> <Delay = 0.00>
ST_1 : Operation 44 [1/1] (0.00ns)   --->   "%v_456_read = read i32 @_ssdm_op_Read.ap_auto.i32, i32 %v_456"   --->   Operation 44 'read' 'v_456_read' <Predicate = true> <Delay = 0.00>
ST_1 : Operation 45 [1/1] (0.00ns)   --->   "%v_455_read = read i32 @_ssdm_op_Read.ap_auto.i32, i32 %v_455"   --->   Operation 45 'read' 'v_455_read' <Predicate = true> <Delay = 0.00>
ST_1 : Operation 46 [1/1] (0.00ns)   --->   "%v_454_read = read i32 @_ssdm_op_Read.ap_auto.i32, i32 %v_454"   --->   Operation 46 'read' 'v_454_read' <Predicate = true> <Delay = 0.00>
ST_1 : Operation 47 [1/1] (0.00ns)   --->   "%v_453_read = read i32 @_ssdm_op_Read.ap_auto.i32, i32 %v_453"   --->   Operation 47 'read' 'v_453_read' <Predicate = true> <Delay = 0.00>
ST_1 : Operation 48 [1/1] (0.00ns)   --->   "%v_452_read = read i32 @_ssdm_op_Read.ap_auto.i32, i32 %v_452"   --->   Operation 48 'read' 'v_452_read' <Predicate = true> <Delay = 0.00>
ST_1 : Operation 49 [1/1] (0.00ns)   --->   "%v_451_read = read i32 @_ssdm_op_Read.ap_auto.i32, i32 %v_451"   --->   Operation 49 'read' 'v_451_read' <Predicate = true> <Delay = 0.00>
ST_1 : Operation 50 [1/1] (0.00ns)   --->   "%v_450_read = read i32 @_ssdm_op_Read.ap_auto.i32, i32 %v_450"   --->   Operation 50 'read' 'v_450_read' <Predicate = true> <Delay = 0.00>
ST_1 : Operation 51 [1/1] (0.00ns)   --->   "%v_449_read = read i32 @_ssdm_op_Read.ap_auto.i32, i32 %v_449"   --->   Operation 51 'read' 'v_449_read' <Predicate = true> <Delay = 0.00>
ST_1 : Operation 52 [1/1] (0.00ns)   --->   "%v_448_read = read i32 @_ssdm_op_Read.ap_auto.i32, i32 %v_448"   --->   Operation 52 'read' 'v_448_read' <Predicate = true> <Delay = 0.00>
ST_1 : Operation 53 [1/1] (0.00ns)   --->   "%v_447_read = read i32 @_ssdm_op_Read.ap_auto.i32, i32 %v_447"   --->   Operation 53 'read' 'v_447_read' <Predicate = true> <Delay = 0.00>
ST_1 : Operation 54 [1/1] (0.00ns)   --->   "%v_446_read = read i32 @_ssdm_op_Read.ap_auto.i32, i32 %v_446"   --->   Operation 54 'read' 'v_446_read' <Predicate = true> <Delay = 0.00>
ST_1 : Operation 55 [1/1] (0.00ns)   --->   "%v_445_read = read i32 @_ssdm_op_Read.ap_auto.i32, i32 %v_445"   --->   Operation 55 'read' 'v_445_read' <Predicate = true> <Delay = 0.00>
ST_1 : Operation 56 [1/1] (0.00ns)   --->   "%v_444_read = read i32 @_ssdm_op_Read.ap_auto.i32, i32 %v_444"   --->   Operation 56 'read' 'v_444_read' <Predicate = true> <Delay = 0.00>
ST_1 : Operation 57 [1/1] (0.00ns)   --->   "%v_443_read = read i32 @_ssdm_op_Read.ap_auto.i32, i32 %v_443"   --->   Operation 57 'read' 'v_443_read' <Predicate = true> <Delay = 0.00>
ST_1 : Operation 58 [1/1] (0.00ns)   --->   "%v_442_read = read i32 @_ssdm_op_Read.ap_auto.i32, i32 %v_442"   --->   Operation 58 'read' 'v_442_read' <Predicate = true> <Delay = 0.00>
ST_1 : Operation 59 [1/1] (0.00ns)   --->   "%v_441_read = read i32 @_ssdm_op_Read.ap_auto.i32, i32 %v_441"   --->   Operation 59 'read' 'v_441_read' <Predicate = true> <Delay = 0.00>
ST_1 : Operation 60 [1/1] (0.00ns)   --->   "%v_440_read = read i32 @_ssdm_op_Read.ap_auto.i32, i32 %v_440"   --->   Operation 60 'read' 'v_440_read' <Predicate = true> <Delay = 0.00>
ST_1 : Operation 61 [1/1] (0.00ns)   --->   "%v_439_read = read i32 @_ssdm_op_Read.ap_auto.i32, i32 %v_439"   --->   Operation 61 'read' 'v_439_read' <Predicate = true> <Delay = 0.00>
ST_1 : Operation 62 [1/1] (0.00ns)   --->   "%v_438_read = read i32 @_ssdm_op_Read.ap_auto.i32, i32 %v_438"   --->   Operation 62 'read' 'v_438_read' <Predicate = true> <Delay = 0.00>
ST_1 : Operation 63 [1/1] (0.00ns)   --->   "%v_437_read = read i32 @_ssdm_op_Read.ap_auto.i32, i32 %v_437"   --->   Operation 63 'read' 'v_437_read' <Predicate = true> <Delay = 0.00>
ST_1 : Operation 64 [1/1] (0.00ns)   --->   "%v_436_read = read i32 @_ssdm_op_Read.ap_auto.i32, i32 %v_436"   --->   Operation 64 'read' 'v_436_read' <Predicate = true> <Delay = 0.00>
ST_1 : Operation 65 [1/1] (0.00ns)   --->   "%v_435_read = read i32 @_ssdm_op_Read.ap_auto.i32, i32 %v_435"   --->   Operation 65 'read' 'v_435_read' <Predicate = true> <Delay = 0.00>
ST_1 : Operation 66 [1/1] (0.00ns)   --->   "%v_434_read = read i32 @_ssdm_op_Read.ap_auto.i32, i32 %v_434"   --->   Operation 66 'read' 'v_434_read' <Predicate = true> <Delay = 0.00>
ST_1 : Operation 67 [1/1] (0.00ns)   --->   "%v_433_read = read i32 @_ssdm_op_Read.ap_auto.i32, i32 %v_433"   --->   Operation 67 'read' 'v_433_read' <Predicate = true> <Delay = 0.00>
ST_1 : Operation 68 [1/1] (0.00ns)   --->   "%v_432_read = read i32 @_ssdm_op_Read.ap_auto.i32, i32 %v_432"   --->   Operation 68 'read' 'v_432_read' <Predicate = true> <Delay = 0.00>
ST_1 : Operation 69 [1/1] (0.00ns)   --->   "%v_431_read = read i32 @_ssdm_op_Read.ap_auto.i32, i32 %v_431"   --->   Operation 69 'read' 'v_431_read' <Predicate = true> <Delay = 0.00>
ST_1 : Operation 70 [1/1] (0.00ns)   --->   "%v_430_read = read i32 @_ssdm_op_Read.ap_auto.i32, i32 %v_430"   --->   Operation 70 'read' 'v_430_read' <Predicate = true> <Delay = 0.00>
ST_1 : Operation 71 [1/1] (0.00ns)   --->   "%v_429_read = read i32 @_ssdm_op_Read.ap_auto.i32, i32 %v_429"   --->   Operation 71 'read' 'v_429_read' <Predicate = true> <Delay = 0.00>
ST_1 : Operation 72 [1/1] (0.00ns)   --->   "%v_428_read = read i32 @_ssdm_op_Read.ap_auto.i32, i32 %v_428"   --->   Operation 72 'read' 'v_428_read' <Predicate = true> <Delay = 0.00>
ST_1 : Operation 73 [1/1] (0.00ns)   --->   "%v_427_read = read i32 @_ssdm_op_Read.ap_auto.i32, i32 %v_427"   --->   Operation 73 'read' 'v_427_read' <Predicate = true> <Delay = 0.00>
ST_1 : Operation 74 [1/1] (0.00ns)   --->   "%v_426_read = read i32 @_ssdm_op_Read.ap_auto.i32, i32 %v_426"   --->   Operation 74 'read' 'v_426_read' <Predicate = true> <Delay = 0.00>
ST_1 : Operation 75 [1/1] (0.00ns)   --->   "%v_425_read = read i32 @_ssdm_op_Read.ap_auto.i32, i32 %v_425"   --->   Operation 75 'read' 'v_425_read' <Predicate = true> <Delay = 0.00>
ST_1 : Operation 76 [1/1] (0.00ns)   --->   "%v_424_read = read i32 @_ssdm_op_Read.ap_auto.i32, i32 %v_424"   --->   Operation 76 'read' 'v_424_read' <Predicate = true> <Delay = 0.00>
ST_1 : Operation 77 [1/1] (0.00ns)   --->   "%v_423_read = read i32 @_ssdm_op_Read.ap_auto.i32, i32 %v_423"   --->   Operation 77 'read' 'v_423_read' <Predicate = true> <Delay = 0.00>
ST_1 : Operation 78 [1/1] (0.00ns)   --->   "%v_422_read = read i32 @_ssdm_op_Read.ap_auto.i32, i32 %v_422"   --->   Operation 78 'read' 'v_422_read' <Predicate = true> <Delay = 0.00>
ST_1 : Operation 79 [1/1] (0.00ns)   --->   "%v_421_read = read i32 @_ssdm_op_Read.ap_auto.i32, i32 %v_421"   --->   Operation 79 'read' 'v_421_read' <Predicate = true> <Delay = 0.00>
ST_1 : Operation 80 [1/1] (0.00ns)   --->   "%v_420_read = read i32 @_ssdm_op_Read.ap_auto.i32, i32 %v_420"   --->   Operation 80 'read' 'v_420_read' <Predicate = true> <Delay = 0.00>
ST_1 : Operation 81 [1/1] (0.00ns)   --->   "%v_419_read = read i32 @_ssdm_op_Read.ap_auto.i32, i32 %v_419"   --->   Operation 81 'read' 'v_419_read' <Predicate = true> <Delay = 0.00>
ST_1 : Operation 82 [1/1] (0.00ns)   --->   "%v_418_read = read i32 @_ssdm_op_Read.ap_auto.i32, i32 %v_418"   --->   Operation 82 'read' 'v_418_read' <Predicate = true> <Delay = 0.00>
ST_1 : Operation 83 [1/1] (0.00ns)   --->   "%v_417_read = read i32 @_ssdm_op_Read.ap_auto.i32, i32 %v_417"   --->   Operation 83 'read' 'v_417_read' <Predicate = true> <Delay = 0.00>
ST_1 : Operation 84 [1/1] (0.00ns)   --->   "%v_416_read = read i32 @_ssdm_op_Read.ap_auto.i32, i32 %v_416"   --->   Operation 84 'read' 'v_416_read' <Predicate = true> <Delay = 0.00>
ST_1 : Operation 85 [1/1] (0.00ns)   --->   "%v_415_read = read i32 @_ssdm_op_Read.ap_auto.i32, i32 %v_415"   --->   Operation 85 'read' 'v_415_read' <Predicate = true> <Delay = 0.00>
ST_1 : Operation 86 [1/1] (0.00ns)   --->   "%v_414_read = read i32 @_ssdm_op_Read.ap_auto.i32, i32 %v_414"   --->   Operation 86 'read' 'v_414_read' <Predicate = true> <Delay = 0.00>
ST_1 : Operation 87 [1/1] (0.00ns)   --->   "%v_413_read = read i32 @_ssdm_op_Read.ap_auto.i32, i32 %v_413"   --->   Operation 87 'read' 'v_413_read' <Predicate = true> <Delay = 0.00>
ST_1 : Operation 88 [1/1] (0.00ns)   --->   "%v_412_read = read i32 @_ssdm_op_Read.ap_auto.i32, i32 %v_412"   --->   Operation 88 'read' 'v_412_read' <Predicate = true> <Delay = 0.00>
ST_1 : Operation 89 [1/1] (0.00ns)   --->   "%v_411_read = read i32 @_ssdm_op_Read.ap_auto.i32, i32 %v_411"   --->   Operation 89 'read' 'v_411_read' <Predicate = true> <Delay = 0.00>
ST_1 : Operation 90 [1/1] (0.00ns)   --->   "%v_410_read = read i32 @_ssdm_op_Read.ap_auto.i32, i32 %v_410"   --->   Operation 90 'read' 'v_410_read' <Predicate = true> <Delay = 0.00>
ST_1 : Operation 91 [1/1] (0.00ns)   --->   "%v_409_read = read i32 @_ssdm_op_Read.ap_auto.i32, i32 %v_409"   --->   Operation 91 'read' 'v_409_read' <Predicate = true> <Delay = 0.00>
ST_1 : Operation 92 [1/1] (0.00ns)   --->   "%v_408_read = read i32 @_ssdm_op_Read.ap_auto.i32, i32 %v_408"   --->   Operation 92 'read' 'v_408_read' <Predicate = true> <Delay = 0.00>
ST_1 : Operation 93 [1/1] (0.00ns)   --->   "%v_407_read = read i32 @_ssdm_op_Read.ap_auto.i32, i32 %v_407"   --->   Operation 93 'read' 'v_407_read' <Predicate = true> <Delay = 0.00>
ST_1 : Operation 94 [1/1] (0.00ns)   --->   "%v_406_read = read i32 @_ssdm_op_Read.ap_auto.i32, i32 %v_406"   --->   Operation 94 'read' 'v_406_read' <Predicate = true> <Delay = 0.00>
ST_1 : Operation 95 [1/1] (0.00ns)   --->   "%v_405_read = read i32 @_ssdm_op_Read.ap_auto.i32, i32 %v_405"   --->   Operation 95 'read' 'v_405_read' <Predicate = true> <Delay = 0.00>
ST_1 : Operation 96 [1/1] (0.00ns)   --->   "%v_404_read = read i32 @_ssdm_op_Read.ap_auto.i32, i32 %v_404"   --->   Operation 96 'read' 'v_404_read' <Predicate = true> <Delay = 0.00>
ST_1 : Operation 97 [1/1] (0.00ns)   --->   "%v_403_read = read i32 @_ssdm_op_Read.ap_auto.i32, i32 %v_403"   --->   Operation 97 'read' 'v_403_read' <Predicate = true> <Delay = 0.00>
ST_1 : Operation 98 [1/1] (0.00ns)   --->   "%v_402_read = read i32 @_ssdm_op_Read.ap_auto.i32, i32 %v_402"   --->   Operation 98 'read' 'v_402_read' <Predicate = true> <Delay = 0.00>
ST_1 : Operation 99 [1/1] (0.00ns)   --->   "%v_401_read = read i32 @_ssdm_op_Read.ap_auto.i32, i32 %v_401"   --->   Operation 99 'read' 'v_401_read' <Predicate = true> <Delay = 0.00>
ST_1 : Operation 100 [1/1] (0.00ns)   --->   "%v_400_read = read i32 @_ssdm_op_Read.ap_auto.i32, i32 %v_400"   --->   Operation 100 'read' 'v_400_read' <Predicate = true> <Delay = 0.00>
ST_1 : Operation 101 [1/1] (0.00ns)   --->   "%v_399_read = read i32 @_ssdm_op_Read.ap_auto.i32, i32 %v_399"   --->   Operation 101 'read' 'v_399_read' <Predicate = true> <Delay = 0.00>
ST_1 : Operation 102 [1/1] (0.00ns)   --->   "%v_398_read = read i32 @_ssdm_op_Read.ap_auto.i32, i32 %v_398"   --->   Operation 102 'read' 'v_398_read' <Predicate = true> <Delay = 0.00>
ST_1 : Operation 103 [1/1] (0.00ns)   --->   "%v_397_read = read i32 @_ssdm_op_Read.ap_auto.i32, i32 %v_397"   --->   Operation 103 'read' 'v_397_read' <Predicate = true> <Delay = 0.00>
ST_1 : Operation 104 [1/1] (0.00ns)   --->   "%v_396_read = read i32 @_ssdm_op_Read.ap_auto.i32, i32 %v_396"   --->   Operation 104 'read' 'v_396_read' <Predicate = true> <Delay = 0.00>
ST_1 : Operation 105 [1/1] (0.00ns)   --->   "%v_395_read = read i32 @_ssdm_op_Read.ap_auto.i32, i32 %v_395"   --->   Operation 105 'read' 'v_395_read' <Predicate = true> <Delay = 0.00>
ST_1 : Operation 106 [1/1] (0.00ns)   --->   "%v_394_read = read i32 @_ssdm_op_Read.ap_auto.i32, i32 %v_394"   --->   Operation 106 'read' 'v_394_read' <Predicate = true> <Delay = 0.00>
ST_1 : Operation 107 [1/1] (0.00ns)   --->   "%v_393_read = read i32 @_ssdm_op_Read.ap_auto.i32, i32 %v_393"   --->   Operation 107 'read' 'v_393_read' <Predicate = true> <Delay = 0.00>
ST_1 : Operation 108 [1/1] (0.00ns)   --->   "%v_392_read = read i32 @_ssdm_op_Read.ap_auto.i32, i32 %v_392"   --->   Operation 108 'read' 'v_392_read' <Predicate = true> <Delay = 0.00>
ST_1 : Operation 109 [1/1] (0.00ns)   --->   "%v_391_read = read i32 @_ssdm_op_Read.ap_auto.i32, i32 %v_391"   --->   Operation 109 'read' 'v_391_read' <Predicate = true> <Delay = 0.00>
ST_1 : Operation 110 [1/1] (0.00ns)   --->   "%v_390_read = read i32 @_ssdm_op_Read.ap_auto.i32, i32 %v_390"   --->   Operation 110 'read' 'v_390_read' <Predicate = true> <Delay = 0.00>
ST_1 : Operation 111 [1/1] (0.00ns)   --->   "%v_389_read = read i32 @_ssdm_op_Read.ap_auto.i32, i32 %v_389"   --->   Operation 111 'read' 'v_389_read' <Predicate = true> <Delay = 0.00>
ST_1 : Operation 112 [1/1] (0.00ns)   --->   "%v_388_read = read i32 @_ssdm_op_Read.ap_auto.i32, i32 %v_388"   --->   Operation 112 'read' 'v_388_read' <Predicate = true> <Delay = 0.00>
ST_1 : Operation 113 [1/1] (0.00ns)   --->   "%v_387_read = read i32 @_ssdm_op_Read.ap_auto.i32, i32 %v_387"   --->   Operation 113 'read' 'v_387_read' <Predicate = true> <Delay = 0.00>
ST_1 : Operation 114 [1/1] (0.00ns)   --->   "%v_386_read = read i32 @_ssdm_op_Read.ap_auto.i32, i32 %v_386"   --->   Operation 114 'read' 'v_386_read' <Predicate = true> <Delay = 0.00>
ST_1 : Operation 115 [1/1] (0.00ns)   --->   "%v_385_read = read i32 @_ssdm_op_Read.ap_auto.i32, i32 %v_385"   --->   Operation 115 'read' 'v_385_read' <Predicate = true> <Delay = 0.00>
ST_1 : Operation 116 [1/1] (0.00ns)   --->   "%v_384_read = read i32 @_ssdm_op_Read.ap_auto.i32, i32 %v_384"   --->   Operation 116 'read' 'v_384_read' <Predicate = true> <Delay = 0.00>
ST_1 : Operation 117 [1/1] (0.00ns)   --->   "%v_383_read = read i32 @_ssdm_op_Read.ap_auto.i32, i32 %v_383"   --->   Operation 117 'read' 'v_383_read' <Predicate = true> <Delay = 0.00>
ST_1 : Operation 118 [1/1] (0.00ns)   --->   "%v_382_read = read i32 @_ssdm_op_Read.ap_auto.i32, i32 %v_382"   --->   Operation 118 'read' 'v_382_read' <Predicate = true> <Delay = 0.00>
ST_1 : Operation 119 [1/1] (0.00ns)   --->   "%v_381_read = read i32 @_ssdm_op_Read.ap_auto.i32, i32 %v_381"   --->   Operation 119 'read' 'v_381_read' <Predicate = true> <Delay = 0.00>
ST_1 : Operation 120 [1/1] (0.00ns)   --->   "%v_380_read = read i32 @_ssdm_op_Read.ap_auto.i32, i32 %v_380"   --->   Operation 120 'read' 'v_380_read' <Predicate = true> <Delay = 0.00>
ST_1 : Operation 121 [1/1] (0.00ns)   --->   "%v_379_read = read i32 @_ssdm_op_Read.ap_auto.i32, i32 %v_379"   --->   Operation 121 'read' 'v_379_read' <Predicate = true> <Delay = 0.00>
ST_1 : Operation 122 [1/1] (0.00ns)   --->   "%v_378_read = read i32 @_ssdm_op_Read.ap_auto.i32, i32 %v_378"   --->   Operation 122 'read' 'v_378_read' <Predicate = true> <Delay = 0.00>
ST_1 : Operation 123 [1/1] (0.00ns)   --->   "%v_377_read = read i32 @_ssdm_op_Read.ap_auto.i32, i32 %v_377"   --->   Operation 123 'read' 'v_377_read' <Predicate = true> <Delay = 0.00>
ST_1 : Operation 124 [1/1] (0.00ns)   --->   "%v_376_read = read i32 @_ssdm_op_Read.ap_auto.i32, i32 %v_376"   --->   Operation 124 'read' 'v_376_read' <Predicate = true> <Delay = 0.00>
ST_1 : Operation 125 [1/1] (0.00ns)   --->   "%v_375_read = read i32 @_ssdm_op_Read.ap_auto.i32, i32 %v_375"   --->   Operation 125 'read' 'v_375_read' <Predicate = true> <Delay = 0.00>
ST_1 : Operation 126 [1/1] (0.00ns)   --->   "%v_374_read = read i32 @_ssdm_op_Read.ap_auto.i32, i32 %v_374"   --->   Operation 126 'read' 'v_374_read' <Predicate = true> <Delay = 0.00>
ST_1 : Operation 127 [1/1] (0.00ns)   --->   "%v_373_read = read i32 @_ssdm_op_Read.ap_auto.i32, i32 %v_373"   --->   Operation 127 'read' 'v_373_read' <Predicate = true> <Delay = 0.00>
ST_1 : Operation 128 [1/1] (0.00ns)   --->   "%v_372_read = read i32 @_ssdm_op_Read.ap_auto.i32, i32 %v_372"   --->   Operation 128 'read' 'v_372_read' <Predicate = true> <Delay = 0.00>
ST_1 : Operation 129 [1/1] (0.00ns)   --->   "%v_371_read = read i32 @_ssdm_op_Read.ap_auto.i32, i32 %v_371"   --->   Operation 129 'read' 'v_371_read' <Predicate = true> <Delay = 0.00>
ST_1 : Operation 130 [1/1] (0.00ns)   --->   "%v_370_read = read i32 @_ssdm_op_Read.ap_auto.i32, i32 %v_370"   --->   Operation 130 'read' 'v_370_read' <Predicate = true> <Delay = 0.00>
ST_1 : Operation 131 [1/1] (0.00ns)   --->   "%v_369_read = read i32 @_ssdm_op_Read.ap_auto.i32, i32 %v_369"   --->   Operation 131 'read' 'v_369_read' <Predicate = true> <Delay = 0.00>
ST_1 : Operation 132 [1/1] (0.00ns)   --->   "%v_368_read = read i32 @_ssdm_op_Read.ap_auto.i32, i32 %v_368"   --->   Operation 132 'read' 'v_368_read' <Predicate = true> <Delay = 0.00>
ST_1 : Operation 133 [1/1] (0.00ns)   --->   "%v_367_read = read i32 @_ssdm_op_Read.ap_auto.i32, i32 %v_367"   --->   Operation 133 'read' 'v_367_read' <Predicate = true> <Delay = 0.00>
ST_1 : Operation 134 [1/1] (0.00ns)   --->   "%v_366_read = read i32 @_ssdm_op_Read.ap_auto.i32, i32 %v_366"   --->   Operation 134 'read' 'v_366_read' <Predicate = true> <Delay = 0.00>
ST_1 : Operation 135 [1/1] (0.00ns)   --->   "%v_365_read = read i32 @_ssdm_op_Read.ap_auto.i32, i32 %v_365"   --->   Operation 135 'read' 'v_365_read' <Predicate = true> <Delay = 0.00>
ST_1 : Operation 136 [1/1] (0.00ns)   --->   "%v_364_read = read i32 @_ssdm_op_Read.ap_auto.i32, i32 %v_364"   --->   Operation 136 'read' 'v_364_read' <Predicate = true> <Delay = 0.00>
ST_1 : Operation 137 [1/1] (0.00ns)   --->   "%v_363_read = read i32 @_ssdm_op_Read.ap_auto.i32, i32 %v_363"   --->   Operation 137 'read' 'v_363_read' <Predicate = true> <Delay = 0.00>
ST_1 : Operation 138 [1/1] (0.00ns)   --->   "%v_362_read = read i32 @_ssdm_op_Read.ap_auto.i32, i32 %v_362"   --->   Operation 138 'read' 'v_362_read' <Predicate = true> <Delay = 0.00>
ST_1 : Operation 139 [1/1] (0.00ns)   --->   "%v_361_read = read i32 @_ssdm_op_Read.ap_auto.i32, i32 %v_361"   --->   Operation 139 'read' 'v_361_read' <Predicate = true> <Delay = 0.00>
ST_1 : Operation 140 [1/1] (0.00ns)   --->   "%v_360_read = read i32 @_ssdm_op_Read.ap_auto.i32, i32 %v_360"   --->   Operation 140 'read' 'v_360_read' <Predicate = true> <Delay = 0.00>
ST_1 : Operation 141 [1/1] (0.00ns)   --->   "%v_359_read = read i32 @_ssdm_op_Read.ap_auto.i32, i32 %v_359"   --->   Operation 141 'read' 'v_359_read' <Predicate = true> <Delay = 0.00>
ST_1 : Operation 142 [1/1] (0.00ns)   --->   "%v_358_read = read i32 @_ssdm_op_Read.ap_auto.i32, i32 %v_358"   --->   Operation 142 'read' 'v_358_read' <Predicate = true> <Delay = 0.00>
ST_1 : Operation 143 [1/1] (0.00ns)   --->   "%v_357_read = read i32 @_ssdm_op_Read.ap_auto.i32, i32 %v_357"   --->   Operation 143 'read' 'v_357_read' <Predicate = true> <Delay = 0.00>
ST_1 : Operation 144 [1/1] (0.00ns)   --->   "%v_356_read = read i32 @_ssdm_op_Read.ap_auto.i32, i32 %v_356"   --->   Operation 144 'read' 'v_356_read' <Predicate = true> <Delay = 0.00>
ST_1 : Operation 145 [1/1] (0.00ns)   --->   "%v_355_read = read i32 @_ssdm_op_Read.ap_auto.i32, i32 %v_355"   --->   Operation 145 'read' 'v_355_read' <Predicate = true> <Delay = 0.00>
ST_1 : Operation 146 [1/1] (0.00ns)   --->   "%v_354_read = read i32 @_ssdm_op_Read.ap_auto.i32, i32 %v_354"   --->   Operation 146 'read' 'v_354_read' <Predicate = true> <Delay = 0.00>
ST_1 : Operation 147 [1/1] (0.00ns)   --->   "%v_353_read = read i32 @_ssdm_op_Read.ap_auto.i32, i32 %v_353"   --->   Operation 147 'read' 'v_353_read' <Predicate = true> <Delay = 0.00>
ST_1 : Operation 148 [1/1] (0.00ns)   --->   "%v_352_read = read i32 @_ssdm_op_Read.ap_auto.i32, i32 %v_352"   --->   Operation 148 'read' 'v_352_read' <Predicate = true> <Delay = 0.00>
ST_1 : Operation 149 [1/1] (0.00ns)   --->   "%v_351_read = read i32 @_ssdm_op_Read.ap_auto.i32, i32 %v_351"   --->   Operation 149 'read' 'v_351_read' <Predicate = true> <Delay = 0.00>
ST_1 : Operation 150 [1/1] (0.00ns)   --->   "%v_350_read = read i32 @_ssdm_op_Read.ap_auto.i32, i32 %v_350"   --->   Operation 150 'read' 'v_350_read' <Predicate = true> <Delay = 0.00>
ST_1 : Operation 151 [1/1] (0.00ns)   --->   "%v_349_read = read i32 @_ssdm_op_Read.ap_auto.i32, i32 %v_349"   --->   Operation 151 'read' 'v_349_read' <Predicate = true> <Delay = 0.00>
ST_1 : Operation 152 [1/1] (0.00ns)   --->   "%v_348_read = read i32 @_ssdm_op_Read.ap_auto.i32, i32 %v_348"   --->   Operation 152 'read' 'v_348_read' <Predicate = true> <Delay = 0.00>
ST_1 : Operation 153 [1/1] (0.00ns)   --->   "%v_347_read = read i32 @_ssdm_op_Read.ap_auto.i32, i32 %v_347"   --->   Operation 153 'read' 'v_347_read' <Predicate = true> <Delay = 0.00>
ST_1 : Operation 154 [1/1] (0.00ns)   --->   "%v_346_read = read i32 @_ssdm_op_Read.ap_auto.i32, i32 %v_346"   --->   Operation 154 'read' 'v_346_read' <Predicate = true> <Delay = 0.00>
ST_1 : Operation 155 [1/1] (0.00ns)   --->   "%v_345_read = read i32 @_ssdm_op_Read.ap_auto.i32, i32 %v_345"   --->   Operation 155 'read' 'v_345_read' <Predicate = true> <Delay = 0.00>
ST_1 : Operation 156 [1/1] (0.00ns)   --->   "%v_344_read = read i32 @_ssdm_op_Read.ap_auto.i32, i32 %v_344"   --->   Operation 156 'read' 'v_344_read' <Predicate = true> <Delay = 0.00>
ST_1 : Operation 157 [1/1] (0.00ns)   --->   "%v_343_read = read i32 @_ssdm_op_Read.ap_auto.i32, i32 %v_343"   --->   Operation 157 'read' 'v_343_read' <Predicate = true> <Delay = 0.00>
ST_1 : Operation 158 [1/1] (0.00ns)   --->   "%v_342_read = read i32 @_ssdm_op_Read.ap_auto.i32, i32 %v_342"   --->   Operation 158 'read' 'v_342_read' <Predicate = true> <Delay = 0.00>
ST_1 : Operation 159 [1/1] (0.00ns)   --->   "%v_341_read = read i32 @_ssdm_op_Read.ap_auto.i32, i32 %v_341"   --->   Operation 159 'read' 'v_341_read' <Predicate = true> <Delay = 0.00>
ST_1 : Operation 160 [1/1] (0.00ns)   --->   "%v_340_read = read i32 @_ssdm_op_Read.ap_auto.i32, i32 %v_340"   --->   Operation 160 'read' 'v_340_read' <Predicate = true> <Delay = 0.00>
ST_1 : Operation 161 [1/1] (0.00ns)   --->   "%v_339_read = read i32 @_ssdm_op_Read.ap_auto.i32, i32 %v_339"   --->   Operation 161 'read' 'v_339_read' <Predicate = true> <Delay = 0.00>
ST_1 : Operation 162 [1/1] (0.00ns)   --->   "%v_338_read = read i32 @_ssdm_op_Read.ap_auto.i32, i32 %v_338"   --->   Operation 162 'read' 'v_338_read' <Predicate = true> <Delay = 0.00>
ST_1 : Operation 163 [1/1] (0.00ns)   --->   "%v_337_read = read i32 @_ssdm_op_Read.ap_auto.i32, i32 %v_337"   --->   Operation 163 'read' 'v_337_read' <Predicate = true> <Delay = 0.00>
ST_1 : Operation 164 [1/1] (0.00ns)   --->   "%v_336_read = read i32 @_ssdm_op_Read.ap_auto.i32, i32 %v_336"   --->   Operation 164 'read' 'v_336_read' <Predicate = true> <Delay = 0.00>
ST_1 : Operation 165 [1/1] (0.00ns)   --->   "%v_335_read = read i32 @_ssdm_op_Read.ap_auto.i32, i32 %v_335"   --->   Operation 165 'read' 'v_335_read' <Predicate = true> <Delay = 0.00>
ST_1 : Operation 166 [1/1] (0.00ns)   --->   "%v_334_read = read i32 @_ssdm_op_Read.ap_auto.i32, i32 %v_334"   --->   Operation 166 'read' 'v_334_read' <Predicate = true> <Delay = 0.00>
ST_1 : Operation 167 [1/1] (0.00ns)   --->   "%v_333_read = read i32 @_ssdm_op_Read.ap_auto.i32, i32 %v_333"   --->   Operation 167 'read' 'v_333_read' <Predicate = true> <Delay = 0.00>
ST_1 : Operation 168 [1/1] (0.00ns)   --->   "%v_332_read = read i32 @_ssdm_op_Read.ap_auto.i32, i32 %v_332"   --->   Operation 168 'read' 'v_332_read' <Predicate = true> <Delay = 0.00>
ST_1 : Operation 169 [1/1] (0.00ns)   --->   "%v_331_read = read i32 @_ssdm_op_Read.ap_auto.i32, i32 %v_331"   --->   Operation 169 'read' 'v_331_read' <Predicate = true> <Delay = 0.00>
ST_1 : Operation 170 [1/1] (0.00ns)   --->   "%v_330_read = read i32 @_ssdm_op_Read.ap_auto.i32, i32 %v_330"   --->   Operation 170 'read' 'v_330_read' <Predicate = true> <Delay = 0.00>
ST_1 : Operation 171 [1/1] (0.00ns)   --->   "%v_329_read = read i32 @_ssdm_op_Read.ap_auto.i32, i32 %v_329"   --->   Operation 171 'read' 'v_329_read' <Predicate = true> <Delay = 0.00>
ST_1 : Operation 172 [1/1] (0.00ns)   --->   "%v_328_read = read i32 @_ssdm_op_Read.ap_auto.i32, i32 %v_328"   --->   Operation 172 'read' 'v_328_read' <Predicate = true> <Delay = 0.00>
ST_1 : Operation 173 [1/1] (0.00ns)   --->   "%v_327_read = read i32 @_ssdm_op_Read.ap_auto.i32, i32 %v_327"   --->   Operation 173 'read' 'v_327_read' <Predicate = true> <Delay = 0.00>
ST_1 : Operation 174 [1/1] (0.00ns)   --->   "%v_326_read = read i32 @_ssdm_op_Read.ap_auto.i32, i32 %v_326"   --->   Operation 174 'read' 'v_326_read' <Predicate = true> <Delay = 0.00>
ST_1 : Operation 175 [1/1] (0.00ns)   --->   "%v_325_read = read i32 @_ssdm_op_Read.ap_auto.i32, i32 %v_325"   --->   Operation 175 'read' 'v_325_read' <Predicate = true> <Delay = 0.00>
ST_1 : Operation 176 [1/1] (0.00ns)   --->   "%v_324_read = read i32 @_ssdm_op_Read.ap_auto.i32, i32 %v_324"   --->   Operation 176 'read' 'v_324_read' <Predicate = true> <Delay = 0.00>
ST_1 : Operation 177 [1/1] (0.00ns)   --->   "%v_323_read = read i32 @_ssdm_op_Read.ap_auto.i32, i32 %v_323"   --->   Operation 177 'read' 'v_323_read' <Predicate = true> <Delay = 0.00>
ST_1 : Operation 178 [1/1] (0.00ns)   --->   "%v_322_read = read i32 @_ssdm_op_Read.ap_auto.i32, i32 %v_322"   --->   Operation 178 'read' 'v_322_read' <Predicate = true> <Delay = 0.00>
ST_1 : Operation 179 [1/1] (0.00ns)   --->   "%v_321_read = read i32 @_ssdm_op_Read.ap_auto.i32, i32 %v_321"   --->   Operation 179 'read' 'v_321_read' <Predicate = true> <Delay = 0.00>
ST_1 : Operation 180 [1/1] (0.00ns)   --->   "%v_320_read = read i32 @_ssdm_op_Read.ap_auto.i32, i32 %v_320"   --->   Operation 180 'read' 'v_320_read' <Predicate = true> <Delay = 0.00>
ST_1 : Operation 181 [1/1] (0.00ns)   --->   "%v_319_read = read i32 @_ssdm_op_Read.ap_auto.i32, i32 %v_319"   --->   Operation 181 'read' 'v_319_read' <Predicate = true> <Delay = 0.00>
ST_1 : Operation 182 [1/1] (0.00ns)   --->   "%v_318_read = read i32 @_ssdm_op_Read.ap_auto.i32, i32 %v_318"   --->   Operation 182 'read' 'v_318_read' <Predicate = true> <Delay = 0.00>
ST_1 : Operation 183 [1/1] (0.00ns)   --->   "%v_317_read = read i32 @_ssdm_op_Read.ap_auto.i32, i32 %v_317"   --->   Operation 183 'read' 'v_317_read' <Predicate = true> <Delay = 0.00>
ST_1 : Operation 184 [1/1] (0.00ns)   --->   "%v_316_read = read i32 @_ssdm_op_Read.ap_auto.i32, i32 %v_316"   --->   Operation 184 'read' 'v_316_read' <Predicate = true> <Delay = 0.00>
ST_1 : Operation 185 [1/1] (0.00ns)   --->   "%v_315_read = read i32 @_ssdm_op_Read.ap_auto.i32, i32 %v_315"   --->   Operation 185 'read' 'v_315_read' <Predicate = true> <Delay = 0.00>
ST_1 : Operation 186 [1/1] (0.00ns)   --->   "%v_314_read = read i32 @_ssdm_op_Read.ap_auto.i32, i32 %v_314"   --->   Operation 186 'read' 'v_314_read' <Predicate = true> <Delay = 0.00>
ST_1 : Operation 187 [1/1] (0.00ns)   --->   "%v_313_read = read i32 @_ssdm_op_Read.ap_auto.i32, i32 %v_313"   --->   Operation 187 'read' 'v_313_read' <Predicate = true> <Delay = 0.00>
ST_1 : Operation 188 [1/1] (0.00ns)   --->   "%v_312_read = read i32 @_ssdm_op_Read.ap_auto.i32, i32 %v_312"   --->   Operation 188 'read' 'v_312_read' <Predicate = true> <Delay = 0.00>
ST_1 : Operation 189 [1/1] (0.00ns)   --->   "%v_311_read = read i32 @_ssdm_op_Read.ap_auto.i32, i32 %v_311"   --->   Operation 189 'read' 'v_311_read' <Predicate = true> <Delay = 0.00>
ST_1 : Operation 190 [1/1] (0.00ns)   --->   "%v_310_read = read i32 @_ssdm_op_Read.ap_auto.i32, i32 %v_310"   --->   Operation 190 'read' 'v_310_read' <Predicate = true> <Delay = 0.00>
ST_1 : Operation 191 [1/1] (0.00ns)   --->   "%v_309_read = read i32 @_ssdm_op_Read.ap_auto.i32, i32 %v_309"   --->   Operation 191 'read' 'v_309_read' <Predicate = true> <Delay = 0.00>
ST_1 : Operation 192 [1/1] (0.00ns)   --->   "%v_308_read = read i32 @_ssdm_op_Read.ap_auto.i32, i32 %v_308"   --->   Operation 192 'read' 'v_308_read' <Predicate = true> <Delay = 0.00>
ST_1 : Operation 193 [1/1] (0.00ns)   --->   "%v_307_read = read i32 @_ssdm_op_Read.ap_auto.i32, i32 %v_307"   --->   Operation 193 'read' 'v_307_read' <Predicate = true> <Delay = 0.00>
ST_1 : Operation 194 [1/1] (0.00ns)   --->   "%v_306_read = read i32 @_ssdm_op_Read.ap_auto.i32, i32 %v_306"   --->   Operation 194 'read' 'v_306_read' <Predicate = true> <Delay = 0.00>
ST_1 : Operation 195 [1/1] (0.00ns)   --->   "%v_305_read = read i32 @_ssdm_op_Read.ap_auto.i32, i32 %v_305"   --->   Operation 195 'read' 'v_305_read' <Predicate = true> <Delay = 0.00>
ST_1 : Operation 196 [1/1] (0.00ns)   --->   "%v_304_read = read i32 @_ssdm_op_Read.ap_auto.i32, i32 %v_304"   --->   Operation 196 'read' 'v_304_read' <Predicate = true> <Delay = 0.00>
ST_1 : Operation 197 [1/1] (0.00ns)   --->   "%v_303_read = read i32 @_ssdm_op_Read.ap_auto.i32, i32 %v_303"   --->   Operation 197 'read' 'v_303_read' <Predicate = true> <Delay = 0.00>
ST_1 : Operation 198 [1/1] (0.00ns)   --->   "%v_302_read = read i32 @_ssdm_op_Read.ap_auto.i32, i32 %v_302"   --->   Operation 198 'read' 'v_302_read' <Predicate = true> <Delay = 0.00>
ST_1 : Operation 199 [1/1] (0.00ns)   --->   "%v_301_read = read i32 @_ssdm_op_Read.ap_auto.i32, i32 %v_301"   --->   Operation 199 'read' 'v_301_read' <Predicate = true> <Delay = 0.00>
ST_1 : Operation 200 [1/1] (0.00ns)   --->   "%v_300_read = read i32 @_ssdm_op_Read.ap_auto.i32, i32 %v_300"   --->   Operation 200 'read' 'v_300_read' <Predicate = true> <Delay = 0.00>
ST_1 : Operation 201 [1/1] (0.00ns)   --->   "%v_299_read = read i32 @_ssdm_op_Read.ap_auto.i32, i32 %v_299"   --->   Operation 201 'read' 'v_299_read' <Predicate = true> <Delay = 0.00>
ST_1 : Operation 202 [1/1] (0.00ns)   --->   "%v_298_read = read i32 @_ssdm_op_Read.ap_auto.i32, i32 %v_298"   --->   Operation 202 'read' 'v_298_read' <Predicate = true> <Delay = 0.00>
ST_1 : Operation 203 [1/1] (0.00ns)   --->   "%v_297_read = read i32 @_ssdm_op_Read.ap_auto.i32, i32 %v_297"   --->   Operation 203 'read' 'v_297_read' <Predicate = true> <Delay = 0.00>
ST_1 : Operation 204 [1/1] (0.00ns)   --->   "%v_296_read = read i32 @_ssdm_op_Read.ap_auto.i32, i32 %v_296"   --->   Operation 204 'read' 'v_296_read' <Predicate = true> <Delay = 0.00>
ST_1 : Operation 205 [1/1] (0.00ns)   --->   "%v_295_read = read i32 @_ssdm_op_Read.ap_auto.i32, i32 %v_295"   --->   Operation 205 'read' 'v_295_read' <Predicate = true> <Delay = 0.00>
ST_1 : Operation 206 [1/1] (0.00ns)   --->   "%v_294_read = read i32 @_ssdm_op_Read.ap_auto.i32, i32 %v_294"   --->   Operation 206 'read' 'v_294_read' <Predicate = true> <Delay = 0.00>
ST_1 : Operation 207 [1/1] (0.00ns)   --->   "%v_293_read = read i32 @_ssdm_op_Read.ap_auto.i32, i32 %v_293"   --->   Operation 207 'read' 'v_293_read' <Predicate = true> <Delay = 0.00>
ST_1 : Operation 208 [1/1] (0.00ns)   --->   "%v_292_read = read i32 @_ssdm_op_Read.ap_auto.i32, i32 %v_292"   --->   Operation 208 'read' 'v_292_read' <Predicate = true> <Delay = 0.00>
ST_1 : Operation 209 [1/1] (0.00ns)   --->   "%v_291_read = read i32 @_ssdm_op_Read.ap_auto.i32, i32 %v_291"   --->   Operation 209 'read' 'v_291_read' <Predicate = true> <Delay = 0.00>
ST_1 : Operation 210 [1/1] (0.00ns)   --->   "%v_290_read = read i32 @_ssdm_op_Read.ap_auto.i32, i32 %v_290"   --->   Operation 210 'read' 'v_290_read' <Predicate = true> <Delay = 0.00>
ST_1 : Operation 211 [1/1] (0.00ns)   --->   "%v_289_read = read i32 @_ssdm_op_Read.ap_auto.i32, i32 %v_289"   --->   Operation 211 'read' 'v_289_read' <Predicate = true> <Delay = 0.00>
ST_1 : Operation 212 [1/1] (0.00ns)   --->   "%v_288_read = read i32 @_ssdm_op_Read.ap_auto.i32, i32 %v_288"   --->   Operation 212 'read' 'v_288_read' <Predicate = true> <Delay = 0.00>
ST_1 : Operation 213 [1/1] (0.00ns)   --->   "%v_287_read = read i32 @_ssdm_op_Read.ap_auto.i32, i32 %v_287"   --->   Operation 213 'read' 'v_287_read' <Predicate = true> <Delay = 0.00>
ST_1 : Operation 214 [1/1] (0.00ns)   --->   "%v_286_read = read i32 @_ssdm_op_Read.ap_auto.i32, i32 %v_286"   --->   Operation 214 'read' 'v_286_read' <Predicate = true> <Delay = 0.00>
ST_1 : Operation 215 [1/1] (0.00ns)   --->   "%v_285_read = read i32 @_ssdm_op_Read.ap_auto.i32, i32 %v_285"   --->   Operation 215 'read' 'v_285_read' <Predicate = true> <Delay = 0.00>
ST_1 : Operation 216 [1/1] (0.00ns)   --->   "%v_284_read = read i32 @_ssdm_op_Read.ap_auto.i32, i32 %v_284"   --->   Operation 216 'read' 'v_284_read' <Predicate = true> <Delay = 0.00>
ST_1 : Operation 217 [1/1] (0.00ns)   --->   "%v_283_read = read i32 @_ssdm_op_Read.ap_auto.i32, i32 %v_283"   --->   Operation 217 'read' 'v_283_read' <Predicate = true> <Delay = 0.00>
ST_1 : Operation 218 [1/1] (0.00ns)   --->   "%v_282_read = read i32 @_ssdm_op_Read.ap_auto.i32, i32 %v_282"   --->   Operation 218 'read' 'v_282_read' <Predicate = true> <Delay = 0.00>
ST_1 : Operation 219 [1/1] (0.00ns)   --->   "%v_281_read = read i32 @_ssdm_op_Read.ap_auto.i32, i32 %v_281"   --->   Operation 219 'read' 'v_281_read' <Predicate = true> <Delay = 0.00>
ST_1 : Operation 220 [1/1] (0.00ns)   --->   "%v_280_read = read i32 @_ssdm_op_Read.ap_auto.i32, i32 %v_280"   --->   Operation 220 'read' 'v_280_read' <Predicate = true> <Delay = 0.00>
ST_1 : Operation 221 [1/1] (0.00ns)   --->   "%v_279_read = read i32 @_ssdm_op_Read.ap_auto.i32, i32 %v_279"   --->   Operation 221 'read' 'v_279_read' <Predicate = true> <Delay = 0.00>
ST_1 : Operation 222 [1/1] (0.00ns)   --->   "%v_278_read = read i32 @_ssdm_op_Read.ap_auto.i32, i32 %v_278"   --->   Operation 222 'read' 'v_278_read' <Predicate = true> <Delay = 0.00>
ST_1 : Operation 223 [1/1] (0.00ns)   --->   "%v_277_read = read i32 @_ssdm_op_Read.ap_auto.i32, i32 %v_277"   --->   Operation 223 'read' 'v_277_read' <Predicate = true> <Delay = 0.00>
ST_1 : Operation 224 [1/1] (0.00ns)   --->   "%v_276_read = read i32 @_ssdm_op_Read.ap_auto.i32, i32 %v_276"   --->   Operation 224 'read' 'v_276_read' <Predicate = true> <Delay = 0.00>
ST_1 : Operation 225 [1/1] (0.00ns)   --->   "%v_275_read = read i32 @_ssdm_op_Read.ap_auto.i32, i32 %v_275"   --->   Operation 225 'read' 'v_275_read' <Predicate = true> <Delay = 0.00>
ST_1 : Operation 226 [1/1] (0.00ns)   --->   "%v_274_read = read i32 @_ssdm_op_Read.ap_auto.i32, i32 %v_274"   --->   Operation 226 'read' 'v_274_read' <Predicate = true> <Delay = 0.00>
ST_1 : Operation 227 [1/1] (0.00ns)   --->   "%v_273_read = read i32 @_ssdm_op_Read.ap_auto.i32, i32 %v_273"   --->   Operation 227 'read' 'v_273_read' <Predicate = true> <Delay = 0.00>
ST_1 : Operation 228 [1/1] (0.00ns)   --->   "%v_272_read = read i32 @_ssdm_op_Read.ap_auto.i32, i32 %v_272"   --->   Operation 228 'read' 'v_272_read' <Predicate = true> <Delay = 0.00>
ST_1 : Operation 229 [1/1] (0.00ns)   --->   "%v_271_read = read i32 @_ssdm_op_Read.ap_auto.i32, i32 %v_271"   --->   Operation 229 'read' 'v_271_read' <Predicate = true> <Delay = 0.00>
ST_1 : Operation 230 [1/1] (0.00ns)   --->   "%v_270_read = read i32 @_ssdm_op_Read.ap_auto.i32, i32 %v_270"   --->   Operation 230 'read' 'v_270_read' <Predicate = true> <Delay = 0.00>
ST_1 : Operation 231 [1/1] (0.00ns)   --->   "%v_269_read = read i32 @_ssdm_op_Read.ap_auto.i32, i32 %v_269"   --->   Operation 231 'read' 'v_269_read' <Predicate = true> <Delay = 0.00>
ST_1 : Operation 232 [1/1] (0.00ns)   --->   "%v_268_read = read i32 @_ssdm_op_Read.ap_auto.i32, i32 %v_268"   --->   Operation 232 'read' 'v_268_read' <Predicate = true> <Delay = 0.00>
ST_1 : Operation 233 [1/1] (0.00ns)   --->   "%v_267_read = read i32 @_ssdm_op_Read.ap_auto.i32, i32 %v_267"   --->   Operation 233 'read' 'v_267_read' <Predicate = true> <Delay = 0.00>
ST_1 : Operation 234 [1/1] (0.00ns)   --->   "%v_266_read = read i32 @_ssdm_op_Read.ap_auto.i32, i32 %v_266"   --->   Operation 234 'read' 'v_266_read' <Predicate = true> <Delay = 0.00>
ST_1 : Operation 235 [1/1] (0.00ns)   --->   "%v_265_read = read i32 @_ssdm_op_Read.ap_auto.i32, i32 %v_265"   --->   Operation 235 'read' 'v_265_read' <Predicate = true> <Delay = 0.00>
ST_1 : Operation 236 [1/1] (0.00ns)   --->   "%v_264_read = read i32 @_ssdm_op_Read.ap_auto.i32, i32 %v_264"   --->   Operation 236 'read' 'v_264_read' <Predicate = true> <Delay = 0.00>
ST_1 : Operation 237 [1/1] (0.00ns)   --->   "%v_263_read = read i32 @_ssdm_op_Read.ap_auto.i32, i32 %v_263"   --->   Operation 237 'read' 'v_263_read' <Predicate = true> <Delay = 0.00>
ST_1 : Operation 238 [1/1] (0.00ns)   --->   "%v_262_read = read i32 @_ssdm_op_Read.ap_auto.i32, i32 %v_262"   --->   Operation 238 'read' 'v_262_read' <Predicate = true> <Delay = 0.00>
ST_1 : Operation 239 [1/1] (0.00ns)   --->   "%v_261_read = read i32 @_ssdm_op_Read.ap_auto.i32, i32 %v_261"   --->   Operation 239 'read' 'v_261_read' <Predicate = true> <Delay = 0.00>
ST_1 : Operation 240 [1/1] (0.00ns)   --->   "%v_260_read = read i32 @_ssdm_op_Read.ap_auto.i32, i32 %v_260"   --->   Operation 240 'read' 'v_260_read' <Predicate = true> <Delay = 0.00>
ST_1 : Operation 241 [1/1] (0.00ns)   --->   "%v_259_read = read i32 @_ssdm_op_Read.ap_auto.i32, i32 %v_259"   --->   Operation 241 'read' 'v_259_read' <Predicate = true> <Delay = 0.00>
ST_1 : Operation 242 [1/1] (0.00ns)   --->   "%v_258_read = read i32 @_ssdm_op_Read.ap_auto.i32, i32 %v_258"   --->   Operation 242 'read' 'v_258_read' <Predicate = true> <Delay = 0.00>
ST_1 : Operation 243 [1/1] (0.00ns)   --->   "%v_257_read = read i32 @_ssdm_op_Read.ap_auto.i32, i32 %v_257"   --->   Operation 243 'read' 'v_257_read' <Predicate = true> <Delay = 0.00>
ST_1 : Operation 244 [1/1] (0.00ns)   --->   "%v_256_read = read i32 @_ssdm_op_Read.ap_auto.i32, i32 %v_256"   --->   Operation 244 'read' 'v_256_read' <Predicate = true> <Delay = 0.00>
ST_1 : Operation 245 [1/1] (0.00ns)   --->   "%v_479_read = read i32 @_ssdm_op_Read.ap_auto.i32, i32 %v_479"   --->   Operation 245 'read' 'v_479_read' <Predicate = true> <Delay = 0.00>
ST_1 : Operation 246 [1/1] (0.00ns)   --->   "%v_478_read = read i32 @_ssdm_op_Read.ap_auto.i32, i32 %v_478"   --->   Operation 246 'read' 'v_478_read' <Predicate = true> <Delay = 0.00>
ST_1 : Operation 247 [1/1] (0.00ns)   --->   "%v_14_read = read i32 @_ssdm_op_Read.ap_auto.i32, i32 %v_14"   --->   Operation 247 'read' 'v_14_read' <Predicate = true> <Delay = 0.00>
ST_1 : Operation 248 [1/1] (0.00ns)   --->   "%v_507_read = read i32 @_ssdm_op_Read.ap_auto.i32, i32 %v_507"   --->   Operation 248 'read' 'v_507_read' <Predicate = true> <Delay = 0.00>
ST_1 : Operation 249 [1/1] (0.00ns)   --->   "%v_506_read = read i32 @_ssdm_op_Read.ap_auto.i32, i32 %v_506"   --->   Operation 249 'read' 'v_506_read' <Predicate = true> <Delay = 0.00>
ST_1 : Operation 250 [1/1] (0.00ns)   --->   "%v_505_read = read i32 @_ssdm_op_Read.ap_auto.i32, i32 %v_505"   --->   Operation 250 'read' 'v_505_read' <Predicate = true> <Delay = 0.00>
ST_1 : Operation 251 [1/1] (0.00ns)   --->   "%v_504_read = read i32 @_ssdm_op_Read.ap_auto.i32, i32 %v_504"   --->   Operation 251 'read' 'v_504_read' <Predicate = true> <Delay = 0.00>
ST_1 : Operation 252 [1/1] (0.00ns)   --->   "%v_503_read = read i32 @_ssdm_op_Read.ap_auto.i32, i32 %v_503"   --->   Operation 252 'read' 'v_503_read' <Predicate = true> <Delay = 0.00>
ST_1 : Operation 253 [1/1] (0.00ns)   --->   "%v_502_read = read i32 @_ssdm_op_Read.ap_auto.i32, i32 %v_502"   --->   Operation 253 'read' 'v_502_read' <Predicate = true> <Delay = 0.00>
ST_1 : Operation 254 [1/1] (0.00ns)   --->   "%v_501_read = read i32 @_ssdm_op_Read.ap_auto.i32, i32 %v_501"   --->   Operation 254 'read' 'v_501_read' <Predicate = true> <Delay = 0.00>
ST_1 : Operation 255 [1/1] (0.00ns)   --->   "%v_500_read = read i32 @_ssdm_op_Read.ap_auto.i32, i32 %v_500"   --->   Operation 255 'read' 'v_500_read' <Predicate = true> <Delay = 0.00>
ST_1 : Operation 256 [1/1] (0.00ns)   --->   "%v_499_read = read i32 @_ssdm_op_Read.ap_auto.i32, i32 %v_499"   --->   Operation 256 'read' 'v_499_read' <Predicate = true> <Delay = 0.00>
ST_1 : Operation 257 [1/1] (0.00ns)   --->   "%v_498_read = read i32 @_ssdm_op_Read.ap_auto.i32, i32 %v_498"   --->   Operation 257 'read' 'v_498_read' <Predicate = true> <Delay = 0.00>
ST_1 : Operation 258 [1/1] (0.00ns)   --->   "%v_497_read = read i32 @_ssdm_op_Read.ap_auto.i32, i32 %v_497"   --->   Operation 258 'read' 'v_497_read' <Predicate = true> <Delay = 0.00>
ST_1 : Operation 259 [1/1] (0.00ns)   --->   "%v_496_read = read i32 @_ssdm_op_Read.ap_auto.i32, i32 %v_496"   --->   Operation 259 'read' 'v_496_read' <Predicate = true> <Delay = 0.00>
ST_1 : Operation 260 [1/1] (0.00ns)   --->   "%v_495_read = read i32 @_ssdm_op_Read.ap_auto.i32, i32 %v_495"   --->   Operation 260 'read' 'v_495_read' <Predicate = true> <Delay = 0.00>
ST_1 : Operation 261 [1/1] (0.00ns)   --->   "%v_494_read = read i32 @_ssdm_op_Read.ap_auto.i32, i32 %v_494"   --->   Operation 261 'read' 'v_494_read' <Predicate = true> <Delay = 0.00>
ST_1 : Operation 262 [1/1] (0.00ns)   --->   "%v_read = read i32 @_ssdm_op_Read.ap_auto.i32, i32 %v"   --->   Operation 262 'read' 'v_read' <Predicate = true> <Delay = 0.00>
ST_1 : Operation 263 [1/1] (0.00ns)   --->   "%sext_ln202_read = read i58 @_ssdm_op_Read.ap_auto.i58, i58 %sext_ln202"   --->   Operation 263 'read' 'sext_ln202_read' <Predicate = true> <Delay = 0.00>
ST_1 : Operation 264 [1/1] (0.00ns)   --->   "%sext_ln202_cast = sext i58 %sext_ln202_read"   --->   Operation 264 'sext' 'sext_ln202_cast' <Predicate = true> <Delay = 0.00>
ST_1 : Operation 265 [1/1] (0.00ns)   --->   "%specinterface_ln0 = specinterface void @_ssdm_op_SpecInterface, i512 %gmem0, void @empty, i32 0, i32 0, void @empty_0, i32 64, i32 256, void @empty_1, void @empty_2, void @empty_0, i32 16, i32 16, i32 16, i32 16, void @empty_0, void @empty_0, i32 4294967295, i32 0"   --->   Operation 265 'specinterface' 'specinterface_ln0' <Predicate = true> <Delay = 0.00>
ST_1 : Operation 266 [1/1] (0.42ns)   --->   "%store_ln0 = store i9 0, i9 %loop_index"   --->   Operation 266 'store' 'store_ln0' <Predicate = true> <Delay = 0.42>
ST_1 : Operation 267 [1/1] (0.42ns)   --->   "%store_ln0 = store i480 0, i480 %shiftreg"   --->   Operation 267 'store' 'store_ln0' <Predicate = true> <Delay = 0.42>
ST_1 : Operation 268 [1/1] (0.00ns)   --->   "%br_ln0 = br void %load-store-loop"   --->   Operation 268 'br' 'br_ln0' <Predicate = true> <Delay = 0.00>
ST_1 : Operation 269 [1/1] (0.00ns)   --->   "%loop_index_load = load i9 %loop_index"   --->   Operation 269 'load' 'loop_index_load' <Predicate = true> <Delay = 0.00>
ST_1 : Operation 270 [1/1] (0.00ns)   --->   "%specbitsmap_ln0 = specbitsmap void @_ssdm_op_SpecBitsMap, i512 %gmem0"   --->   Operation 270 'specbitsmap' 'specbitsmap_ln0' <Predicate = true> <Delay = 0.00>
ST_1 : Operation 271 [1/1] (0.00ns)   --->   "%gmem0_addr = getelementptr i512 %gmem0, i64 %sext_ln202_cast" [fpga/kernel.cpp:202]   --->   Operation 271 'getelementptr' 'gmem0_addr' <Predicate = true> <Delay = 0.00>
ST_1 : Operation 272 [1/1] (0.00ns)   --->   "%specpipeline_ln0 = specpipeline void @_ssdm_op_SpecPipeline, i32 4294967295, i32 0, i32 1, i32 0, void @p_str"   --->   Operation 272 'specpipeline' 'specpipeline_ln0' <Predicate = true> <Delay = 0.00>
ST_1 : Operation 273 [1/1] (0.77ns)   --->   "%exitcond4 = icmp_eq  i9 %loop_index_load, i9 256"   --->   Operation 273 'icmp' 'exitcond4' <Predicate = true> <Delay = 0.77> <CoreInst = "Cmp">   --->   Core 9 'Cmp' <Latency = 0> <II = 1> <Delay = 0.77> <FuncUnit> <Opcode : 'icmp'> <InPorts = 2> <OutPorts = 1>
ST_1 : Operation 274 [1/1] (0.77ns)   --->   "%empty = add i9 %loop_index_load, i9 1"   --->   Operation 274 'add' 'empty' <Predicate = true> <Delay = 0.77> <CoreInst = "Adder">   --->   Core 1 'Adder' <Latency = 0> <II = 1> <Delay = 0.77> <FuncUnit> <Opcode : 'add' 'sub'> <InPorts = 2> <OutPorts = 1>
ST_1 : Operation 275 [1/1] (0.00ns)   --->   "%br_ln0 = br i1 %exitcond4, void %load-store-loop.split, void %memcpy-split.exitStub"   --->   Operation 275 'br' 'br_ln0' <Predicate = true> <Delay = 0.00>
ST_1 : Operation 276 [1/1] (0.00ns)   --->   "%empty_46 = trunc i9 %loop_index_load"   --->   Operation 276 'trunc' 'empty_46' <Predicate = (!exitcond4)> <Delay = 0.00>
ST_1 : Operation 277 [1/1] (0.00ns)   --->   "%empty_47 = trunc i9 %loop_index_load"   --->   Operation 277 'trunc' 'empty_47' <Predicate = (!exitcond4)> <Delay = 0.00>
ST_1 : Operation 278 [1/1] (1.31ns)   --->   "%tmp_21 = mux i32 @_ssdm_op_Mux.ap_auto.256i32.i8, i32 %v_read, i32 %v_494_read, i32 %v_495_read, i32 %v_496_read, i32 %v_497_read, i32 %v_498_read, i32 %v_499_read, i32 %v_500_read, i32 %v_501_read, i32 %v_502_read, i32 %v_503_read, i32 %v_504_read, i32 %v_505_read, i32 %v_506_read, i32 %v_507_read, i32 %v_14_read, i32 %v_478_read, i32 %v_479_read, i32 %v_256_read, i32 %v_257_read, i32 %v_258_read, i32 %v_259_read, i32 %v_260_read, i32 %v_261_read, i32 %v_262_read, i32 %v_263_read, i32 %v_264_read, i32 %v_265_read, i32 %v_266_read, i32 %v_267_read, i32 %v_268_read, i32 %v_269_read, i32 %v_270_read, i32 %v_271_read, i32 %v_272_read, i32 %v_273_read, i32 %v_274_read, i32 %v_275_read, i32 %v_276_read, i32 %v_277_read, i32 %v_278_read, i32 %v_279_read, i32 %v_280_read, i32 %v_281_read, i32 %v_282_read, i32 %v_283_read, i32 %v_284_read, i32 %v_285_read, i32 %v_286_read, i32 %v_287_read, i32 %v_288_read, i32 %v_289_read, i32 %v_290_read, i32 %v_291_read, i32 %v_292_read, i32 %v_293_read, i32 %v_294_read, i32 %v_295_read, i32 %v_296_read, i32 %v_297_read, i32 %v_298_read, i32 %v_299_read, i32 %v_300_read, i32 %v_301_read, i32 %v_302_read, i32 %v_303_read, i32 %v_304_read, i32 %v_305_read, i32 %v_306_read, i32 %v_307_read, i32 %v_308_read, i32 %v_309_read, i32 %v_310_read, i32 %v_311_read, i32 %v_312_read, i32 %v_313_read, i32 %v_314_read, i32 %v_315_read, i32 %v_316_read, i32 %v_317_read, i32 %v_318_read, i32 %v_319_read, i32 %v_320_read, i32 %v_321_read, i32 %v_322_read, i32 %v_323_read, i32 %v_324_read, i32 %v_325_read, i32 %v_326_read, i32 %v_327_read, i32 %v_328_read, i32 %v_329_read, i32 %v_330_read, i32 %v_331_read, i32 %v_332_read, i32 %v_333_read, i32 %v_334_read, i32 %v_335_read, i32 %v_336_read, i32 %v_337_read, i32 %v_338_read, i32 %v_339_read, i32 %v_340_read, i32 %v_341_read, i32 %v_342_read, i32 %v_343_read, i32 %v_344_read, i32 %v_345_read, i32 %v_346_read, i32 %v_347_read, i32 %v_348_read, i32 %v_349_read, i32 %v_350_read, i32 %v_351_read, i32 %v_352_read, i32 %v_353_read, i32 %v_354_read, i32 %v_355_read, i32 %v_356_read, i32 %v_357_read, i32 %v_358_read, i32 %v_359_read, i32 %v_360_read, i32 %v_361_read, i32 %v_362_read, i32 %v_363_read, i32 %v_364_read, i32 %v_365_read, i32 %v_366_read, i32 %v_367_read, i32 %v_368_read, i32 %v_369_read, i32 %v_370_read, i32 %v_371_read, i32 %v_372_read, i32 %v_373_read, i32 %v_374_read, i32 %v_375_read, i32 %v_376_read, i32 %v_377_read, i32 %v_378_read, i32 %v_379_read, i32 %v_380_read, i32 %v_381_read, i32 %v_382_read, i32 %v_383_read, i32 %v_384_read, i32 %v_385_read, i32 %v_386_read, i32 %v_387_read, i32 %v_388_read, i32 %v_389_read, i32 %v_390_read, i32 %v_391_read, i32 %v_392_read, i32 %v_393_read, i32 %v_394_read, i32 %v_395_read, i32 %v_396_read, i32 %v_397_read, i32 %v_398_read, i32 %v_399_read, i32 %v_400_read, i32 %v_401_read, i32 %v_402_read, i32 %v_403_read, i32 %v_404_read, i32 %v_405_read, i32 %v_406_read, i32 %v_407_read, i32 %v_408_read, i32 %v_409_read, i32 %v_410_read, i32 %v_411_read, i32 %v_412_read, i32 %v_413_read, i32 %v_414_read, i32 %v_415_read, i32 %v_416_read, i32 %v_417_read, i32 %v_418_read, i32 %v_419_read, i32 %v_420_read, i32 %v_421_read, i32 %v_422_read, i32 %v_423_read, i32 %v_424_read, i32 %v_425_read, i32 %v_426_read, i32 %v_427_read, i32 %v_428_read, i32 %v_429_read, i32 %v_430_read, i32 %v_431_read, i32 %v_432_read, i32 %v_433_read, i32 %v_434_read, i32 %v_435_read, i32 %v_436_read, i32 %v_437_read, i32 %v_438_read, i32 %v_439_read, i32 %v_440_read, i32 %v_441_read, i32 %v_442_read, i32 %v_443_read, i32 %v_444_read, i32 %v_445_read, i32 %v_446_read, i32 %v_447_read, i32 %v_448_read, i32 %v_449_read, i32 %v_450_read, i32 %v_451_read, i32 %v_452_read, i32 %v_453_read, i32 %v_454_read, i32 %v_455_read, i32 %v_456_read, i32 %v_457_read, i32 %v_458_read, i32 %v_459_read, i32 %v_460_read, i32 %v_461_read, i32 %v_462_read, i32 %v_463_read, i32 %v_464_read, i32 %v_465_read, i32 %v_466_read, i32 %v_467_read, i32 %v_468_read, i32 %v_469_read, i32 %v_470_read, i32 %v_471_read, i32 %v_472_read, i32 %v_473_read, i32 %v_474_read, i32 %v_475_read, i32 %v_476_read, i32 %v_477_read, i32 %v_239_read, i32 %v_480_read, i32 %v_481_read, i32 %v_482_read, i32 %v_483_read, i32 %v_484_read, i32 %v_485_read, i32 %v_486_read, i32 %v_487_read, i32 %v_488_read, i32 %v_489_read, i32 %v_490_read, i32 %v_491_read, i32 %v_492_read, i32 %v_493_read, i32 %v_254_read, i8 %empty_47"   --->   Operation 278 'mux' 'tmp_21' <Predicate = (!exitcond4)> <Delay = 1.31> <CoreInst = "Multiplexer">   --->   Core 76 'Multiplexer' <Latency = 0> <II = 1> <Delay = 1.31> <FuncUnit> <Opcode : 'mux'> <InPorts = 2> <OutPorts = 1>
ST_1 : Operation 279 [1/1] (0.79ns)   --->   "%empty_48 = icmp_eq  i4 %empty_46, i4 15"   --->   Operation 279 'icmp' 'empty_48' <Predicate = (!exitcond4)> <Delay = 0.79> <CoreInst = "Cmp">   --->   Core 9 'Cmp' <Latency = 0> <II = 1> <Delay = 0.79> <FuncUnit> <Opcode : 'icmp'> <InPorts = 2> <OutPorts = 1>
ST_1 : Operation 280 [1/1] (0.00ns)   --->   "%br_ln0 = br i1 %empty_48, void %load-store-loop.split._crit_edge, void"   --->   Operation 280 'br' 'br_ln0' <Predicate = (!exitcond4)> <Delay = 0.00>
ST_1 : Operation 281 [1/1] (0.42ns)   --->   "%store_ln0 = store i9 %empty, i9 %loop_index"   --->   Operation 281 'store' 'store_ln0' <Predicate = (!exitcond4)> <Delay = 0.42>
ST_1 : Operation 293 [1/1] (0.00ns)   --->   "%ret_ln0 = ret"   --->   Operation 293 'ret' 'ret_ln0' <Predicate = (exitcond4)> <Delay = 0.00>

State 2 <SV = 1> <Delay = 8.92>
ST_2 : Operation 282 [1/1] (0.00ns)   --->   "%shiftreg_load_1 = load i480 %shiftreg"   --->   Operation 282 'load' 'shiftreg_load_1' <Predicate = true> <Delay = 0.00>
ST_2 : Operation 283 [1/1] (0.00ns)   --->   "%speclooptripcount_ln0 = speclooptripcount void @_ssdm_op_SpecLoopTripCount, i64 256, i64 256, i64 256"   --->   Operation 283 'speclooptripcount' 'speclooptripcount_ln0' <Predicate = true> <Delay = 0.00>
ST_2 : Operation 284 [1/1] (0.00ns)   --->   "%tmp_s = bitconcatenate i512 @_ssdm_op_BitConcatenate.i512.i32.i480, i32 %tmp_21, i480 %shiftreg_load_1"   --->   Operation 284 'bitconcatenate' 'tmp_s' <Predicate = true> <Delay = 0.00>
ST_2 : Operation 285 [1/1] (8.92ns)   --->   "%write_ln202 = write void @_ssdm_op_Write.m_axi.p1i512, i512 %gmem0_addr, i512 %tmp_s, i64 18446744073709551615" [fpga/kernel.cpp:202]   --->   Operation 285 'write' 'write_ln202' <Predicate = (empty_48)> <Delay = 8.92> <CoreInst = "m_axi">   --->   Core 121 'm_axi' <Latency = 0> <II = 1> <Delay = 1.00> <Adapter> <Opcode : 'read' 'write' 'readreq' 'writereq' 'writeresp'>
ST_2 : Operation 286 [1/1] (0.00ns)   --->   "%br_ln0 = br void %load-store-loop.split._crit_edge"   --->   Operation 286 'br' 'br_ln0' <Predicate = (empty_48)> <Delay = 0.00>
ST_2 : Operation 287 [1/1] (0.00ns)   --->   "%shiftreg_load = load i480 %shiftreg"   --->   Operation 287 'load' 'shiftreg_load' <Predicate = (!empty_48)> <Delay = 0.00>
ST_2 : Operation 288 [1/1] (0.00ns)   --->   "%tmp_39 = partselect i448 @_ssdm_op_PartSelect.i448.i480.i32.i32, i480 %shiftreg_load, i32 32, i32 479"   --->   Operation 288 'partselect' 'tmp_39' <Predicate = (!empty_48)> <Delay = 0.00>
ST_2 : Operation 289 [1/1] (0.00ns)   --->   "%tmp_40 = bitconcatenate i480 @_ssdm_op_BitConcatenate.i480.i32.i448, i32 %tmp_21, i448 %tmp_39"   --->   Operation 289 'bitconcatenate' 'tmp_40' <Predicate = (!empty_48)> <Delay = 0.00>
ST_2 : Operation 290 [1/1] (0.58ns)   --->   "%empty_45 = select i1 %empty_48, i480 0, i480 %tmp_40"   --->   Operation 290 'select' 'empty_45' <Predicate = true> <Delay = 0.58> <CoreInst = "Sel">   --->   Core 73 'Sel' <Latency = 0> <II = 1> <Delay = 0.58> <FuncUnit> <Opcode : 'select'> <InPorts = 3> <OutPorts = 1>
ST_2 : Operation 291 [1/1] (0.42ns)   --->   "%store_ln0 = store i480 %empty_45, i480 %shiftreg"   --->   Operation 291 'store' 'store_ln0' <Predicate = true> <Delay = 0.42>
ST_2 : Operation 292 [1/1] (0.00ns)   --->   "%br_ln0 = br void %load-store-loop"   --->   Operation 292 'br' 'br_ln0' <Predicate = true> <Delay = 0.00>


============================================================
+ Verbose Summary: Timing violations
============================================================
Target clock period: 10.000ns, clock uncertainty: 1.080ns.

 <State 1>: 1.318ns
The critical path consists of the following:
	'alloca' operation ('loop_index') [260]  (0.000 ns)
	'load' operation ('loop_index_load') on local variable 'loop_index' [524]  (0.000 ns)
	'mux' operation ('tmp_21') [536]  (1.318 ns)

 <State 2>: 8.920ns
The critical path consists of the following:
	'load' operation ('shiftreg_load_1') on local variable 'shiftreg' [532]  (0.000 ns)
	bus write operation ('write_ln202', fpga/kernel.cpp:202) on port 'gmem0' (fpga/kernel.cpp:202) [541]  (8.920 ns)


============================================================
+ Verbose Summary: Binding
============================================================
N/A
* FSMD analyzer results:
  - Output states:
 - Input state : 
  - Chain level:
	State 1
	State 2


============================================================
+ Verbose Summary: Datapath Resource usage 
============================================================
N/A
