

================================================================
== Vitis HLS Report for 'kernel_Pipeline_cpy_third_and_fourth_loop'
================================================================
* Date:           Wed Sep 27 17:42:38 2023

* Version:        2023.1 (Build 3854077 on May  4 2023)
* Project:        fpga
* Solution:       solution1 (Vitis Kernel Flow Target)
* Product family: zynquplus
* Target device:  xczu7ev-ffvc1156-2-e


================================================================
== Performance Estimates
================================================================
+ Timing: 
    * Summary: 
    +--------+----------+----------+------------+
    |  Clock |  Target  | Estimated| Uncertainty|
    +--------+----------+----------+------------+
    |ap_clk  |  10.00 ns|  1.224 ns|     1.08 ns|
    +--------+----------+----------+------------+

+ Latency: 
    * Summary: 
    +---------+---------+----------+----------+-----+-----+---------+
    |  Latency (cycles) |  Latency (absolute) |  Interval | Pipeline|
    |   min   |   max   |    min   |    max   | min | max |   Type  |
    +---------+---------+----------+----------+-----+-----+---------+
    |       16|       16|  0.160 us|  0.160 us|   16|   16|       no|
    +---------+---------+----------+----------+-----+-----+---------+

    + Detail: 
        * Instance: 
        N/A

        * Loop: 
        +-----------------------------+---------+---------+----------+-----------+-----------+------+----------+
        |                             |  Latency (cycles) | Iteration|  Initiation Interval  | Trip |          |
        |          Loop Name          |   min   |   max   |  Latency |  achieved |   target  | Count| Pipelined|
        +-----------------------------+---------+---------+----------+-----------+-----------+------+----------+
        |- cpy_third_and_fourth_loop  |       14|       14|         1|          1|          1|    14|       yes|
        +-----------------------------+---------+---------+----------+-----------+-----------+------+----------+

============================================================
+ Verbose Summary: Synthesis Manager
============================================================
InlineROM: 1
ExposeGlobal: 0
============================================================
+ Verbose Summary: CDFG Model
============================================================
IsTopModel: 0
ResetActiveHigh: 1
IsCombinational: 0
IsDatapathOnly: 0
HasWiredReturn: 1
HasMFsm: 2
HasVarLatency: 1
IsPipeline: 0
IsRtlPipelined: 0
IsInstanceOverlapped: 0
IsDontTouch: 0
HasImplIP: 0
IsGatedGlobalClock: 0

+ Individual pipeline summary: 
  * Pipeline-0: initiation interval (II) = 1, depth = 1


============================================================
+ Verbose Summary: Schedule
============================================================
* Number of FSM states : 1
* Pipeline : 1
  Pipeline-0 : II = 1, D = 1, States = { 1 }
* Dataflow Pipeline: 0

* FSM state transitions: 
1 --> 

* FSM state operations: 

State 1 <SV = 0> <Delay = 1.22>
ST_1 : Operation 4 [1/1] (0.00ns)   --->   "%i_1 = alloca i32 1"   --->   Operation 4 'alloca' 'i_1' <Predicate = true> <Delay = 0.00>
ST_1 : Operation 5 [1/1] (0.00ns)   --->   "%p_0_0_09634957 = alloca i32 1"   --->   Operation 5 'alloca' 'p_0_0_09634957' <Predicate = true> <Delay = 0.00>
ST_1 : Operation 6 [1/1] (0.00ns)   --->   "%p_0_0_09624959 = alloca i32 1"   --->   Operation 6 'alloca' 'p_0_0_09624959' <Predicate = true> <Delay = 0.00>
ST_1 : Operation 7 [1/1] (0.00ns)   --->   "%p_0_0_09614961 = alloca i32 1"   --->   Operation 7 'alloca' 'p_0_0_09614961' <Predicate = true> <Delay = 0.00>
ST_1 : Operation 8 [1/1] (0.00ns)   --->   "%p_0_0_09604963 = alloca i32 1"   --->   Operation 8 'alloca' 'p_0_0_09604963' <Predicate = true> <Delay = 0.00>
ST_1 : Operation 9 [1/1] (0.00ns)   --->   "%p_0_0_09634965 = alloca i32 1"   --->   Operation 9 'alloca' 'p_0_0_09634965' <Predicate = true> <Delay = 0.00>
ST_1 : Operation 10 [1/1] (0.00ns)   --->   "%p_0_0_09624967 = alloca i32 1"   --->   Operation 10 'alloca' 'p_0_0_09624967' <Predicate = true> <Delay = 0.00>
ST_1 : Operation 11 [1/1] (0.00ns)   --->   "%p_0_0_09614969 = alloca i32 1"   --->   Operation 11 'alloca' 'p_0_0_09614969' <Predicate = true> <Delay = 0.00>
ST_1 : Operation 12 [1/1] (0.00ns)   --->   "%p_0_0_09604971 = alloca i32 1"   --->   Operation 12 'alloca' 'p_0_0_09604971' <Predicate = true> <Delay = 0.00>
ST_1 : Operation 13 [1/1] (0.00ns)   --->   "%p_0_0_09634973 = alloca i32 1"   --->   Operation 13 'alloca' 'p_0_0_09634973' <Predicate = true> <Delay = 0.00>
ST_1 : Operation 14 [1/1] (0.00ns)   --->   "%p_0_0_09624975 = alloca i32 1"   --->   Operation 14 'alloca' 'p_0_0_09624975' <Predicate = true> <Delay = 0.00>
ST_1 : Operation 15 [1/1] (0.00ns)   --->   "%p_0_0_09614977 = alloca i32 1"   --->   Operation 15 'alloca' 'p_0_0_09614977' <Predicate = true> <Delay = 0.00>
ST_1 : Operation 16 [1/1] (0.00ns)   --->   "%p_0_0_09604979 = alloca i32 1"   --->   Operation 16 'alloca' 'p_0_0_09604979' <Predicate = true> <Delay = 0.00>
ST_1 : Operation 17 [1/1] (0.00ns)   --->   "%p_0_0_09634981 = alloca i32 1"   --->   Operation 17 'alloca' 'p_0_0_09634981' <Predicate = true> <Delay = 0.00>
ST_1 : Operation 18 [1/1] (0.00ns)   --->   "%p_0_0_09624983 = alloca i32 1"   --->   Operation 18 'alloca' 'p_0_0_09624983' <Predicate = true> <Delay = 0.00>
ST_1 : Operation 19 [1/1] (0.00ns)   --->   "%p_0_0_09614985 = alloca i32 1"   --->   Operation 19 'alloca' 'p_0_0_09614985' <Predicate = true> <Delay = 0.00>
ST_1 : Operation 20 [1/1] (0.00ns)   --->   "%p_0_0_09604987 = alloca i32 1"   --->   Operation 20 'alloca' 'p_0_0_09604987' <Predicate = true> <Delay = 0.00>
ST_1 : Operation 21 [1/1] (0.00ns)   --->   "%p_0_0_09634989 = alloca i32 1"   --->   Operation 21 'alloca' 'p_0_0_09634989' <Predicate = true> <Delay = 0.00>
ST_1 : Operation 22 [1/1] (0.00ns)   --->   "%p_0_0_09624991 = alloca i32 1"   --->   Operation 22 'alloca' 'p_0_0_09624991' <Predicate = true> <Delay = 0.00>
ST_1 : Operation 23 [1/1] (0.00ns)   --->   "%p_0_0_09614993 = alloca i32 1"   --->   Operation 23 'alloca' 'p_0_0_09614993' <Predicate = true> <Delay = 0.00>
ST_1 : Operation 24 [1/1] (0.00ns)   --->   "%p_0_0_09604995 = alloca i32 1"   --->   Operation 24 'alloca' 'p_0_0_09604995' <Predicate = true> <Delay = 0.00>
ST_1 : Operation 25 [1/1] (0.00ns)   --->   "%p_0_0_09634997 = alloca i32 1"   --->   Operation 25 'alloca' 'p_0_0_09634997' <Predicate = true> <Delay = 0.00>
ST_1 : Operation 26 [1/1] (0.00ns)   --->   "%p_0_0_09624999 = alloca i32 1"   --->   Operation 26 'alloca' 'p_0_0_09624999' <Predicate = true> <Delay = 0.00>
ST_1 : Operation 27 [1/1] (0.00ns)   --->   "%p_0_0_09615001 = alloca i32 1"   --->   Operation 27 'alloca' 'p_0_0_09615001' <Predicate = true> <Delay = 0.00>
ST_1 : Operation 28 [1/1] (0.00ns)   --->   "%p_0_0_09605003 = alloca i32 1"   --->   Operation 28 'alloca' 'p_0_0_09605003' <Predicate = true> <Delay = 0.00>
ST_1 : Operation 29 [1/1] (0.00ns)   --->   "%p_0_0_09635005 = alloca i32 1"   --->   Operation 29 'alloca' 'p_0_0_09635005' <Predicate = true> <Delay = 0.00>
ST_1 : Operation 30 [1/1] (0.00ns)   --->   "%p_0_0_09625007 = alloca i32 1"   --->   Operation 30 'alloca' 'p_0_0_09625007' <Predicate = true> <Delay = 0.00>
ST_1 : Operation 31 [1/1] (0.00ns)   --->   "%p_0_0_09615009 = alloca i32 1"   --->   Operation 31 'alloca' 'p_0_0_09615009' <Predicate = true> <Delay = 0.00>
ST_1 : Operation 32 [1/1] (0.00ns)   --->   "%p_0_0_09605011 = alloca i32 1"   --->   Operation 32 'alloca' 'p_0_0_09605011' <Predicate = true> <Delay = 0.00>
ST_1 : Operation 33 [1/1] (0.00ns)   --->   "%p_0_0_09635013 = alloca i32 1"   --->   Operation 33 'alloca' 'p_0_0_09635013' <Predicate = true> <Delay = 0.00>
ST_1 : Operation 34 [1/1] (0.00ns)   --->   "%p_0_0_09625015 = alloca i32 1"   --->   Operation 34 'alloca' 'p_0_0_09625015' <Predicate = true> <Delay = 0.00>
ST_1 : Operation 35 [1/1] (0.00ns)   --->   "%p_0_0_09615017 = alloca i32 1"   --->   Operation 35 'alloca' 'p_0_0_09615017' <Predicate = true> <Delay = 0.00>
ST_1 : Operation 36 [1/1] (0.00ns)   --->   "%p_0_0_09605019 = alloca i32 1"   --->   Operation 36 'alloca' 'p_0_0_09605019' <Predicate = true> <Delay = 0.00>
ST_1 : Operation 37 [1/1] (0.00ns)   --->   "%p_0_0_09635021 = alloca i32 1"   --->   Operation 37 'alloca' 'p_0_0_09635021' <Predicate = true> <Delay = 0.00>
ST_1 : Operation 38 [1/1] (0.00ns)   --->   "%p_0_0_09625023 = alloca i32 1"   --->   Operation 38 'alloca' 'p_0_0_09625023' <Predicate = true> <Delay = 0.00>
ST_1 : Operation 39 [1/1] (0.00ns)   --->   "%p_0_0_09615025 = alloca i32 1"   --->   Operation 39 'alloca' 'p_0_0_09615025' <Predicate = true> <Delay = 0.00>
ST_1 : Operation 40 [1/1] (0.00ns)   --->   "%p_0_0_09605027 = alloca i32 1"   --->   Operation 40 'alloca' 'p_0_0_09605027' <Predicate = true> <Delay = 0.00>
ST_1 : Operation 41 [1/1] (0.00ns)   --->   "%p_0_0_09635029 = alloca i32 1"   --->   Operation 41 'alloca' 'p_0_0_09635029' <Predicate = true> <Delay = 0.00>
ST_1 : Operation 42 [1/1] (0.00ns)   --->   "%p_0_0_09625031 = alloca i32 1"   --->   Operation 42 'alloca' 'p_0_0_09625031' <Predicate = true> <Delay = 0.00>
ST_1 : Operation 43 [1/1] (0.00ns)   --->   "%p_0_0_09615033 = alloca i32 1"   --->   Operation 43 'alloca' 'p_0_0_09615033' <Predicate = true> <Delay = 0.00>
ST_1 : Operation 44 [1/1] (0.00ns)   --->   "%p_0_0_09605035 = alloca i32 1"   --->   Operation 44 'alloca' 'p_0_0_09605035' <Predicate = true> <Delay = 0.00>
ST_1 : Operation 45 [1/1] (0.00ns)   --->   "%p_0_0_09635037 = alloca i32 1"   --->   Operation 45 'alloca' 'p_0_0_09635037' <Predicate = true> <Delay = 0.00>
ST_1 : Operation 46 [1/1] (0.00ns)   --->   "%p_0_0_09625039 = alloca i32 1"   --->   Operation 46 'alloca' 'p_0_0_09625039' <Predicate = true> <Delay = 0.00>
ST_1 : Operation 47 [1/1] (0.00ns)   --->   "%p_0_0_09615041 = alloca i32 1"   --->   Operation 47 'alloca' 'p_0_0_09615041' <Predicate = true> <Delay = 0.00>
ST_1 : Operation 48 [1/1] (0.00ns)   --->   "%p_0_0_09605043 = alloca i32 1"   --->   Operation 48 'alloca' 'p_0_0_09605043' <Predicate = true> <Delay = 0.00>
ST_1 : Operation 49 [1/1] (0.00ns)   --->   "%p_0_0_09635045 = alloca i32 1"   --->   Operation 49 'alloca' 'p_0_0_09635045' <Predicate = true> <Delay = 0.00>
ST_1 : Operation 50 [1/1] (0.00ns)   --->   "%p_0_0_09625047 = alloca i32 1"   --->   Operation 50 'alloca' 'p_0_0_09625047' <Predicate = true> <Delay = 0.00>
ST_1 : Operation 51 [1/1] (0.00ns)   --->   "%p_0_0_09615049 = alloca i32 1"   --->   Operation 51 'alloca' 'p_0_0_09615049' <Predicate = true> <Delay = 0.00>
ST_1 : Operation 52 [1/1] (0.00ns)   --->   "%p_0_0_09605051 = alloca i32 1"   --->   Operation 52 'alloca' 'p_0_0_09605051' <Predicate = true> <Delay = 0.00>
ST_1 : Operation 53 [1/1] (0.00ns)   --->   "%p_0_0_09635053 = alloca i32 1"   --->   Operation 53 'alloca' 'p_0_0_09635053' <Predicate = true> <Delay = 0.00>
ST_1 : Operation 54 [1/1] (0.00ns)   --->   "%p_0_0_09625055 = alloca i32 1"   --->   Operation 54 'alloca' 'p_0_0_09625055' <Predicate = true> <Delay = 0.00>
ST_1 : Operation 55 [1/1] (0.00ns)   --->   "%p_0_0_09615057 = alloca i32 1"   --->   Operation 55 'alloca' 'p_0_0_09615057' <Predicate = true> <Delay = 0.00>
ST_1 : Operation 56 [1/1] (0.00ns)   --->   "%p_0_0_09605059 = alloca i32 1"   --->   Operation 56 'alloca' 'p_0_0_09605059' <Predicate = true> <Delay = 0.00>
ST_1 : Operation 57 [1/1] (0.00ns)   --->   "%p_0_0_09635061 = alloca i32 1"   --->   Operation 57 'alloca' 'p_0_0_09635061' <Predicate = true> <Delay = 0.00>
ST_1 : Operation 58 [1/1] (0.00ns)   --->   "%p_0_0_09625063 = alloca i32 1"   --->   Operation 58 'alloca' 'p_0_0_09625063' <Predicate = true> <Delay = 0.00>
ST_1 : Operation 59 [1/1] (0.00ns)   --->   "%p_0_0_09615065 = alloca i32 1"   --->   Operation 59 'alloca' 'p_0_0_09615065' <Predicate = true> <Delay = 0.00>
ST_1 : Operation 60 [1/1] (0.00ns)   --->   "%p_0_0_09605067 = alloca i32 1"   --->   Operation 60 'alloca' 'p_0_0_09605067' <Predicate = true> <Delay = 0.00>
ST_1 : Operation 61 [1/1] (0.00ns)   --->   "%conv_i_i_i4054125_reload_read = read i32 @_ssdm_op_Read.ap_auto.i32, i32 %conv_i_i_i4054125_reload"   --->   Operation 61 'read' 'conv_i_i_i4054125_reload_read' <Predicate = true> <Delay = 0.00>
ST_1 : Operation 62 [1/1] (0.00ns)   --->   "%conv_i_i_i4054157_reload_read = read i32 @_ssdm_op_Read.ap_auto.i32, i32 %conv_i_i_i4054157_reload"   --->   Operation 62 'read' 'conv_i_i_i4054157_reload_read' <Predicate = true> <Delay = 0.00>
ST_1 : Operation 63 [1/1] (0.00ns)   --->   "%conv_i_i_i4054189_reload_read = read i32 @_ssdm_op_Read.ap_auto.i32, i32 %conv_i_i_i4054189_reload"   --->   Operation 63 'read' 'conv_i_i_i4054189_reload_read' <Predicate = true> <Delay = 0.00>
ST_1 : Operation 64 [1/1] (0.00ns)   --->   "%conv_i_i_i4054221_reload_read = read i32 @_ssdm_op_Read.ap_auto.i32, i32 %conv_i_i_i4054221_reload"   --->   Operation 64 'read' 'conv_i_i_i4054221_reload_read' <Predicate = true> <Delay = 0.00>
ST_1 : Operation 65 [1/1] (0.00ns)   --->   "%conv_i_i_i4054253_reload_read = read i32 @_ssdm_op_Read.ap_auto.i32, i32 %conv_i_i_i4054253_reload"   --->   Operation 65 'read' 'conv_i_i_i4054253_reload_read' <Predicate = true> <Delay = 0.00>
ST_1 : Operation 66 [1/1] (0.00ns)   --->   "%conv_i_i_i4054285_reload_read = read i32 @_ssdm_op_Read.ap_auto.i32, i32 %conv_i_i_i4054285_reload"   --->   Operation 66 'read' 'conv_i_i_i4054285_reload_read' <Predicate = true> <Delay = 0.00>
ST_1 : Operation 67 [1/1] (0.00ns)   --->   "%conv_i_i_i4054317_reload_read = read i32 @_ssdm_op_Read.ap_auto.i32, i32 %conv_i_i_i4054317_reload"   --->   Operation 67 'read' 'conv_i_i_i4054317_reload_read' <Predicate = true> <Delay = 0.00>
ST_1 : Operation 68 [1/1] (0.00ns)   --->   "%conv_i_i_i4054349_reload_read = read i32 @_ssdm_op_Read.ap_auto.i32, i32 %conv_i_i_i4054349_reload"   --->   Operation 68 'read' 'conv_i_i_i4054349_reload_read' <Predicate = true> <Delay = 0.00>
ST_1 : Operation 69 [1/1] (0.00ns)   --->   "%conv_i_i_i4054381_reload_read = read i32 @_ssdm_op_Read.ap_auto.i32, i32 %conv_i_i_i4054381_reload"   --->   Operation 69 'read' 'conv_i_i_i4054381_reload_read' <Predicate = true> <Delay = 0.00>
ST_1 : Operation 70 [1/1] (0.00ns)   --->   "%conv_i_i_i4054413_reload_read = read i32 @_ssdm_op_Read.ap_auto.i32, i32 %conv_i_i_i4054413_reload"   --->   Operation 70 'read' 'conv_i_i_i4054413_reload_read' <Predicate = true> <Delay = 0.00>
ST_1 : Operation 71 [1/1] (0.00ns)   --->   "%conv_i_i_i4054445_reload_read = read i32 @_ssdm_op_Read.ap_auto.i32, i32 %conv_i_i_i4054445_reload"   --->   Operation 71 'read' 'conv_i_i_i4054445_reload_read' <Predicate = true> <Delay = 0.00>
ST_1 : Operation 72 [1/1] (0.00ns)   --->   "%conv_i_i_i4054477_reload_read = read i32 @_ssdm_op_Read.ap_auto.i32, i32 %conv_i_i_i4054477_reload"   --->   Operation 72 'read' 'conv_i_i_i4054477_reload_read' <Predicate = true> <Delay = 0.00>
ST_1 : Operation 73 [1/1] (0.00ns)   --->   "%conv_i_i_i4054099_reload_read = read i32 @_ssdm_op_Read.ap_auto.i32, i32 %conv_i_i_i4054099_reload"   --->   Operation 73 'read' 'conv_i_i_i4054099_reload_read' <Predicate = true> <Delay = 0.00>
ST_1 : Operation 74 [1/1] (0.00ns)   --->   "%conv_i_i_i4054131_reload_read = read i32 @_ssdm_op_Read.ap_auto.i32, i32 %conv_i_i_i4054131_reload"   --->   Operation 74 'read' 'conv_i_i_i4054131_reload_read' <Predicate = true> <Delay = 0.00>
ST_1 : Operation 75 [1/1] (0.00ns)   --->   "%conv_i_i_i4054163_reload_read = read i32 @_ssdm_op_Read.ap_auto.i32, i32 %conv_i_i_i4054163_reload"   --->   Operation 75 'read' 'conv_i_i_i4054163_reload_read' <Predicate = true> <Delay = 0.00>
ST_1 : Operation 76 [1/1] (0.00ns)   --->   "%conv_i_i_i4054195_reload_read = read i32 @_ssdm_op_Read.ap_auto.i32, i32 %conv_i_i_i4054195_reload"   --->   Operation 76 'read' 'conv_i_i_i4054195_reload_read' <Predicate = true> <Delay = 0.00>
ST_1 : Operation 77 [1/1] (0.00ns)   --->   "%conv_i_i_i4054227_reload_read = read i32 @_ssdm_op_Read.ap_auto.i32, i32 %conv_i_i_i4054227_reload"   --->   Operation 77 'read' 'conv_i_i_i4054227_reload_read' <Predicate = true> <Delay = 0.00>
ST_1 : Operation 78 [1/1] (0.00ns)   --->   "%conv_i_i_i4054259_reload_read = read i32 @_ssdm_op_Read.ap_auto.i32, i32 %conv_i_i_i4054259_reload"   --->   Operation 78 'read' 'conv_i_i_i4054259_reload_read' <Predicate = true> <Delay = 0.00>
ST_1 : Operation 79 [1/1] (0.00ns)   --->   "%conv_i_i_i4054291_reload_read = read i32 @_ssdm_op_Read.ap_auto.i32, i32 %conv_i_i_i4054291_reload"   --->   Operation 79 'read' 'conv_i_i_i4054291_reload_read' <Predicate = true> <Delay = 0.00>
ST_1 : Operation 80 [1/1] (0.00ns)   --->   "%conv_i_i_i4054323_reload_read = read i32 @_ssdm_op_Read.ap_auto.i32, i32 %conv_i_i_i4054323_reload"   --->   Operation 80 'read' 'conv_i_i_i4054323_reload_read' <Predicate = true> <Delay = 0.00>
ST_1 : Operation 81 [1/1] (0.00ns)   --->   "%conv_i_i_i4054355_reload_read = read i32 @_ssdm_op_Read.ap_auto.i32, i32 %conv_i_i_i4054355_reload"   --->   Operation 81 'read' 'conv_i_i_i4054355_reload_read' <Predicate = true> <Delay = 0.00>
ST_1 : Operation 82 [1/1] (0.00ns)   --->   "%conv_i_i_i4054387_reload_read = read i32 @_ssdm_op_Read.ap_auto.i32, i32 %conv_i_i_i4054387_reload"   --->   Operation 82 'read' 'conv_i_i_i4054387_reload_read' <Predicate = true> <Delay = 0.00>
ST_1 : Operation 83 [1/1] (0.00ns)   --->   "%conv_i_i_i4054419_reload_read = read i32 @_ssdm_op_Read.ap_auto.i32, i32 %conv_i_i_i4054419_reload"   --->   Operation 83 'read' 'conv_i_i_i4054419_reload_read' <Predicate = true> <Delay = 0.00>
ST_1 : Operation 84 [1/1] (0.00ns)   --->   "%conv_i_i_i4054451_reload_read = read i32 @_ssdm_op_Read.ap_auto.i32, i32 %conv_i_i_i4054451_reload"   --->   Operation 84 'read' 'conv_i_i_i4054451_reload_read' <Predicate = true> <Delay = 0.00>
ST_1 : Operation 85 [1/1] (0.00ns)   --->   "%conv_i_i_i4054483_reload_read = read i32 @_ssdm_op_Read.ap_auto.i32, i32 %conv_i_i_i4054483_reload"   --->   Operation 85 'read' 'conv_i_i_i4054483_reload_read' <Predicate = true> <Delay = 0.00>
ST_1 : Operation 86 [1/1] (0.00ns)   --->   "%conv_i_i_i4054485_reload_read = read i32 @_ssdm_op_Read.ap_auto.i32, i32 %conv_i_i_i4054485_reload"   --->   Operation 86 'read' 'conv_i_i_i4054485_reload_read' <Predicate = true> <Delay = 0.00>
ST_1 : Operation 87 [1/1] (0.00ns)   --->   "%conv_i_i_i4054487_reload_read = read i32 @_ssdm_op_Read.ap_auto.i32, i32 %conv_i_i_i4054487_reload"   --->   Operation 87 'read' 'conv_i_i_i4054487_reload_read' <Predicate = true> <Delay = 0.00>
ST_1 : Operation 88 [1/1] (0.00ns)   --->   "%conv_i_i_i4054489_reload_read = read i32 @_ssdm_op_Read.ap_auto.i32, i32 %conv_i_i_i4054489_reload"   --->   Operation 88 'read' 'conv_i_i_i4054489_reload_read' <Predicate = true> <Delay = 0.00>
ST_1 : Operation 89 [1/1] (0.00ns)   --->   "%conv_i_i_i4054491_reload_read = read i32 @_ssdm_op_Read.ap_auto.i32, i32 %conv_i_i_i4054491_reload"   --->   Operation 89 'read' 'conv_i_i_i4054491_reload_read' <Predicate = true> <Delay = 0.00>
ST_1 : Operation 90 [1/1] (0.00ns)   --->   "%conv_i_i_i4054493_reload_read = read i32 @_ssdm_op_Read.ap_auto.i32, i32 %conv_i_i_i4054493_reload"   --->   Operation 90 'read' 'conv_i_i_i4054493_reload_read' <Predicate = true> <Delay = 0.00>
ST_1 : Operation 91 [1/1] (0.00ns)   --->   "%conv_i_i_i4054495_reload_read = read i32 @_ssdm_op_Read.ap_auto.i32, i32 %conv_i_i_i4054495_reload"   --->   Operation 91 'read' 'conv_i_i_i4054495_reload_read' <Predicate = true> <Delay = 0.00>
ST_1 : Operation 92 [1/1] (0.00ns)   --->   "%conv_i_i_i4054497_reload_read = read i32 @_ssdm_op_Read.ap_auto.i32, i32 %conv_i_i_i4054497_reload"   --->   Operation 92 'read' 'conv_i_i_i4054497_reload_read' <Predicate = true> <Delay = 0.00>
ST_1 : Operation 93 [1/1] (0.00ns)   --->   "%conv_i_i_i4054499_reload_read = read i32 @_ssdm_op_Read.ap_auto.i32, i32 %conv_i_i_i4054499_reload"   --->   Operation 93 'read' 'conv_i_i_i4054499_reload_read' <Predicate = true> <Delay = 0.00>
ST_1 : Operation 94 [1/1] (0.00ns)   --->   "%conv_i_i_i4054501_reload_read = read i32 @_ssdm_op_Read.ap_auto.i32, i32 %conv_i_i_i4054501_reload"   --->   Operation 94 'read' 'conv_i_i_i4054501_reload_read' <Predicate = true> <Delay = 0.00>
ST_1 : Operation 95 [1/1] (0.00ns)   --->   "%conv_i_i_i4054503_reload_read = read i32 @_ssdm_op_Read.ap_auto.i32, i32 %conv_i_i_i4054503_reload"   --->   Operation 95 'read' 'conv_i_i_i4054503_reload_read' <Predicate = true> <Delay = 0.00>
ST_1 : Operation 96 [1/1] (0.00ns)   --->   "%conv_i_i_i4054505_reload_read = read i32 @_ssdm_op_Read.ap_auto.i32, i32 %conv_i_i_i4054505_reload"   --->   Operation 96 'read' 'conv_i_i_i4054505_reload_read' <Predicate = true> <Delay = 0.00>
ST_1 : Operation 97 [1/1] (0.00ns)   --->   "%conv_i_i_i4054507_reload_read = read i32 @_ssdm_op_Read.ap_auto.i32, i32 %conv_i_i_i4054507_reload"   --->   Operation 97 'read' 'conv_i_i_i4054507_reload_read' <Predicate = true> <Delay = 0.00>
ST_1 : Operation 98 [1/1] (0.00ns)   --->   "%conv_i_i_i4054509_reload_read = read i32 @_ssdm_op_Read.ap_auto.i32, i32 %conv_i_i_i4054509_reload"   --->   Operation 98 'read' 'conv_i_i_i4054509_reload_read' <Predicate = true> <Delay = 0.00>
ST_1 : Operation 99 [1/1] (0.00ns)   --->   "%conv_i_i_i4054511_reload_read = read i32 @_ssdm_op_Read.ap_auto.i32, i32 %conv_i_i_i4054511_reload"   --->   Operation 99 'read' 'conv_i_i_i4054511_reload_read' <Predicate = true> <Delay = 0.00>
ST_1 : Operation 100 [1/1] (0.00ns)   --->   "%conv_i_i_i4054069_reload_read = read i32 @_ssdm_op_Read.ap_auto.i32, i32 %conv_i_i_i4054069_reload"   --->   Operation 100 'read' 'conv_i_i_i4054069_reload_read' <Predicate = true> <Delay = 0.00>
ST_1 : Operation 101 [1/1] (0.00ns)   --->   "%conv_i_i_i4054071_reload_read = read i32 @_ssdm_op_Read.ap_auto.i32, i32 %conv_i_i_i4054071_reload"   --->   Operation 101 'read' 'conv_i_i_i4054071_reload_read' <Predicate = true> <Delay = 0.00>
ST_1 : Operation 102 [1/1] (0.00ns)   --->   "%conv_i_i_i4054073_reload_read = read i32 @_ssdm_op_Read.ap_auto.i32, i32 %conv_i_i_i4054073_reload"   --->   Operation 102 'read' 'conv_i_i_i4054073_reload_read' <Predicate = true> <Delay = 0.00>
ST_1 : Operation 103 [1/1] (0.00ns)   --->   "%conv_i_i_i4054075_reload_read = read i32 @_ssdm_op_Read.ap_auto.i32, i32 %conv_i_i_i4054075_reload"   --->   Operation 103 'read' 'conv_i_i_i4054075_reload_read' <Predicate = true> <Delay = 0.00>
ST_1 : Operation 104 [1/1] (0.00ns)   --->   "%conv_i_i_i4054077_reload_read = read i32 @_ssdm_op_Read.ap_auto.i32, i32 %conv_i_i_i4054077_reload"   --->   Operation 104 'read' 'conv_i_i_i4054077_reload_read' <Predicate = true> <Delay = 0.00>
ST_1 : Operation 105 [1/1] (0.00ns)   --->   "%conv_i_i_i4054079_reload_read = read i32 @_ssdm_op_Read.ap_auto.i32, i32 %conv_i_i_i4054079_reload"   --->   Operation 105 'read' 'conv_i_i_i4054079_reload_read' <Predicate = true> <Delay = 0.00>
ST_1 : Operation 106 [1/1] (0.00ns)   --->   "%conv_i_i_i4054081_reload_read = read i32 @_ssdm_op_Read.ap_auto.i32, i32 %conv_i_i_i4054081_reload"   --->   Operation 106 'read' 'conv_i_i_i4054081_reload_read' <Predicate = true> <Delay = 0.00>
ST_1 : Operation 107 [1/1] (0.00ns)   --->   "%conv_i_i_i4054083_reload_read = read i32 @_ssdm_op_Read.ap_auto.i32, i32 %conv_i_i_i4054083_reload"   --->   Operation 107 'read' 'conv_i_i_i4054083_reload_read' <Predicate = true> <Delay = 0.00>
ST_1 : Operation 108 [1/1] (0.00ns)   --->   "%conv_i_i_i4054085_reload_read = read i32 @_ssdm_op_Read.ap_auto.i32, i32 %conv_i_i_i4054085_reload"   --->   Operation 108 'read' 'conv_i_i_i4054085_reload_read' <Predicate = true> <Delay = 0.00>
ST_1 : Operation 109 [1/1] (0.00ns)   --->   "%conv_i_i_i4054087_reload_read = read i32 @_ssdm_op_Read.ap_auto.i32, i32 %conv_i_i_i4054087_reload"   --->   Operation 109 'read' 'conv_i_i_i4054087_reload_read' <Predicate = true> <Delay = 0.00>
ST_1 : Operation 110 [1/1] (0.00ns)   --->   "%conv_i_i_i4054089_reload_read = read i32 @_ssdm_op_Read.ap_auto.i32, i32 %conv_i_i_i4054089_reload"   --->   Operation 110 'read' 'conv_i_i_i4054089_reload_read' <Predicate = true> <Delay = 0.00>
ST_1 : Operation 111 [1/1] (0.00ns)   --->   "%conv_i_i_i4054091_reload_read = read i32 @_ssdm_op_Read.ap_auto.i32, i32 %conv_i_i_i4054091_reload"   --->   Operation 111 'read' 'conv_i_i_i4054091_reload_read' <Predicate = true> <Delay = 0.00>
ST_1 : Operation 112 [1/1] (0.00ns)   --->   "%conv_i_i_i4054093_reload_read = read i32 @_ssdm_op_Read.ap_auto.i32, i32 %conv_i_i_i4054093_reload"   --->   Operation 112 'read' 'conv_i_i_i4054093_reload_read' <Predicate = true> <Delay = 0.00>
ST_1 : Operation 113 [1/1] (0.00ns)   --->   "%v_506_read = read i32 @_ssdm_op_Read.ap_auto.i32, i32 %v_506"   --->   Operation 113 'read' 'v_506_read' <Predicate = true> <Delay = 0.00>
ST_1 : Operation 114 [1/1] (0.00ns)   --->   "%v_492_read = read i32 @_ssdm_op_Read.ap_auto.i32, i32 %v_492"   --->   Operation 114 'read' 'v_492_read' <Predicate = true> <Delay = 0.00>
ST_1 : Operation 115 [1/1] (0.00ns)   --->   "%conv_i_i_i4054127_reload_read = read i32 @_ssdm_op_Read.ap_auto.i32, i32 %conv_i_i_i4054127_reload"   --->   Operation 115 'read' 'conv_i_i_i4054127_reload_read' <Predicate = true> <Delay = 0.00>
ST_1 : Operation 116 [1/1] (0.00ns)   --->   "%conv_i_i_i4054097_reload_read = read i32 @_ssdm_op_Read.ap_auto.i32, i32 %conv_i_i_i4054097_reload"   --->   Operation 116 'read' 'conv_i_i_i4054097_reload_read' <Predicate = true> <Delay = 0.00>
ST_1 : Operation 117 [1/1] (0.00ns)   --->   "%v_505_read = read i32 @_ssdm_op_Read.ap_auto.i32, i32 %v_505"   --->   Operation 117 'read' 'v_505_read' <Predicate = true> <Delay = 0.00>
ST_1 : Operation 118 [1/1] (0.00ns)   --->   "%v_491_read = read i32 @_ssdm_op_Read.ap_auto.i32, i32 %v_491"   --->   Operation 118 'read' 'v_491_read' <Predicate = true> <Delay = 0.00>
ST_1 : Operation 119 [1/1] (0.00ns)   --->   "%conv_i_i_i4054159_reload_read = read i32 @_ssdm_op_Read.ap_auto.i32, i32 %conv_i_i_i4054159_reload"   --->   Operation 119 'read' 'conv_i_i_i4054159_reload_read' <Predicate = true> <Delay = 0.00>
ST_1 : Operation 120 [1/1] (0.00ns)   --->   "%conv_i_i_i4054129_reload_read = read i32 @_ssdm_op_Read.ap_auto.i32, i32 %conv_i_i_i4054129_reload"   --->   Operation 120 'read' 'conv_i_i_i4054129_reload_read' <Predicate = true> <Delay = 0.00>
ST_1 : Operation 121 [1/1] (0.00ns)   --->   "%v_504_read = read i32 @_ssdm_op_Read.ap_auto.i32, i32 %v_504"   --->   Operation 121 'read' 'v_504_read' <Predicate = true> <Delay = 0.00>
ST_1 : Operation 122 [1/1] (0.00ns)   --->   "%v_490_read = read i32 @_ssdm_op_Read.ap_auto.i32, i32 %v_490"   --->   Operation 122 'read' 'v_490_read' <Predicate = true> <Delay = 0.00>
ST_1 : Operation 123 [1/1] (0.00ns)   --->   "%conv_i_i_i4054191_reload_read = read i32 @_ssdm_op_Read.ap_auto.i32, i32 %conv_i_i_i4054191_reload"   --->   Operation 123 'read' 'conv_i_i_i4054191_reload_read' <Predicate = true> <Delay = 0.00>
ST_1 : Operation 124 [1/1] (0.00ns)   --->   "%conv_i_i_i4054161_reload_read = read i32 @_ssdm_op_Read.ap_auto.i32, i32 %conv_i_i_i4054161_reload"   --->   Operation 124 'read' 'conv_i_i_i4054161_reload_read' <Predicate = true> <Delay = 0.00>
ST_1 : Operation 125 [1/1] (0.00ns)   --->   "%v_503_read = read i32 @_ssdm_op_Read.ap_auto.i32, i32 %v_503"   --->   Operation 125 'read' 'v_503_read' <Predicate = true> <Delay = 0.00>
ST_1 : Operation 126 [1/1] (0.00ns)   --->   "%v_489_read = read i32 @_ssdm_op_Read.ap_auto.i32, i32 %v_489"   --->   Operation 126 'read' 'v_489_read' <Predicate = true> <Delay = 0.00>
ST_1 : Operation 127 [1/1] (0.00ns)   --->   "%conv_i_i_i4054223_reload_read = read i32 @_ssdm_op_Read.ap_auto.i32, i32 %conv_i_i_i4054223_reload"   --->   Operation 127 'read' 'conv_i_i_i4054223_reload_read' <Predicate = true> <Delay = 0.00>
ST_1 : Operation 128 [1/1] (0.00ns)   --->   "%conv_i_i_i4054193_reload_read = read i32 @_ssdm_op_Read.ap_auto.i32, i32 %conv_i_i_i4054193_reload"   --->   Operation 128 'read' 'conv_i_i_i4054193_reload_read' <Predicate = true> <Delay = 0.00>
ST_1 : Operation 129 [1/1] (0.00ns)   --->   "%v_502_read = read i32 @_ssdm_op_Read.ap_auto.i32, i32 %v_502"   --->   Operation 129 'read' 'v_502_read' <Predicate = true> <Delay = 0.00>
ST_1 : Operation 130 [1/1] (0.00ns)   --->   "%v_488_read = read i32 @_ssdm_op_Read.ap_auto.i32, i32 %v_488"   --->   Operation 130 'read' 'v_488_read' <Predicate = true> <Delay = 0.00>
ST_1 : Operation 131 [1/1] (0.00ns)   --->   "%conv_i_i_i4054255_reload_read = read i32 @_ssdm_op_Read.ap_auto.i32, i32 %conv_i_i_i4054255_reload"   --->   Operation 131 'read' 'conv_i_i_i4054255_reload_read' <Predicate = true> <Delay = 0.00>
ST_1 : Operation 132 [1/1] (0.00ns)   --->   "%conv_i_i_i4054225_reload_read = read i32 @_ssdm_op_Read.ap_auto.i32, i32 %conv_i_i_i4054225_reload"   --->   Operation 132 'read' 'conv_i_i_i4054225_reload_read' <Predicate = true> <Delay = 0.00>
ST_1 : Operation 133 [1/1] (0.00ns)   --->   "%v_501_read = read i32 @_ssdm_op_Read.ap_auto.i32, i32 %v_501"   --->   Operation 133 'read' 'v_501_read' <Predicate = true> <Delay = 0.00>
ST_1 : Operation 134 [1/1] (0.00ns)   --->   "%v_487_read = read i32 @_ssdm_op_Read.ap_auto.i32, i32 %v_487"   --->   Operation 134 'read' 'v_487_read' <Predicate = true> <Delay = 0.00>
ST_1 : Operation 135 [1/1] (0.00ns)   --->   "%conv_i_i_i4054287_reload_read = read i32 @_ssdm_op_Read.ap_auto.i32, i32 %conv_i_i_i4054287_reload"   --->   Operation 135 'read' 'conv_i_i_i4054287_reload_read' <Predicate = true> <Delay = 0.00>
ST_1 : Operation 136 [1/1] (0.00ns)   --->   "%conv_i_i_i4054257_reload_read = read i32 @_ssdm_op_Read.ap_auto.i32, i32 %conv_i_i_i4054257_reload"   --->   Operation 136 'read' 'conv_i_i_i4054257_reload_read' <Predicate = true> <Delay = 0.00>
ST_1 : Operation 137 [1/1] (0.00ns)   --->   "%v_500_read = read i32 @_ssdm_op_Read.ap_auto.i32, i32 %v_500"   --->   Operation 137 'read' 'v_500_read' <Predicate = true> <Delay = 0.00>
ST_1 : Operation 138 [1/1] (0.00ns)   --->   "%v_486_read = read i32 @_ssdm_op_Read.ap_auto.i32, i32 %v_486"   --->   Operation 138 'read' 'v_486_read' <Predicate = true> <Delay = 0.00>
ST_1 : Operation 139 [1/1] (0.00ns)   --->   "%conv_i_i_i4054319_reload_read = read i32 @_ssdm_op_Read.ap_auto.i32, i32 %conv_i_i_i4054319_reload"   --->   Operation 139 'read' 'conv_i_i_i4054319_reload_read' <Predicate = true> <Delay = 0.00>
ST_1 : Operation 140 [1/1] (0.00ns)   --->   "%conv_i_i_i4054289_reload_read = read i32 @_ssdm_op_Read.ap_auto.i32, i32 %conv_i_i_i4054289_reload"   --->   Operation 140 'read' 'conv_i_i_i4054289_reload_read' <Predicate = true> <Delay = 0.00>
ST_1 : Operation 141 [1/1] (0.00ns)   --->   "%v_499_read = read i32 @_ssdm_op_Read.ap_auto.i32, i32 %v_499"   --->   Operation 141 'read' 'v_499_read' <Predicate = true> <Delay = 0.00>
ST_1 : Operation 142 [1/1] (0.00ns)   --->   "%v_485_read = read i32 @_ssdm_op_Read.ap_auto.i32, i32 %v_485"   --->   Operation 142 'read' 'v_485_read' <Predicate = true> <Delay = 0.00>
ST_1 : Operation 143 [1/1] (0.00ns)   --->   "%conv_i_i_i4054351_reload_read = read i32 @_ssdm_op_Read.ap_auto.i32, i32 %conv_i_i_i4054351_reload"   --->   Operation 143 'read' 'conv_i_i_i4054351_reload_read' <Predicate = true> <Delay = 0.00>
ST_1 : Operation 144 [1/1] (0.00ns)   --->   "%conv_i_i_i4054321_reload_read = read i32 @_ssdm_op_Read.ap_auto.i32, i32 %conv_i_i_i4054321_reload"   --->   Operation 144 'read' 'conv_i_i_i4054321_reload_read' <Predicate = true> <Delay = 0.00>
ST_1 : Operation 145 [1/1] (0.00ns)   --->   "%v_498_read = read i32 @_ssdm_op_Read.ap_auto.i32, i32 %v_498"   --->   Operation 145 'read' 'v_498_read' <Predicate = true> <Delay = 0.00>
ST_1 : Operation 146 [1/1] (0.00ns)   --->   "%v_484_read = read i32 @_ssdm_op_Read.ap_auto.i32, i32 %v_484"   --->   Operation 146 'read' 'v_484_read' <Predicate = true> <Delay = 0.00>
ST_1 : Operation 147 [1/1] (0.00ns)   --->   "%conv_i_i_i4054383_reload_read = read i32 @_ssdm_op_Read.ap_auto.i32, i32 %conv_i_i_i4054383_reload"   --->   Operation 147 'read' 'conv_i_i_i4054383_reload_read' <Predicate = true> <Delay = 0.00>
ST_1 : Operation 148 [1/1] (0.00ns)   --->   "%conv_i_i_i4054353_reload_read = read i32 @_ssdm_op_Read.ap_auto.i32, i32 %conv_i_i_i4054353_reload"   --->   Operation 148 'read' 'conv_i_i_i4054353_reload_read' <Predicate = true> <Delay = 0.00>
ST_1 : Operation 149 [1/1] (0.00ns)   --->   "%v_497_read = read i32 @_ssdm_op_Read.ap_auto.i32, i32 %v_497"   --->   Operation 149 'read' 'v_497_read' <Predicate = true> <Delay = 0.00>
ST_1 : Operation 150 [1/1] (0.00ns)   --->   "%v_483_read = read i32 @_ssdm_op_Read.ap_auto.i32, i32 %v_483"   --->   Operation 150 'read' 'v_483_read' <Predicate = true> <Delay = 0.00>
ST_1 : Operation 151 [1/1] (0.00ns)   --->   "%conv_i_i_i4054415_reload_read = read i32 @_ssdm_op_Read.ap_auto.i32, i32 %conv_i_i_i4054415_reload"   --->   Operation 151 'read' 'conv_i_i_i4054415_reload_read' <Predicate = true> <Delay = 0.00>
ST_1 : Operation 152 [1/1] (0.00ns)   --->   "%conv_i_i_i4054385_reload_read = read i32 @_ssdm_op_Read.ap_auto.i32, i32 %conv_i_i_i4054385_reload"   --->   Operation 152 'read' 'conv_i_i_i4054385_reload_read' <Predicate = true> <Delay = 0.00>
ST_1 : Operation 153 [1/1] (0.00ns)   --->   "%v_496_read = read i32 @_ssdm_op_Read.ap_auto.i32, i32 %v_496"   --->   Operation 153 'read' 'v_496_read' <Predicate = true> <Delay = 0.00>
ST_1 : Operation 154 [1/1] (0.00ns)   --->   "%v_482_read = read i32 @_ssdm_op_Read.ap_auto.i32, i32 %v_482"   --->   Operation 154 'read' 'v_482_read' <Predicate = true> <Delay = 0.00>
ST_1 : Operation 155 [1/1] (0.00ns)   --->   "%conv_i_i_i4054447_reload_read = read i32 @_ssdm_op_Read.ap_auto.i32, i32 %conv_i_i_i4054447_reload"   --->   Operation 155 'read' 'conv_i_i_i4054447_reload_read' <Predicate = true> <Delay = 0.00>
ST_1 : Operation 156 [1/1] (0.00ns)   --->   "%conv_i_i_i4054417_reload_read = read i32 @_ssdm_op_Read.ap_auto.i32, i32 %conv_i_i_i4054417_reload"   --->   Operation 156 'read' 'conv_i_i_i4054417_reload_read' <Predicate = true> <Delay = 0.00>
ST_1 : Operation 157 [1/1] (0.00ns)   --->   "%v_495_read = read i32 @_ssdm_op_Read.ap_auto.i32, i32 %v_495"   --->   Operation 157 'read' 'v_495_read' <Predicate = true> <Delay = 0.00>
ST_1 : Operation 158 [1/1] (0.00ns)   --->   "%v_481_read = read i32 @_ssdm_op_Read.ap_auto.i32, i32 %v_481"   --->   Operation 158 'read' 'v_481_read' <Predicate = true> <Delay = 0.00>
ST_1 : Operation 159 [1/1] (0.00ns)   --->   "%conv_i_i_i4054479_reload_read = read i32 @_ssdm_op_Read.ap_auto.i32, i32 %conv_i_i_i4054479_reload"   --->   Operation 159 'read' 'conv_i_i_i4054479_reload_read' <Predicate = true> <Delay = 0.00>
ST_1 : Operation 160 [1/1] (0.00ns)   --->   "%conv_i_i_i4054449_reload_read = read i32 @_ssdm_op_Read.ap_auto.i32, i32 %conv_i_i_i4054449_reload"   --->   Operation 160 'read' 'conv_i_i_i4054449_reload_read' <Predicate = true> <Delay = 0.00>
ST_1 : Operation 161 [1/1] (0.00ns)   --->   "%v_494_read = read i32 @_ssdm_op_Read.ap_auto.i32, i32 %v_494"   --->   Operation 161 'read' 'v_494_read' <Predicate = true> <Delay = 0.00>
ST_1 : Operation 162 [1/1] (0.00ns)   --->   "%v_480_read = read i32 @_ssdm_op_Read.ap_auto.i32, i32 %v_480"   --->   Operation 162 'read' 'v_480_read' <Predicate = true> <Delay = 0.00>
ST_1 : Operation 163 [1/1] (0.00ns)   --->   "%v_478_read = read i32 @_ssdm_op_Read.ap_auto.i32, i32 %v_478"   --->   Operation 163 'read' 'v_478_read' <Predicate = true> <Delay = 0.00>
ST_1 : Operation 164 [1/1] (0.00ns)   --->   "%conv_i_i_i4054481_reload_read = read i32 @_ssdm_op_Read.ap_auto.i32, i32 %conv_i_i_i4054481_reload"   --->   Operation 164 'read' 'conv_i_i_i4054481_reload_read' <Predicate = true> <Delay = 0.00>
ST_1 : Operation 165 [1/1] (0.00ns)   --->   "%v_507_read = read i32 @_ssdm_op_Read.ap_auto.i32, i32 %v_507"   --->   Operation 165 'read' 'v_507_read' <Predicate = true> <Delay = 0.00>
ST_1 : Operation 166 [1/1] (0.00ns)   --->   "%v_493_read = read i32 @_ssdm_op_Read.ap_auto.i32, i32 %v_493"   --->   Operation 166 'read' 'v_493_read' <Predicate = true> <Delay = 0.00>
ST_1 : Operation 167 [1/1] (0.00ns)   --->   "%conv_i_i_i4054095_reload_read = read i32 @_ssdm_op_Read.ap_auto.i32, i32 %conv_i_i_i4054095_reload"   --->   Operation 167 'read' 'conv_i_i_i4054095_reload_read' <Predicate = true> <Delay = 0.00>
ST_1 : Operation 168 [1/1] (0.00ns)   --->   "%v_477_read = read i32 @_ssdm_op_Read.ap_auto.i32, i32 %v_477"   --->   Operation 168 'read' 'v_477_read' <Predicate = true> <Delay = 0.00>
ST_1 : Operation 169 [1/1] (0.42ns)   --->   "%store_ln0 = store i32 %v_477_read, i32 %p_0_0_09605067"   --->   Operation 169 'store' 'store_ln0' <Predicate = true> <Delay = 0.42>
ST_1 : Operation 170 [1/1] (0.42ns)   --->   "%store_ln0 = store i32 %conv_i_i_i4054095_reload_read, i32 %p_0_0_09615065"   --->   Operation 170 'store' 'store_ln0' <Predicate = true> <Delay = 0.42>
ST_1 : Operation 171 [1/1] (0.42ns)   --->   "%store_ln0 = store i32 %v_493_read, i32 %p_0_0_09625063"   --->   Operation 171 'store' 'store_ln0' <Predicate = true> <Delay = 0.42>
ST_1 : Operation 172 [1/1] (0.42ns)   --->   "%store_ln0 = store i32 %v_507_read, i32 %p_0_0_09635061"   --->   Operation 172 'store' 'store_ln0' <Predicate = true> <Delay = 0.42>
ST_1 : Operation 173 [1/1] (0.42ns)   --->   "%store_ln0 = store i32 %conv_i_i_i4054481_reload_read, i32 %p_0_0_09605059"   --->   Operation 173 'store' 'store_ln0' <Predicate = true> <Delay = 0.42>
ST_1 : Operation 174 [1/1] (0.42ns)   --->   "%store_ln0 = store i32 %v_478_read, i32 %p_0_0_09615057"   --->   Operation 174 'store' 'store_ln0' <Predicate = true> <Delay = 0.42>
ST_1 : Operation 175 [1/1] (0.42ns)   --->   "%store_ln0 = store i32 %v_480_read, i32 %p_0_0_09625055"   --->   Operation 175 'store' 'store_ln0' <Predicate = true> <Delay = 0.42>
ST_1 : Operation 176 [1/1] (0.42ns)   --->   "%store_ln0 = store i32 %v_494_read, i32 %p_0_0_09635053"   --->   Operation 176 'store' 'store_ln0' <Predicate = true> <Delay = 0.42>
ST_1 : Operation 177 [1/1] (0.42ns)   --->   "%store_ln0 = store i32 %conv_i_i_i4054449_reload_read, i32 %p_0_0_09605051"   --->   Operation 177 'store' 'store_ln0' <Predicate = true> <Delay = 0.42>
ST_1 : Operation 178 [1/1] (0.42ns)   --->   "%store_ln0 = store i32 %conv_i_i_i4054479_reload_read, i32 %p_0_0_09615049"   --->   Operation 178 'store' 'store_ln0' <Predicate = true> <Delay = 0.42>
ST_1 : Operation 179 [1/1] (0.42ns)   --->   "%store_ln0 = store i32 %v_481_read, i32 %p_0_0_09625047"   --->   Operation 179 'store' 'store_ln0' <Predicate = true> <Delay = 0.42>
ST_1 : Operation 180 [1/1] (0.42ns)   --->   "%store_ln0 = store i32 %v_495_read, i32 %p_0_0_09635045"   --->   Operation 180 'store' 'store_ln0' <Predicate = true> <Delay = 0.42>
ST_1 : Operation 181 [1/1] (0.42ns)   --->   "%store_ln0 = store i32 %conv_i_i_i4054417_reload_read, i32 %p_0_0_09605043"   --->   Operation 181 'store' 'store_ln0' <Predicate = true> <Delay = 0.42>
ST_1 : Operation 182 [1/1] (0.42ns)   --->   "%store_ln0 = store i32 %conv_i_i_i4054447_reload_read, i32 %p_0_0_09615041"   --->   Operation 182 'store' 'store_ln0' <Predicate = true> <Delay = 0.42>
ST_1 : Operation 183 [1/1] (0.42ns)   --->   "%store_ln0 = store i32 %v_482_read, i32 %p_0_0_09625039"   --->   Operation 183 'store' 'store_ln0' <Predicate = true> <Delay = 0.42>
ST_1 : Operation 184 [1/1] (0.42ns)   --->   "%store_ln0 = store i32 %v_496_read, i32 %p_0_0_09635037"   --->   Operation 184 'store' 'store_ln0' <Predicate = true> <Delay = 0.42>
ST_1 : Operation 185 [1/1] (0.42ns)   --->   "%store_ln0 = store i32 %conv_i_i_i4054385_reload_read, i32 %p_0_0_09605035"   --->   Operation 185 'store' 'store_ln0' <Predicate = true> <Delay = 0.42>
ST_1 : Operation 186 [1/1] (0.42ns)   --->   "%store_ln0 = store i32 %conv_i_i_i4054415_reload_read, i32 %p_0_0_09615033"   --->   Operation 186 'store' 'store_ln0' <Predicate = true> <Delay = 0.42>
ST_1 : Operation 187 [1/1] (0.42ns)   --->   "%store_ln0 = store i32 %v_483_read, i32 %p_0_0_09625031"   --->   Operation 187 'store' 'store_ln0' <Predicate = true> <Delay = 0.42>
ST_1 : Operation 188 [1/1] (0.42ns)   --->   "%store_ln0 = store i32 %v_497_read, i32 %p_0_0_09635029"   --->   Operation 188 'store' 'store_ln0' <Predicate = true> <Delay = 0.42>
ST_1 : Operation 189 [1/1] (0.42ns)   --->   "%store_ln0 = store i32 %conv_i_i_i4054353_reload_read, i32 %p_0_0_09605027"   --->   Operation 189 'store' 'store_ln0' <Predicate = true> <Delay = 0.42>
ST_1 : Operation 190 [1/1] (0.42ns)   --->   "%store_ln0 = store i32 %conv_i_i_i4054383_reload_read, i32 %p_0_0_09615025"   --->   Operation 190 'store' 'store_ln0' <Predicate = true> <Delay = 0.42>
ST_1 : Operation 191 [1/1] (0.42ns)   --->   "%store_ln0 = store i32 %v_484_read, i32 %p_0_0_09625023"   --->   Operation 191 'store' 'store_ln0' <Predicate = true> <Delay = 0.42>
ST_1 : Operation 192 [1/1] (0.42ns)   --->   "%store_ln0 = store i32 %v_498_read, i32 %p_0_0_09635021"   --->   Operation 192 'store' 'store_ln0' <Predicate = true> <Delay = 0.42>
ST_1 : Operation 193 [1/1] (0.42ns)   --->   "%store_ln0 = store i32 %conv_i_i_i4054321_reload_read, i32 %p_0_0_09605019"   --->   Operation 193 'store' 'store_ln0' <Predicate = true> <Delay = 0.42>
ST_1 : Operation 194 [1/1] (0.42ns)   --->   "%store_ln0 = store i32 %conv_i_i_i4054351_reload_read, i32 %p_0_0_09615017"   --->   Operation 194 'store' 'store_ln0' <Predicate = true> <Delay = 0.42>
ST_1 : Operation 195 [1/1] (0.42ns)   --->   "%store_ln0 = store i32 %v_485_read, i32 %p_0_0_09625015"   --->   Operation 195 'store' 'store_ln0' <Predicate = true> <Delay = 0.42>
ST_1 : Operation 196 [1/1] (0.42ns)   --->   "%store_ln0 = store i32 %v_499_read, i32 %p_0_0_09635013"   --->   Operation 196 'store' 'store_ln0' <Predicate = true> <Delay = 0.42>
ST_1 : Operation 197 [1/1] (0.42ns)   --->   "%store_ln0 = store i32 %conv_i_i_i4054289_reload_read, i32 %p_0_0_09605011"   --->   Operation 197 'store' 'store_ln0' <Predicate = true> <Delay = 0.42>
ST_1 : Operation 198 [1/1] (0.42ns)   --->   "%store_ln0 = store i32 %conv_i_i_i4054319_reload_read, i32 %p_0_0_09615009"   --->   Operation 198 'store' 'store_ln0' <Predicate = true> <Delay = 0.42>
ST_1 : Operation 199 [1/1] (0.42ns)   --->   "%store_ln0 = store i32 %v_486_read, i32 %p_0_0_09625007"   --->   Operation 199 'store' 'store_ln0' <Predicate = true> <Delay = 0.42>
ST_1 : Operation 200 [1/1] (0.42ns)   --->   "%store_ln0 = store i32 %v_500_read, i32 %p_0_0_09635005"   --->   Operation 200 'store' 'store_ln0' <Predicate = true> <Delay = 0.42>
ST_1 : Operation 201 [1/1] (0.42ns)   --->   "%store_ln0 = store i32 %conv_i_i_i4054257_reload_read, i32 %p_0_0_09605003"   --->   Operation 201 'store' 'store_ln0' <Predicate = true> <Delay = 0.42>
ST_1 : Operation 202 [1/1] (0.42ns)   --->   "%store_ln0 = store i32 %conv_i_i_i4054287_reload_read, i32 %p_0_0_09615001"   --->   Operation 202 'store' 'store_ln0' <Predicate = true> <Delay = 0.42>
ST_1 : Operation 203 [1/1] (0.42ns)   --->   "%store_ln0 = store i32 %v_487_read, i32 %p_0_0_09624999"   --->   Operation 203 'store' 'store_ln0' <Predicate = true> <Delay = 0.42>
ST_1 : Operation 204 [1/1] (0.42ns)   --->   "%store_ln0 = store i32 %v_501_read, i32 %p_0_0_09634997"   --->   Operation 204 'store' 'store_ln0' <Predicate = true> <Delay = 0.42>
ST_1 : Operation 205 [1/1] (0.42ns)   --->   "%store_ln0 = store i32 %conv_i_i_i4054225_reload_read, i32 %p_0_0_09604995"   --->   Operation 205 'store' 'store_ln0' <Predicate = true> <Delay = 0.42>
ST_1 : Operation 206 [1/1] (0.42ns)   --->   "%store_ln0 = store i32 %conv_i_i_i4054255_reload_read, i32 %p_0_0_09614993"   --->   Operation 206 'store' 'store_ln0' <Predicate = true> <Delay = 0.42>
ST_1 : Operation 207 [1/1] (0.42ns)   --->   "%store_ln0 = store i32 %v_488_read, i32 %p_0_0_09624991"   --->   Operation 207 'store' 'store_ln0' <Predicate = true> <Delay = 0.42>
ST_1 : Operation 208 [1/1] (0.42ns)   --->   "%store_ln0 = store i32 %v_502_read, i32 %p_0_0_09634989"   --->   Operation 208 'store' 'store_ln0' <Predicate = true> <Delay = 0.42>
ST_1 : Operation 209 [1/1] (0.42ns)   --->   "%store_ln0 = store i32 %conv_i_i_i4054193_reload_read, i32 %p_0_0_09604987"   --->   Operation 209 'store' 'store_ln0' <Predicate = true> <Delay = 0.42>
ST_1 : Operation 210 [1/1] (0.42ns)   --->   "%store_ln0 = store i32 %conv_i_i_i4054223_reload_read, i32 %p_0_0_09614985"   --->   Operation 210 'store' 'store_ln0' <Predicate = true> <Delay = 0.42>
ST_1 : Operation 211 [1/1] (0.42ns)   --->   "%store_ln0 = store i32 %v_489_read, i32 %p_0_0_09624983"   --->   Operation 211 'store' 'store_ln0' <Predicate = true> <Delay = 0.42>
ST_1 : Operation 212 [1/1] (0.42ns)   --->   "%store_ln0 = store i32 %v_503_read, i32 %p_0_0_09634981"   --->   Operation 212 'store' 'store_ln0' <Predicate = true> <Delay = 0.42>
ST_1 : Operation 213 [1/1] (0.42ns)   --->   "%store_ln0 = store i32 %conv_i_i_i4054161_reload_read, i32 %p_0_0_09604979"   --->   Operation 213 'store' 'store_ln0' <Predicate = true> <Delay = 0.42>
ST_1 : Operation 214 [1/1] (0.42ns)   --->   "%store_ln0 = store i32 %conv_i_i_i4054191_reload_read, i32 %p_0_0_09614977"   --->   Operation 214 'store' 'store_ln0' <Predicate = true> <Delay = 0.42>
ST_1 : Operation 215 [1/1] (0.42ns)   --->   "%store_ln0 = store i32 %v_490_read, i32 %p_0_0_09624975"   --->   Operation 215 'store' 'store_ln0' <Predicate = true> <Delay = 0.42>
ST_1 : Operation 216 [1/1] (0.42ns)   --->   "%store_ln0 = store i32 %v_504_read, i32 %p_0_0_09634973"   --->   Operation 216 'store' 'store_ln0' <Predicate = true> <Delay = 0.42>
ST_1 : Operation 217 [1/1] (0.42ns)   --->   "%store_ln0 = store i32 %conv_i_i_i4054129_reload_read, i32 %p_0_0_09604971"   --->   Operation 217 'store' 'store_ln0' <Predicate = true> <Delay = 0.42>
ST_1 : Operation 218 [1/1] (0.42ns)   --->   "%store_ln0 = store i32 %conv_i_i_i4054159_reload_read, i32 %p_0_0_09614969"   --->   Operation 218 'store' 'store_ln0' <Predicate = true> <Delay = 0.42>
ST_1 : Operation 219 [1/1] (0.42ns)   --->   "%store_ln0 = store i32 %v_491_read, i32 %p_0_0_09624967"   --->   Operation 219 'store' 'store_ln0' <Predicate = true> <Delay = 0.42>
ST_1 : Operation 220 [1/1] (0.42ns)   --->   "%store_ln0 = store i32 %v_505_read, i32 %p_0_0_09634965"   --->   Operation 220 'store' 'store_ln0' <Predicate = true> <Delay = 0.42>
ST_1 : Operation 221 [1/1] (0.42ns)   --->   "%store_ln0 = store i32 %conv_i_i_i4054097_reload_read, i32 %p_0_0_09604963"   --->   Operation 221 'store' 'store_ln0' <Predicate = true> <Delay = 0.42>
ST_1 : Operation 222 [1/1] (0.42ns)   --->   "%store_ln0 = store i32 %conv_i_i_i4054127_reload_read, i32 %p_0_0_09614961"   --->   Operation 222 'store' 'store_ln0' <Predicate = true> <Delay = 0.42>
ST_1 : Operation 223 [1/1] (0.42ns)   --->   "%store_ln0 = store i32 %v_492_read, i32 %p_0_0_09624959"   --->   Operation 223 'store' 'store_ln0' <Predicate = true> <Delay = 0.42>
ST_1 : Operation 224 [1/1] (0.42ns)   --->   "%store_ln0 = store i32 %v_506_read, i32 %p_0_0_09634957"   --->   Operation 224 'store' 'store_ln0' <Predicate = true> <Delay = 0.42>
ST_1 : Operation 225 [1/1] (0.42ns)   --->   "%store_ln0 = store i4 1, i4 %i_1"   --->   Operation 225 'store' 'store_ln0' <Predicate = true> <Delay = 0.42>
ST_1 : Operation 226 [1/1] (0.00ns)   --->   "%br_ln0 = br void %for.inc193"   --->   Operation 226 'br' 'br_ln0' <Predicate = true> <Delay = 0.00>
ST_1 : Operation 227 [1/1] (0.00ns)   --->   "%i = load i4 %i_1" [fpga/kernel.cpp:141]   --->   Operation 227 'load' 'i' <Predicate = true> <Delay = 0.00>
ST_1 : Operation 228 [1/1] (0.00ns)   --->   "%specpipeline_ln0 = specpipeline void @_ssdm_op_SpecPipeline, i32 4294967295, i32 0, i32 1, i32 0, void @p_str"   --->   Operation 228 'specpipeline' 'specpipeline_ln0' <Predicate = true> <Delay = 0.00>
ST_1 : Operation 229 [1/1] (0.79ns)   --->   "%icmp_ln141 = icmp_eq  i4 %i, i4 15" [fpga/kernel.cpp:141]   --->   Operation 229 'icmp' 'icmp_ln141' <Predicate = true> <Delay = 0.79> <CoreInst = "Cmp">   --->   Core 9 'Cmp' <Latency = 0> <II = 1> <Delay = 0.79> <FuncUnit> <Opcode : 'icmp'> <InPorts = 2> <OutPorts = 1>
ST_1 : Operation 230 [1/1] (0.00ns)   --->   "%br_ln141 = br i1 %icmp_ln141, void %for.inc193.split, void %for.body205.preheader.exitStub" [fpga/kernel.cpp:141]   --->   Operation 230 'br' 'br_ln141' <Predicate = true> <Delay = 0.00>
ST_1 : Operation 231 [1/1] (0.00ns)   --->   "%speclooptripcount_ln141 = speclooptripcount void @_ssdm_op_SpecLoopTripCount, i64 14, i64 14, i64 14" [fpga/kernel.cpp:141]   --->   Operation 231 'speclooptripcount' 'speclooptripcount_ln141' <Predicate = (!icmp_ln141)> <Delay = 0.00>
ST_1 : Operation 232 [1/1] (0.00ns)   --->   "%specloopname_ln141 = specloopname void @_ssdm_op_SpecLoopName, void @empty_16" [fpga/kernel.cpp:141]   --->   Operation 232 'specloopname' 'specloopname_ln141' <Predicate = (!icmp_ln141)> <Delay = 0.00>
ST_1 : Operation 233 [1/1] (0.54ns)   --->   "%tmp_10 = mux i32 @_ssdm_op_Mux.ap_auto.15i32.i4, i32 0, i32 %conv_i_i_i4054093_reload_read, i32 %conv_i_i_i4054091_reload_read, i32 %conv_i_i_i4054089_reload_read, i32 %conv_i_i_i4054087_reload_read, i32 %conv_i_i_i4054085_reload_read, i32 %conv_i_i_i4054083_reload_read, i32 %conv_i_i_i4054081_reload_read, i32 %conv_i_i_i4054079_reload_read, i32 %conv_i_i_i4054077_reload_read, i32 %conv_i_i_i4054075_reload_read, i32 %conv_i_i_i4054073_reload_read, i32 %conv_i_i_i4054071_reload_read, i32 %conv_i_i_i4054069_reload_read, i32 %conv_i_i_i4054511_reload_read, i4 %i" [fpga/kernel.cpp:143]   --->   Operation 233 'mux' 'tmp_10' <Predicate = (!icmp_ln141)> <Delay = 0.54> <CoreInst = "Multiplexer">   --->   Core 76 'Multiplexer' <Latency = 0> <II = 1> <Delay = 0.54> <FuncUnit> <Opcode : 'mux'> <InPorts = 2> <OutPorts = 1>
ST_1 : Operation 234 [1/1] (0.54ns)   --->   "%tmp_12 = mux i32 @_ssdm_op_Mux.ap_auto.15i32.i4, i32 0, i32 %conv_i_i_i4054509_reload_read, i32 %conv_i_i_i4054507_reload_read, i32 %conv_i_i_i4054505_reload_read, i32 %conv_i_i_i4054503_reload_read, i32 %conv_i_i_i4054501_reload_read, i32 %conv_i_i_i4054499_reload_read, i32 %conv_i_i_i4054497_reload_read, i32 %conv_i_i_i4054495_reload_read, i32 %conv_i_i_i4054493_reload_read, i32 %conv_i_i_i4054491_reload_read, i32 %conv_i_i_i4054489_reload_read, i32 %conv_i_i_i4054487_reload_read, i32 %conv_i_i_i4054485_reload_read, i32 %conv_i_i_i4054483_reload_read, i4 %i" [fpga/kernel.cpp:144]   --->   Operation 234 'mux' 'tmp_12' <Predicate = (!icmp_ln141)> <Delay = 0.54> <CoreInst = "Multiplexer">   --->   Core 76 'Multiplexer' <Latency = 0> <II = 1> <Delay = 0.54> <FuncUnit> <Opcode : 'mux'> <InPorts = 2> <OutPorts = 1>
ST_1 : Operation 235 [1/1] (0.54ns)   --->   "%tmp_13 = mux i32 @_ssdm_op_Mux.ap_auto.15i32.i4, i32 0, i32 %conv_i_i_i4054483_reload_read, i32 %conv_i_i_i4054451_reload_read, i32 %conv_i_i_i4054419_reload_read, i32 %conv_i_i_i4054387_reload_read, i32 %conv_i_i_i4054355_reload_read, i32 %conv_i_i_i4054323_reload_read, i32 %conv_i_i_i4054291_reload_read, i32 %conv_i_i_i4054259_reload_read, i32 %conv_i_i_i4054227_reload_read, i32 %conv_i_i_i4054195_reload_read, i32 %conv_i_i_i4054163_reload_read, i32 %conv_i_i_i4054131_reload_read, i32 %conv_i_i_i4054099_reload_read, i32 %conv_i_i_i4054511_reload_read, i4 %i" [fpga/kernel.cpp:145]   --->   Operation 235 'mux' 'tmp_13' <Predicate = (!icmp_ln141)> <Delay = 0.54> <CoreInst = "Multiplexer">   --->   Core 76 'Multiplexer' <Latency = 0> <II = 1> <Delay = 0.54> <FuncUnit> <Opcode : 'mux'> <InPorts = 2> <OutPorts = 1>
ST_1 : Operation 236 [1/1] (0.54ns)   --->   "%tmp_14 = mux i32 @_ssdm_op_Mux.ap_auto.15i32.i4, i32 0, i32 %conv_i_i_i4054509_reload_read, i32 %conv_i_i_i4054477_reload_read, i32 %conv_i_i_i4054445_reload_read, i32 %conv_i_i_i4054413_reload_read, i32 %conv_i_i_i4054381_reload_read, i32 %conv_i_i_i4054349_reload_read, i32 %conv_i_i_i4054317_reload_read, i32 %conv_i_i_i4054285_reload_read, i32 %conv_i_i_i4054253_reload_read, i32 %conv_i_i_i4054221_reload_read, i32 %conv_i_i_i4054189_reload_read, i32 %conv_i_i_i4054157_reload_read, i32 %conv_i_i_i4054125_reload_read, i32 %conv_i_i_i4054093_reload_read, i4 %i" [fpga/kernel.cpp:146]   --->   Operation 236 'mux' 'tmp_14' <Predicate = (!icmp_ln141)> <Delay = 0.54> <CoreInst = "Multiplexer">   --->   Core 76 'Multiplexer' <Latency = 0> <II = 1> <Delay = 0.54> <FuncUnit> <Opcode : 'mux'> <InPorts = 2> <OutPorts = 1>
ST_1 : Operation 237 [1/1] (0.74ns)   --->   "%switch_ln143 = switch i4 %i, void %arrayidx192.case.239, i4 1, void %for.inc193.split.arrayidx192.exit_crit_edge109, i4 2, void %arrayidx192.case.47, i4 3, void %arrayidx192.case.63, i4 4, void %arrayidx192.case.79, i4 5, void %arrayidx192.case.95, i4 6, void %arrayidx192.case.111, i4 7, void %arrayidx192.case.127, i4 8, void %arrayidx192.case.143, i4 9, void %arrayidx192.case.159, i4 10, void %arrayidx192.case.175, i4 11, void %arrayidx192.case.191, i4 12, void %arrayidx192.case.207, i4 13, void %for.inc193.split.arrayidx192.exit_crit_edge" [fpga/kernel.cpp:143]   --->   Operation 237 'switch' 'switch_ln143' <Predicate = (!icmp_ln141)> <Delay = 0.74>
ST_1 : Operation 238 [1/1] (0.42ns)   --->   "%store_ln143 = store i32 %tmp_14, i32 %p_0_0_09604963" [fpga/kernel.cpp:143]   --->   Operation 238 'store' 'store_ln143' <Predicate = (!icmp_ln141 & i == 13)> <Delay = 0.42>
ST_1 : Operation 239 [1/1] (0.42ns)   --->   "%store_ln143 = store i32 %tmp_13, i32 %p_0_0_09614961" [fpga/kernel.cpp:143]   --->   Operation 239 'store' 'store_ln143' <Predicate = (!icmp_ln141 & i == 13)> <Delay = 0.42>
ST_1 : Operation 240 [1/1] (0.42ns)   --->   "%store_ln143 = store i32 %tmp_12, i32 %p_0_0_09624959" [fpga/kernel.cpp:143]   --->   Operation 240 'store' 'store_ln143' <Predicate = (!icmp_ln141 & i == 13)> <Delay = 0.42>
ST_1 : Operation 241 [1/1] (0.42ns)   --->   "%store_ln143 = store i32 %tmp_10, i32 %p_0_0_09634957" [fpga/kernel.cpp:143]   --->   Operation 241 'store' 'store_ln143' <Predicate = (!icmp_ln141 & i == 13)> <Delay = 0.42>
ST_1 : Operation 242 [1/1] (0.00ns)   --->   "%br_ln143 = br void %arrayidx192.exit" [fpga/kernel.cpp:143]   --->   Operation 242 'br' 'br_ln143' <Predicate = (!icmp_ln141 & i == 13)> <Delay = 0.00>
ST_1 : Operation 243 [1/1] (0.42ns)   --->   "%store_ln146 = store i32 %tmp_14, i32 %p_0_0_09604971" [fpga/kernel.cpp:146]   --->   Operation 243 'store' 'store_ln146' <Predicate = (!icmp_ln141 & i == 12)> <Delay = 0.42>
ST_1 : Operation 244 [1/1] (0.42ns)   --->   "%store_ln146 = store i32 %tmp_13, i32 %p_0_0_09614969" [fpga/kernel.cpp:146]   --->   Operation 244 'store' 'store_ln146' <Predicate = (!icmp_ln141 & i == 12)> <Delay = 0.42>
ST_1 : Operation 245 [1/1] (0.42ns)   --->   "%store_ln146 = store i32 %tmp_12, i32 %p_0_0_09624967" [fpga/kernel.cpp:146]   --->   Operation 245 'store' 'store_ln146' <Predicate = (!icmp_ln141 & i == 12)> <Delay = 0.42>
ST_1 : Operation 246 [1/1] (0.42ns)   --->   "%store_ln146 = store i32 %tmp_10, i32 %p_0_0_09634965" [fpga/kernel.cpp:146]   --->   Operation 246 'store' 'store_ln146' <Predicate = (!icmp_ln141 & i == 12)> <Delay = 0.42>
ST_1 : Operation 247 [1/1] (0.00ns)   --->   "%br_ln146 = br void %arrayidx192.exit" [fpga/kernel.cpp:146]   --->   Operation 247 'br' 'br_ln146' <Predicate = (!icmp_ln141 & i == 12)> <Delay = 0.00>
ST_1 : Operation 248 [1/1] (0.42ns)   --->   "%store_ln146 = store i32 %tmp_14, i32 %p_0_0_09604979" [fpga/kernel.cpp:146]   --->   Operation 248 'store' 'store_ln146' <Predicate = (!icmp_ln141 & i == 11)> <Delay = 0.42>
ST_1 : Operation 249 [1/1] (0.42ns)   --->   "%store_ln146 = store i32 %tmp_13, i32 %p_0_0_09614977" [fpga/kernel.cpp:146]   --->   Operation 249 'store' 'store_ln146' <Predicate = (!icmp_ln141 & i == 11)> <Delay = 0.42>
ST_1 : Operation 250 [1/1] (0.42ns)   --->   "%store_ln146 = store i32 %tmp_12, i32 %p_0_0_09624975" [fpga/kernel.cpp:146]   --->   Operation 250 'store' 'store_ln146' <Predicate = (!icmp_ln141 & i == 11)> <Delay = 0.42>
ST_1 : Operation 251 [1/1] (0.42ns)   --->   "%store_ln146 = store i32 %tmp_10, i32 %p_0_0_09634973" [fpga/kernel.cpp:146]   --->   Operation 251 'store' 'store_ln146' <Predicate = (!icmp_ln141 & i == 11)> <Delay = 0.42>
ST_1 : Operation 252 [1/1] (0.00ns)   --->   "%br_ln146 = br void %arrayidx192.exit" [fpga/kernel.cpp:146]   --->   Operation 252 'br' 'br_ln146' <Predicate = (!icmp_ln141 & i == 11)> <Delay = 0.00>
ST_1 : Operation 253 [1/1] (0.42ns)   --->   "%store_ln146 = store i32 %tmp_14, i32 %p_0_0_09604987" [fpga/kernel.cpp:146]   --->   Operation 253 'store' 'store_ln146' <Predicate = (!icmp_ln141 & i == 10)> <Delay = 0.42>
ST_1 : Operation 254 [1/1] (0.42ns)   --->   "%store_ln146 = store i32 %tmp_13, i32 %p_0_0_09614985" [fpga/kernel.cpp:146]   --->   Operation 254 'store' 'store_ln146' <Predicate = (!icmp_ln141 & i == 10)> <Delay = 0.42>
ST_1 : Operation 255 [1/1] (0.42ns)   --->   "%store_ln146 = store i32 %tmp_12, i32 %p_0_0_09624983" [fpga/kernel.cpp:146]   --->   Operation 255 'store' 'store_ln146' <Predicate = (!icmp_ln141 & i == 10)> <Delay = 0.42>
ST_1 : Operation 256 [1/1] (0.42ns)   --->   "%store_ln146 = store i32 %tmp_10, i32 %p_0_0_09634981" [fpga/kernel.cpp:146]   --->   Operation 256 'store' 'store_ln146' <Predicate = (!icmp_ln141 & i == 10)> <Delay = 0.42>
ST_1 : Operation 257 [1/1] (0.00ns)   --->   "%br_ln146 = br void %arrayidx192.exit" [fpga/kernel.cpp:146]   --->   Operation 257 'br' 'br_ln146' <Predicate = (!icmp_ln141 & i == 10)> <Delay = 0.00>
ST_1 : Operation 258 [1/1] (0.42ns)   --->   "%store_ln146 = store i32 %tmp_14, i32 %p_0_0_09604995" [fpga/kernel.cpp:146]   --->   Operation 258 'store' 'store_ln146' <Predicate = (!icmp_ln141 & i == 9)> <Delay = 0.42>
ST_1 : Operation 259 [1/1] (0.42ns)   --->   "%store_ln146 = store i32 %tmp_13, i32 %p_0_0_09614993" [fpga/kernel.cpp:146]   --->   Operation 259 'store' 'store_ln146' <Predicate = (!icmp_ln141 & i == 9)> <Delay = 0.42>
ST_1 : Operation 260 [1/1] (0.42ns)   --->   "%store_ln146 = store i32 %tmp_12, i32 %p_0_0_09624991" [fpga/kernel.cpp:146]   --->   Operation 260 'store' 'store_ln146' <Predicate = (!icmp_ln141 & i == 9)> <Delay = 0.42>
ST_1 : Operation 261 [1/1] (0.42ns)   --->   "%store_ln146 = store i32 %tmp_10, i32 %p_0_0_09634989" [fpga/kernel.cpp:146]   --->   Operation 261 'store' 'store_ln146' <Predicate = (!icmp_ln141 & i == 9)> <Delay = 0.42>
ST_1 : Operation 262 [1/1] (0.00ns)   --->   "%br_ln146 = br void %arrayidx192.exit" [fpga/kernel.cpp:146]   --->   Operation 262 'br' 'br_ln146' <Predicate = (!icmp_ln141 & i == 9)> <Delay = 0.00>
ST_1 : Operation 263 [1/1] (0.42ns)   --->   "%store_ln146 = store i32 %tmp_14, i32 %p_0_0_09605003" [fpga/kernel.cpp:146]   --->   Operation 263 'store' 'store_ln146' <Predicate = (!icmp_ln141 & i == 8)> <Delay = 0.42>
ST_1 : Operation 264 [1/1] (0.42ns)   --->   "%store_ln146 = store i32 %tmp_13, i32 %p_0_0_09615001" [fpga/kernel.cpp:146]   --->   Operation 264 'store' 'store_ln146' <Predicate = (!icmp_ln141 & i == 8)> <Delay = 0.42>
ST_1 : Operation 265 [1/1] (0.42ns)   --->   "%store_ln146 = store i32 %tmp_12, i32 %p_0_0_09624999" [fpga/kernel.cpp:146]   --->   Operation 265 'store' 'store_ln146' <Predicate = (!icmp_ln141 & i == 8)> <Delay = 0.42>
ST_1 : Operation 266 [1/1] (0.42ns)   --->   "%store_ln146 = store i32 %tmp_10, i32 %p_0_0_09634997" [fpga/kernel.cpp:146]   --->   Operation 266 'store' 'store_ln146' <Predicate = (!icmp_ln141 & i == 8)> <Delay = 0.42>
ST_1 : Operation 267 [1/1] (0.00ns)   --->   "%br_ln146 = br void %arrayidx192.exit" [fpga/kernel.cpp:146]   --->   Operation 267 'br' 'br_ln146' <Predicate = (!icmp_ln141 & i == 8)> <Delay = 0.00>
ST_1 : Operation 268 [1/1] (0.42ns)   --->   "%store_ln146 = store i32 %tmp_14, i32 %p_0_0_09605011" [fpga/kernel.cpp:146]   --->   Operation 268 'store' 'store_ln146' <Predicate = (!icmp_ln141 & i == 7)> <Delay = 0.42>
ST_1 : Operation 269 [1/1] (0.42ns)   --->   "%store_ln146 = store i32 %tmp_13, i32 %p_0_0_09615009" [fpga/kernel.cpp:146]   --->   Operation 269 'store' 'store_ln146' <Predicate = (!icmp_ln141 & i == 7)> <Delay = 0.42>
ST_1 : Operation 270 [1/1] (0.42ns)   --->   "%store_ln146 = store i32 %tmp_12, i32 %p_0_0_09625007" [fpga/kernel.cpp:146]   --->   Operation 270 'store' 'store_ln146' <Predicate = (!icmp_ln141 & i == 7)> <Delay = 0.42>
ST_1 : Operation 271 [1/1] (0.42ns)   --->   "%store_ln146 = store i32 %tmp_10, i32 %p_0_0_09635005" [fpga/kernel.cpp:146]   --->   Operation 271 'store' 'store_ln146' <Predicate = (!icmp_ln141 & i == 7)> <Delay = 0.42>
ST_1 : Operation 272 [1/1] (0.00ns)   --->   "%br_ln146 = br void %arrayidx192.exit" [fpga/kernel.cpp:146]   --->   Operation 272 'br' 'br_ln146' <Predicate = (!icmp_ln141 & i == 7)> <Delay = 0.00>
ST_1 : Operation 273 [1/1] (0.42ns)   --->   "%store_ln146 = store i32 %tmp_14, i32 %p_0_0_09605019" [fpga/kernel.cpp:146]   --->   Operation 273 'store' 'store_ln146' <Predicate = (!icmp_ln141 & i == 6)> <Delay = 0.42>
ST_1 : Operation 274 [1/1] (0.42ns)   --->   "%store_ln146 = store i32 %tmp_13, i32 %p_0_0_09615017" [fpga/kernel.cpp:146]   --->   Operation 274 'store' 'store_ln146' <Predicate = (!icmp_ln141 & i == 6)> <Delay = 0.42>
ST_1 : Operation 275 [1/1] (0.42ns)   --->   "%store_ln146 = store i32 %tmp_12, i32 %p_0_0_09625015" [fpga/kernel.cpp:146]   --->   Operation 275 'store' 'store_ln146' <Predicate = (!icmp_ln141 & i == 6)> <Delay = 0.42>
ST_1 : Operation 276 [1/1] (0.42ns)   --->   "%store_ln146 = store i32 %tmp_10, i32 %p_0_0_09635013" [fpga/kernel.cpp:146]   --->   Operation 276 'store' 'store_ln146' <Predicate = (!icmp_ln141 & i == 6)> <Delay = 0.42>
ST_1 : Operation 277 [1/1] (0.00ns)   --->   "%br_ln146 = br void %arrayidx192.exit" [fpga/kernel.cpp:146]   --->   Operation 277 'br' 'br_ln146' <Predicate = (!icmp_ln141 & i == 6)> <Delay = 0.00>
ST_1 : Operation 278 [1/1] (0.42ns)   --->   "%store_ln146 = store i32 %tmp_14, i32 %p_0_0_09605027" [fpga/kernel.cpp:146]   --->   Operation 278 'store' 'store_ln146' <Predicate = (!icmp_ln141 & i == 5)> <Delay = 0.42>
ST_1 : Operation 279 [1/1] (0.42ns)   --->   "%store_ln146 = store i32 %tmp_13, i32 %p_0_0_09615025" [fpga/kernel.cpp:146]   --->   Operation 279 'store' 'store_ln146' <Predicate = (!icmp_ln141 & i == 5)> <Delay = 0.42>
ST_1 : Operation 280 [1/1] (0.42ns)   --->   "%store_ln146 = store i32 %tmp_12, i32 %p_0_0_09625023" [fpga/kernel.cpp:146]   --->   Operation 280 'store' 'store_ln146' <Predicate = (!icmp_ln141 & i == 5)> <Delay = 0.42>
ST_1 : Operation 281 [1/1] (0.42ns)   --->   "%store_ln146 = store i32 %tmp_10, i32 %p_0_0_09635021" [fpga/kernel.cpp:146]   --->   Operation 281 'store' 'store_ln146' <Predicate = (!icmp_ln141 & i == 5)> <Delay = 0.42>
ST_1 : Operation 282 [1/1] (0.00ns)   --->   "%br_ln146 = br void %arrayidx192.exit" [fpga/kernel.cpp:146]   --->   Operation 282 'br' 'br_ln146' <Predicate = (!icmp_ln141 & i == 5)> <Delay = 0.00>
ST_1 : Operation 283 [1/1] (0.42ns)   --->   "%store_ln146 = store i32 %tmp_14, i32 %p_0_0_09605035" [fpga/kernel.cpp:146]   --->   Operation 283 'store' 'store_ln146' <Predicate = (!icmp_ln141 & i == 4)> <Delay = 0.42>
ST_1 : Operation 284 [1/1] (0.42ns)   --->   "%store_ln146 = store i32 %tmp_13, i32 %p_0_0_09615033" [fpga/kernel.cpp:146]   --->   Operation 284 'store' 'store_ln146' <Predicate = (!icmp_ln141 & i == 4)> <Delay = 0.42>
ST_1 : Operation 285 [1/1] (0.42ns)   --->   "%store_ln146 = store i32 %tmp_12, i32 %p_0_0_09625031" [fpga/kernel.cpp:146]   --->   Operation 285 'store' 'store_ln146' <Predicate = (!icmp_ln141 & i == 4)> <Delay = 0.42>
ST_1 : Operation 286 [1/1] (0.42ns)   --->   "%store_ln146 = store i32 %tmp_10, i32 %p_0_0_09635029" [fpga/kernel.cpp:146]   --->   Operation 286 'store' 'store_ln146' <Predicate = (!icmp_ln141 & i == 4)> <Delay = 0.42>
ST_1 : Operation 287 [1/1] (0.00ns)   --->   "%br_ln146 = br void %arrayidx192.exit" [fpga/kernel.cpp:146]   --->   Operation 287 'br' 'br_ln146' <Predicate = (!icmp_ln141 & i == 4)> <Delay = 0.00>
ST_1 : Operation 288 [1/1] (0.42ns)   --->   "%store_ln146 = store i32 %tmp_14, i32 %p_0_0_09605043" [fpga/kernel.cpp:146]   --->   Operation 288 'store' 'store_ln146' <Predicate = (!icmp_ln141 & i == 3)> <Delay = 0.42>
ST_1 : Operation 289 [1/1] (0.42ns)   --->   "%store_ln146 = store i32 %tmp_13, i32 %p_0_0_09615041" [fpga/kernel.cpp:146]   --->   Operation 289 'store' 'store_ln146' <Predicate = (!icmp_ln141 & i == 3)> <Delay = 0.42>
ST_1 : Operation 290 [1/1] (0.42ns)   --->   "%store_ln146 = store i32 %tmp_12, i32 %p_0_0_09625039" [fpga/kernel.cpp:146]   --->   Operation 290 'store' 'store_ln146' <Predicate = (!icmp_ln141 & i == 3)> <Delay = 0.42>
ST_1 : Operation 291 [1/1] (0.42ns)   --->   "%store_ln146 = store i32 %tmp_10, i32 %p_0_0_09635037" [fpga/kernel.cpp:146]   --->   Operation 291 'store' 'store_ln146' <Predicate = (!icmp_ln141 & i == 3)> <Delay = 0.42>
ST_1 : Operation 292 [1/1] (0.00ns)   --->   "%br_ln146 = br void %arrayidx192.exit" [fpga/kernel.cpp:146]   --->   Operation 292 'br' 'br_ln146' <Predicate = (!icmp_ln141 & i == 3)> <Delay = 0.00>
ST_1 : Operation 293 [1/1] (0.42ns)   --->   "%store_ln146 = store i32 %tmp_14, i32 %p_0_0_09605051" [fpga/kernel.cpp:146]   --->   Operation 293 'store' 'store_ln146' <Predicate = (!icmp_ln141 & i == 2)> <Delay = 0.42>
ST_1 : Operation 294 [1/1] (0.42ns)   --->   "%store_ln146 = store i32 %tmp_13, i32 %p_0_0_09615049" [fpga/kernel.cpp:146]   --->   Operation 294 'store' 'store_ln146' <Predicate = (!icmp_ln141 & i == 2)> <Delay = 0.42>
ST_1 : Operation 295 [1/1] (0.42ns)   --->   "%store_ln146 = store i32 %tmp_12, i32 %p_0_0_09625047" [fpga/kernel.cpp:146]   --->   Operation 295 'store' 'store_ln146' <Predicate = (!icmp_ln141 & i == 2)> <Delay = 0.42>
ST_1 : Operation 296 [1/1] (0.42ns)   --->   "%store_ln146 = store i32 %tmp_10, i32 %p_0_0_09635045" [fpga/kernel.cpp:146]   --->   Operation 296 'store' 'store_ln146' <Predicate = (!icmp_ln141 & i == 2)> <Delay = 0.42>
ST_1 : Operation 297 [1/1] (0.00ns)   --->   "%br_ln146 = br void %arrayidx192.exit" [fpga/kernel.cpp:146]   --->   Operation 297 'br' 'br_ln146' <Predicate = (!icmp_ln141 & i == 2)> <Delay = 0.00>
ST_1 : Operation 298 [1/1] (0.42ns)   --->   "%store_ln143 = store i32 %tmp_14, i32 %p_0_0_09605059" [fpga/kernel.cpp:143]   --->   Operation 298 'store' 'store_ln143' <Predicate = (!icmp_ln141 & i == 1)> <Delay = 0.42>
ST_1 : Operation 299 [1/1] (0.42ns)   --->   "%store_ln143 = store i32 %tmp_13, i32 %p_0_0_09615057" [fpga/kernel.cpp:143]   --->   Operation 299 'store' 'store_ln143' <Predicate = (!icmp_ln141 & i == 1)> <Delay = 0.42>
ST_1 : Operation 300 [1/1] (0.42ns)   --->   "%store_ln143 = store i32 %tmp_12, i32 %p_0_0_09625055" [fpga/kernel.cpp:143]   --->   Operation 300 'store' 'store_ln143' <Predicate = (!icmp_ln141 & i == 1)> <Delay = 0.42>
ST_1 : Operation 301 [1/1] (0.42ns)   --->   "%store_ln143 = store i32 %tmp_10, i32 %p_0_0_09635053" [fpga/kernel.cpp:143]   --->   Operation 301 'store' 'store_ln143' <Predicate = (!icmp_ln141 & i == 1)> <Delay = 0.42>
ST_1 : Operation 302 [1/1] (0.00ns)   --->   "%br_ln143 = br void %arrayidx192.exit" [fpga/kernel.cpp:143]   --->   Operation 302 'br' 'br_ln143' <Predicate = (!icmp_ln141 & i == 1)> <Delay = 0.00>
ST_1 : Operation 303 [1/1] (0.42ns)   --->   "%store_ln146 = store i32 %tmp_14, i32 %p_0_0_09605067" [fpga/kernel.cpp:146]   --->   Operation 303 'store' 'store_ln146' <Predicate = (!icmp_ln141 & i == 15) | (!icmp_ln141 & i == 14) | (!icmp_ln141 & i == 0)> <Delay = 0.42>
ST_1 : Operation 304 [1/1] (0.42ns)   --->   "%store_ln146 = store i32 %tmp_13, i32 %p_0_0_09615065" [fpga/kernel.cpp:146]   --->   Operation 304 'store' 'store_ln146' <Predicate = (!icmp_ln141 & i == 15) | (!icmp_ln141 & i == 14) | (!icmp_ln141 & i == 0)> <Delay = 0.42>
ST_1 : Operation 305 [1/1] (0.42ns)   --->   "%store_ln146 = store i32 %tmp_12, i32 %p_0_0_09625063" [fpga/kernel.cpp:146]   --->   Operation 305 'store' 'store_ln146' <Predicate = (!icmp_ln141 & i == 15) | (!icmp_ln141 & i == 14) | (!icmp_ln141 & i == 0)> <Delay = 0.42>
ST_1 : Operation 306 [1/1] (0.42ns)   --->   "%store_ln146 = store i32 %tmp_10, i32 %p_0_0_09635061" [fpga/kernel.cpp:146]   --->   Operation 306 'store' 'store_ln146' <Predicate = (!icmp_ln141 & i == 15) | (!icmp_ln141 & i == 14) | (!icmp_ln141 & i == 0)> <Delay = 0.42>
ST_1 : Operation 307 [1/1] (0.00ns)   --->   "%br_ln146 = br void %arrayidx192.exit" [fpga/kernel.cpp:146]   --->   Operation 307 'br' 'br_ln146' <Predicate = (!icmp_ln141 & i == 15) | (!icmp_ln141 & i == 14) | (!icmp_ln141 & i == 0)> <Delay = 0.00>
ST_1 : Operation 308 [1/1] (0.79ns)   --->   "%add_ln141 = add i4 %i, i4 1" [fpga/kernel.cpp:141]   --->   Operation 308 'add' 'add_ln141' <Predicate = (!icmp_ln141)> <Delay = 0.79> <CoreInst = "Adder">   --->   Core 1 'Adder' <Latency = 0> <II = 1> <Delay = 0.79> <FuncUnit> <Opcode : 'add' 'sub'> <InPorts = 2> <OutPorts = 1>
ST_1 : Operation 309 [1/1] (0.42ns)   --->   "%store_ln141 = store i4 %add_ln141, i4 %i_1" [fpga/kernel.cpp:141]   --->   Operation 309 'store' 'store_ln141' <Predicate = (!icmp_ln141)> <Delay = 0.42>
ST_1 : Operation 310 [1/1] (0.00ns)   --->   "%br_ln141 = br void %for.inc193" [fpga/kernel.cpp:141]   --->   Operation 310 'br' 'br_ln141' <Predicate = (!icmp_ln141)> <Delay = 0.00>
ST_1 : Operation 311 [1/1] (0.00ns)   --->   "%p_0_0_09634957_load = load i32 %p_0_0_09634957"   --->   Operation 311 'load' 'p_0_0_09634957_load' <Predicate = (icmp_ln141)> <Delay = 0.00>
ST_1 : Operation 312 [1/1] (0.00ns)   --->   "%p_0_0_09624959_load = load i32 %p_0_0_09624959"   --->   Operation 312 'load' 'p_0_0_09624959_load' <Predicate = (icmp_ln141)> <Delay = 0.00>
ST_1 : Operation 313 [1/1] (0.00ns)   --->   "%p_0_0_09614961_load = load i32 %p_0_0_09614961"   --->   Operation 313 'load' 'p_0_0_09614961_load' <Predicate = (icmp_ln141)> <Delay = 0.00>
ST_1 : Operation 314 [1/1] (0.00ns)   --->   "%p_0_0_09604963_load = load i32 %p_0_0_09604963"   --->   Operation 314 'load' 'p_0_0_09604963_load' <Predicate = (icmp_ln141)> <Delay = 0.00>
ST_1 : Operation 315 [1/1] (0.00ns)   --->   "%p_0_0_09634965_load = load i32 %p_0_0_09634965"   --->   Operation 315 'load' 'p_0_0_09634965_load' <Predicate = (icmp_ln141)> <Delay = 0.00>
ST_1 : Operation 316 [1/1] (0.00ns)   --->   "%p_0_0_09624967_load = load i32 %p_0_0_09624967"   --->   Operation 316 'load' 'p_0_0_09624967_load' <Predicate = (icmp_ln141)> <Delay = 0.00>
ST_1 : Operation 317 [1/1] (0.00ns)   --->   "%p_0_0_09614969_load = load i32 %p_0_0_09614969"   --->   Operation 317 'load' 'p_0_0_09614969_load' <Predicate = (icmp_ln141)> <Delay = 0.00>
ST_1 : Operation 318 [1/1] (0.00ns)   --->   "%p_0_0_09604971_load = load i32 %p_0_0_09604971"   --->   Operation 318 'load' 'p_0_0_09604971_load' <Predicate = (icmp_ln141)> <Delay = 0.00>
ST_1 : Operation 319 [1/1] (0.00ns)   --->   "%p_0_0_09634973_load = load i32 %p_0_0_09634973"   --->   Operation 319 'load' 'p_0_0_09634973_load' <Predicate = (icmp_ln141)> <Delay = 0.00>
ST_1 : Operation 320 [1/1] (0.00ns)   --->   "%p_0_0_09624975_load = load i32 %p_0_0_09624975"   --->   Operation 320 'load' 'p_0_0_09624975_load' <Predicate = (icmp_ln141)> <Delay = 0.00>
ST_1 : Operation 321 [1/1] (0.00ns)   --->   "%p_0_0_09614977_load = load i32 %p_0_0_09614977"   --->   Operation 321 'load' 'p_0_0_09614977_load' <Predicate = (icmp_ln141)> <Delay = 0.00>
ST_1 : Operation 322 [1/1] (0.00ns)   --->   "%p_0_0_09604979_load = load i32 %p_0_0_09604979"   --->   Operation 322 'load' 'p_0_0_09604979_load' <Predicate = (icmp_ln141)> <Delay = 0.00>
ST_1 : Operation 323 [1/1] (0.00ns)   --->   "%p_0_0_09634981_load = load i32 %p_0_0_09634981"   --->   Operation 323 'load' 'p_0_0_09634981_load' <Predicate = (icmp_ln141)> <Delay = 0.00>
ST_1 : Operation 324 [1/1] (0.00ns)   --->   "%p_0_0_09624983_load = load i32 %p_0_0_09624983"   --->   Operation 324 'load' 'p_0_0_09624983_load' <Predicate = (icmp_ln141)> <Delay = 0.00>
ST_1 : Operation 325 [1/1] (0.00ns)   --->   "%p_0_0_09614985_load = load i32 %p_0_0_09614985"   --->   Operation 325 'load' 'p_0_0_09614985_load' <Predicate = (icmp_ln141)> <Delay = 0.00>
ST_1 : Operation 326 [1/1] (0.00ns)   --->   "%p_0_0_09604987_load = load i32 %p_0_0_09604987"   --->   Operation 326 'load' 'p_0_0_09604987_load' <Predicate = (icmp_ln141)> <Delay = 0.00>
ST_1 : Operation 327 [1/1] (0.00ns)   --->   "%p_0_0_09634989_load = load i32 %p_0_0_09634989"   --->   Operation 327 'load' 'p_0_0_09634989_load' <Predicate = (icmp_ln141)> <Delay = 0.00>
ST_1 : Operation 328 [1/1] (0.00ns)   --->   "%p_0_0_09624991_load = load i32 %p_0_0_09624991"   --->   Operation 328 'load' 'p_0_0_09624991_load' <Predicate = (icmp_ln141)> <Delay = 0.00>
ST_1 : Operation 329 [1/1] (0.00ns)   --->   "%p_0_0_09614993_load = load i32 %p_0_0_09614993"   --->   Operation 329 'load' 'p_0_0_09614993_load' <Predicate = (icmp_ln141)> <Delay = 0.00>
ST_1 : Operation 330 [1/1] (0.00ns)   --->   "%p_0_0_09604995_load = load i32 %p_0_0_09604995"   --->   Operation 330 'load' 'p_0_0_09604995_load' <Predicate = (icmp_ln141)> <Delay = 0.00>
ST_1 : Operation 331 [1/1] (0.00ns)   --->   "%p_0_0_09634997_load = load i32 %p_0_0_09634997"   --->   Operation 331 'load' 'p_0_0_09634997_load' <Predicate = (icmp_ln141)> <Delay = 0.00>
ST_1 : Operation 332 [1/1] (0.00ns)   --->   "%p_0_0_09624999_load = load i32 %p_0_0_09624999"   --->   Operation 332 'load' 'p_0_0_09624999_load' <Predicate = (icmp_ln141)> <Delay = 0.00>
ST_1 : Operation 333 [1/1] (0.00ns)   --->   "%p_0_0_09615001_load = load i32 %p_0_0_09615001"   --->   Operation 333 'load' 'p_0_0_09615001_load' <Predicate = (icmp_ln141)> <Delay = 0.00>
ST_1 : Operation 334 [1/1] (0.00ns)   --->   "%p_0_0_09605003_load = load i32 %p_0_0_09605003"   --->   Operation 334 'load' 'p_0_0_09605003_load' <Predicate = (icmp_ln141)> <Delay = 0.00>
ST_1 : Operation 335 [1/1] (0.00ns)   --->   "%p_0_0_09635005_load = load i32 %p_0_0_09635005"   --->   Operation 335 'load' 'p_0_0_09635005_load' <Predicate = (icmp_ln141)> <Delay = 0.00>
ST_1 : Operation 336 [1/1] (0.00ns)   --->   "%p_0_0_09625007_load = load i32 %p_0_0_09625007"   --->   Operation 336 'load' 'p_0_0_09625007_load' <Predicate = (icmp_ln141)> <Delay = 0.00>
ST_1 : Operation 337 [1/1] (0.00ns)   --->   "%p_0_0_09615009_load = load i32 %p_0_0_09615009"   --->   Operation 337 'load' 'p_0_0_09615009_load' <Predicate = (icmp_ln141)> <Delay = 0.00>
ST_1 : Operation 338 [1/1] (0.00ns)   --->   "%p_0_0_09605011_load = load i32 %p_0_0_09605011"   --->   Operation 338 'load' 'p_0_0_09605011_load' <Predicate = (icmp_ln141)> <Delay = 0.00>
ST_1 : Operation 339 [1/1] (0.00ns)   --->   "%p_0_0_09635013_load = load i32 %p_0_0_09635013"   --->   Operation 339 'load' 'p_0_0_09635013_load' <Predicate = (icmp_ln141)> <Delay = 0.00>
ST_1 : Operation 340 [1/1] (0.00ns)   --->   "%p_0_0_09625015_load = load i32 %p_0_0_09625015"   --->   Operation 340 'load' 'p_0_0_09625015_load' <Predicate = (icmp_ln141)> <Delay = 0.00>
ST_1 : Operation 341 [1/1] (0.00ns)   --->   "%p_0_0_09615017_load = load i32 %p_0_0_09615017"   --->   Operation 341 'load' 'p_0_0_09615017_load' <Predicate = (icmp_ln141)> <Delay = 0.00>
ST_1 : Operation 342 [1/1] (0.00ns)   --->   "%p_0_0_09605019_load = load i32 %p_0_0_09605019"   --->   Operation 342 'load' 'p_0_0_09605019_load' <Predicate = (icmp_ln141)> <Delay = 0.00>
ST_1 : Operation 343 [1/1] (0.00ns)   --->   "%p_0_0_09635021_load = load i32 %p_0_0_09635021"   --->   Operation 343 'load' 'p_0_0_09635021_load' <Predicate = (icmp_ln141)> <Delay = 0.00>
ST_1 : Operation 344 [1/1] (0.00ns)   --->   "%p_0_0_09625023_load = load i32 %p_0_0_09625023"   --->   Operation 344 'load' 'p_0_0_09625023_load' <Predicate = (icmp_ln141)> <Delay = 0.00>
ST_1 : Operation 345 [1/1] (0.00ns)   --->   "%p_0_0_09615025_load = load i32 %p_0_0_09615025"   --->   Operation 345 'load' 'p_0_0_09615025_load' <Predicate = (icmp_ln141)> <Delay = 0.00>
ST_1 : Operation 346 [1/1] (0.00ns)   --->   "%p_0_0_09605027_load = load i32 %p_0_0_09605027"   --->   Operation 346 'load' 'p_0_0_09605027_load' <Predicate = (icmp_ln141)> <Delay = 0.00>
ST_1 : Operation 347 [1/1] (0.00ns)   --->   "%p_0_0_09635029_load = load i32 %p_0_0_09635029"   --->   Operation 347 'load' 'p_0_0_09635029_load' <Predicate = (icmp_ln141)> <Delay = 0.00>
ST_1 : Operation 348 [1/1] (0.00ns)   --->   "%p_0_0_09625031_load = load i32 %p_0_0_09625031"   --->   Operation 348 'load' 'p_0_0_09625031_load' <Predicate = (icmp_ln141)> <Delay = 0.00>
ST_1 : Operation 349 [1/1] (0.00ns)   --->   "%p_0_0_09615033_load = load i32 %p_0_0_09615033"   --->   Operation 349 'load' 'p_0_0_09615033_load' <Predicate = (icmp_ln141)> <Delay = 0.00>
ST_1 : Operation 350 [1/1] (0.00ns)   --->   "%p_0_0_09605035_load = load i32 %p_0_0_09605035"   --->   Operation 350 'load' 'p_0_0_09605035_load' <Predicate = (icmp_ln141)> <Delay = 0.00>
ST_1 : Operation 351 [1/1] (0.00ns)   --->   "%p_0_0_09635037_load = load i32 %p_0_0_09635037"   --->   Operation 351 'load' 'p_0_0_09635037_load' <Predicate = (icmp_ln141)> <Delay = 0.00>
ST_1 : Operation 352 [1/1] (0.00ns)   --->   "%p_0_0_09625039_load = load i32 %p_0_0_09625039"   --->   Operation 352 'load' 'p_0_0_09625039_load' <Predicate = (icmp_ln141)> <Delay = 0.00>
ST_1 : Operation 353 [1/1] (0.00ns)   --->   "%p_0_0_09615041_load = load i32 %p_0_0_09615041"   --->   Operation 353 'load' 'p_0_0_09615041_load' <Predicate = (icmp_ln141)> <Delay = 0.00>
ST_1 : Operation 354 [1/1] (0.00ns)   --->   "%p_0_0_09605043_load = load i32 %p_0_0_09605043"   --->   Operation 354 'load' 'p_0_0_09605043_load' <Predicate = (icmp_ln141)> <Delay = 0.00>
ST_1 : Operation 355 [1/1] (0.00ns)   --->   "%p_0_0_09635045_load = load i32 %p_0_0_09635045"   --->   Operation 355 'load' 'p_0_0_09635045_load' <Predicate = (icmp_ln141)> <Delay = 0.00>
ST_1 : Operation 356 [1/1] (0.00ns)   --->   "%p_0_0_09625047_load = load i32 %p_0_0_09625047"   --->   Operation 356 'load' 'p_0_0_09625047_load' <Predicate = (icmp_ln141)> <Delay = 0.00>
ST_1 : Operation 357 [1/1] (0.00ns)   --->   "%p_0_0_09615049_load = load i32 %p_0_0_09615049"   --->   Operation 357 'load' 'p_0_0_09615049_load' <Predicate = (icmp_ln141)> <Delay = 0.00>
ST_1 : Operation 358 [1/1] (0.00ns)   --->   "%p_0_0_09605051_load = load i32 %p_0_0_09605051"   --->   Operation 358 'load' 'p_0_0_09605051_load' <Predicate = (icmp_ln141)> <Delay = 0.00>
ST_1 : Operation 359 [1/1] (0.00ns)   --->   "%p_0_0_09635053_load = load i32 %p_0_0_09635053"   --->   Operation 359 'load' 'p_0_0_09635053_load' <Predicate = (icmp_ln141)> <Delay = 0.00>
ST_1 : Operation 360 [1/1] (0.00ns)   --->   "%p_0_0_09625055_load = load i32 %p_0_0_09625055"   --->   Operation 360 'load' 'p_0_0_09625055_load' <Predicate = (icmp_ln141)> <Delay = 0.00>
ST_1 : Operation 361 [1/1] (0.00ns)   --->   "%p_0_0_09615057_load = load i32 %p_0_0_09615057"   --->   Operation 361 'load' 'p_0_0_09615057_load' <Predicate = (icmp_ln141)> <Delay = 0.00>
ST_1 : Operation 362 [1/1] (0.00ns)   --->   "%p_0_0_09605059_load = load i32 %p_0_0_09605059"   --->   Operation 362 'load' 'p_0_0_09605059_load' <Predicate = (icmp_ln141)> <Delay = 0.00>
ST_1 : Operation 363 [1/1] (0.00ns)   --->   "%p_0_0_09635061_load = load i32 %p_0_0_09635061"   --->   Operation 363 'load' 'p_0_0_09635061_load' <Predicate = (icmp_ln141)> <Delay = 0.00>
ST_1 : Operation 364 [1/1] (0.00ns)   --->   "%p_0_0_09625063_load = load i32 %p_0_0_09625063"   --->   Operation 364 'load' 'p_0_0_09625063_load' <Predicate = (icmp_ln141)> <Delay = 0.00>
ST_1 : Operation 365 [1/1] (0.00ns)   --->   "%p_0_0_09615065_load = load i32 %p_0_0_09615065"   --->   Operation 365 'load' 'p_0_0_09615065_load' <Predicate = (icmp_ln141)> <Delay = 0.00>
ST_1 : Operation 366 [1/1] (0.00ns)   --->   "%p_0_0_09605067_load = load i32 %p_0_0_09605067"   --->   Operation 366 'load' 'p_0_0_09605067_load' <Predicate = (icmp_ln141)> <Delay = 0.00>
ST_1 : Operation 367 [1/1] (0.00ns)   --->   "%write_ln0 = write void @_ssdm_op_Write.ap_auto.i32P0A, i32 %p_0_0_09605067_out, i32 %p_0_0_09605067_load"   --->   Operation 367 'write' 'write_ln0' <Predicate = (icmp_ln141)> <Delay = 0.00>
ST_1 : Operation 368 [1/1] (0.00ns)   --->   "%write_ln0 = write void @_ssdm_op_Write.ap_auto.i32P0A, i32 %p_0_0_09615065_out, i32 %p_0_0_09615065_load"   --->   Operation 368 'write' 'write_ln0' <Predicate = (icmp_ln141)> <Delay = 0.00>
ST_1 : Operation 369 [1/1] (0.00ns)   --->   "%write_ln0 = write void @_ssdm_op_Write.ap_auto.i32P0A, i32 %p_0_0_09625063_out, i32 %p_0_0_09625063_load"   --->   Operation 369 'write' 'write_ln0' <Predicate = (icmp_ln141)> <Delay = 0.00>
ST_1 : Operation 370 [1/1] (0.00ns)   --->   "%write_ln0 = write void @_ssdm_op_Write.ap_auto.i32P0A, i32 %p_0_0_09635061_out, i32 %p_0_0_09635061_load"   --->   Operation 370 'write' 'write_ln0' <Predicate = (icmp_ln141)> <Delay = 0.00>
ST_1 : Operation 371 [1/1] (0.00ns)   --->   "%write_ln0 = write void @_ssdm_op_Write.ap_auto.i32P0A, i32 %p_0_0_09605059_out, i32 %p_0_0_09605059_load"   --->   Operation 371 'write' 'write_ln0' <Predicate = (icmp_ln141)> <Delay = 0.00>
ST_1 : Operation 372 [1/1] (0.00ns)   --->   "%write_ln0 = write void @_ssdm_op_Write.ap_auto.i32P0A, i32 %p_0_0_09615057_out, i32 %p_0_0_09615057_load"   --->   Operation 372 'write' 'write_ln0' <Predicate = (icmp_ln141)> <Delay = 0.00>
ST_1 : Operation 373 [1/1] (0.00ns)   --->   "%write_ln0 = write void @_ssdm_op_Write.ap_auto.i32P0A, i32 %p_0_0_09625055_out, i32 %p_0_0_09625055_load"   --->   Operation 373 'write' 'write_ln0' <Predicate = (icmp_ln141)> <Delay = 0.00>
ST_1 : Operation 374 [1/1] (0.00ns)   --->   "%write_ln0 = write void @_ssdm_op_Write.ap_auto.i32P0A, i32 %p_0_0_09635053_out, i32 %p_0_0_09635053_load"   --->   Operation 374 'write' 'write_ln0' <Predicate = (icmp_ln141)> <Delay = 0.00>
ST_1 : Operation 375 [1/1] (0.00ns)   --->   "%write_ln0 = write void @_ssdm_op_Write.ap_auto.i32P0A, i32 %p_0_0_09605051_out, i32 %p_0_0_09605051_load"   --->   Operation 375 'write' 'write_ln0' <Predicate = (icmp_ln141)> <Delay = 0.00>
ST_1 : Operation 376 [1/1] (0.00ns)   --->   "%write_ln0 = write void @_ssdm_op_Write.ap_auto.i32P0A, i32 %p_0_0_09615049_out, i32 %p_0_0_09615049_load"   --->   Operation 376 'write' 'write_ln0' <Predicate = (icmp_ln141)> <Delay = 0.00>
ST_1 : Operation 377 [1/1] (0.00ns)   --->   "%write_ln0 = write void @_ssdm_op_Write.ap_auto.i32P0A, i32 %p_0_0_09625047_out, i32 %p_0_0_09625047_load"   --->   Operation 377 'write' 'write_ln0' <Predicate = (icmp_ln141)> <Delay = 0.00>
ST_1 : Operation 378 [1/1] (0.00ns)   --->   "%write_ln0 = write void @_ssdm_op_Write.ap_auto.i32P0A, i32 %p_0_0_09635045_out, i32 %p_0_0_09635045_load"   --->   Operation 378 'write' 'write_ln0' <Predicate = (icmp_ln141)> <Delay = 0.00>
ST_1 : Operation 379 [1/1] (0.00ns)   --->   "%write_ln0 = write void @_ssdm_op_Write.ap_auto.i32P0A, i32 %p_0_0_09605043_out, i32 %p_0_0_09605043_load"   --->   Operation 379 'write' 'write_ln0' <Predicate = (icmp_ln141)> <Delay = 0.00>
ST_1 : Operation 380 [1/1] (0.00ns)   --->   "%write_ln0 = write void @_ssdm_op_Write.ap_auto.i32P0A, i32 %p_0_0_09615041_out, i32 %p_0_0_09615041_load"   --->   Operation 380 'write' 'write_ln0' <Predicate = (icmp_ln141)> <Delay = 0.00>
ST_1 : Operation 381 [1/1] (0.00ns)   --->   "%write_ln0 = write void @_ssdm_op_Write.ap_auto.i32P0A, i32 %p_0_0_09625039_out, i32 %p_0_0_09625039_load"   --->   Operation 381 'write' 'write_ln0' <Predicate = (icmp_ln141)> <Delay = 0.00>
ST_1 : Operation 382 [1/1] (0.00ns)   --->   "%write_ln0 = write void @_ssdm_op_Write.ap_auto.i32P0A, i32 %p_0_0_09635037_out, i32 %p_0_0_09635037_load"   --->   Operation 382 'write' 'write_ln0' <Predicate = (icmp_ln141)> <Delay = 0.00>
ST_1 : Operation 383 [1/1] (0.00ns)   --->   "%write_ln0 = write void @_ssdm_op_Write.ap_auto.i32P0A, i32 %p_0_0_09605035_out, i32 %p_0_0_09605035_load"   --->   Operation 383 'write' 'write_ln0' <Predicate = (icmp_ln141)> <Delay = 0.00>
ST_1 : Operation 384 [1/1] (0.00ns)   --->   "%write_ln0 = write void @_ssdm_op_Write.ap_auto.i32P0A, i32 %p_0_0_09615033_out, i32 %p_0_0_09615033_load"   --->   Operation 384 'write' 'write_ln0' <Predicate = (icmp_ln141)> <Delay = 0.00>
ST_1 : Operation 385 [1/1] (0.00ns)   --->   "%write_ln0 = write void @_ssdm_op_Write.ap_auto.i32P0A, i32 %p_0_0_09625031_out, i32 %p_0_0_09625031_load"   --->   Operation 385 'write' 'write_ln0' <Predicate = (icmp_ln141)> <Delay = 0.00>
ST_1 : Operation 386 [1/1] (0.00ns)   --->   "%write_ln0 = write void @_ssdm_op_Write.ap_auto.i32P0A, i32 %p_0_0_09635029_out, i32 %p_0_0_09635029_load"   --->   Operation 386 'write' 'write_ln0' <Predicate = (icmp_ln141)> <Delay = 0.00>
ST_1 : Operation 387 [1/1] (0.00ns)   --->   "%write_ln0 = write void @_ssdm_op_Write.ap_auto.i32P0A, i32 %p_0_0_09605027_out, i32 %p_0_0_09605027_load"   --->   Operation 387 'write' 'write_ln0' <Predicate = (icmp_ln141)> <Delay = 0.00>
ST_1 : Operation 388 [1/1] (0.00ns)   --->   "%write_ln0 = write void @_ssdm_op_Write.ap_auto.i32P0A, i32 %p_0_0_09615025_out, i32 %p_0_0_09615025_load"   --->   Operation 388 'write' 'write_ln0' <Predicate = (icmp_ln141)> <Delay = 0.00>
ST_1 : Operation 389 [1/1] (0.00ns)   --->   "%write_ln0 = write void @_ssdm_op_Write.ap_auto.i32P0A, i32 %p_0_0_09625023_out, i32 %p_0_0_09625023_load"   --->   Operation 389 'write' 'write_ln0' <Predicate = (icmp_ln141)> <Delay = 0.00>
ST_1 : Operation 390 [1/1] (0.00ns)   --->   "%write_ln0 = write void @_ssdm_op_Write.ap_auto.i32P0A, i32 %p_0_0_09635021_out, i32 %p_0_0_09635021_load"   --->   Operation 390 'write' 'write_ln0' <Predicate = (icmp_ln141)> <Delay = 0.00>
ST_1 : Operation 391 [1/1] (0.00ns)   --->   "%write_ln0 = write void @_ssdm_op_Write.ap_auto.i32P0A, i32 %p_0_0_09605019_out, i32 %p_0_0_09605019_load"   --->   Operation 391 'write' 'write_ln0' <Predicate = (icmp_ln141)> <Delay = 0.00>
ST_1 : Operation 392 [1/1] (0.00ns)   --->   "%write_ln0 = write void @_ssdm_op_Write.ap_auto.i32P0A, i32 %p_0_0_09615017_out, i32 %p_0_0_09615017_load"   --->   Operation 392 'write' 'write_ln0' <Predicate = (icmp_ln141)> <Delay = 0.00>
ST_1 : Operation 393 [1/1] (0.00ns)   --->   "%write_ln0 = write void @_ssdm_op_Write.ap_auto.i32P0A, i32 %p_0_0_09625015_out, i32 %p_0_0_09625015_load"   --->   Operation 393 'write' 'write_ln0' <Predicate = (icmp_ln141)> <Delay = 0.00>
ST_1 : Operation 394 [1/1] (0.00ns)   --->   "%write_ln0 = write void @_ssdm_op_Write.ap_auto.i32P0A, i32 %p_0_0_09635013_out, i32 %p_0_0_09635013_load"   --->   Operation 394 'write' 'write_ln0' <Predicate = (icmp_ln141)> <Delay = 0.00>
ST_1 : Operation 395 [1/1] (0.00ns)   --->   "%write_ln0 = write void @_ssdm_op_Write.ap_auto.i32P0A, i32 %p_0_0_09605011_out, i32 %p_0_0_09605011_load"   --->   Operation 395 'write' 'write_ln0' <Predicate = (icmp_ln141)> <Delay = 0.00>
ST_1 : Operation 396 [1/1] (0.00ns)   --->   "%write_ln0 = write void @_ssdm_op_Write.ap_auto.i32P0A, i32 %p_0_0_09615009_out, i32 %p_0_0_09615009_load"   --->   Operation 396 'write' 'write_ln0' <Predicate = (icmp_ln141)> <Delay = 0.00>
ST_1 : Operation 397 [1/1] (0.00ns)   --->   "%write_ln0 = write void @_ssdm_op_Write.ap_auto.i32P0A, i32 %p_0_0_09625007_out, i32 %p_0_0_09625007_load"   --->   Operation 397 'write' 'write_ln0' <Predicate = (icmp_ln141)> <Delay = 0.00>
ST_1 : Operation 398 [1/1] (0.00ns)   --->   "%write_ln0 = write void @_ssdm_op_Write.ap_auto.i32P0A, i32 %p_0_0_09635005_out, i32 %p_0_0_09635005_load"   --->   Operation 398 'write' 'write_ln0' <Predicate = (icmp_ln141)> <Delay = 0.00>
ST_1 : Operation 399 [1/1] (0.00ns)   --->   "%write_ln0 = write void @_ssdm_op_Write.ap_auto.i32P0A, i32 %p_0_0_09605003_out, i32 %p_0_0_09605003_load"   --->   Operation 399 'write' 'write_ln0' <Predicate = (icmp_ln141)> <Delay = 0.00>
ST_1 : Operation 400 [1/1] (0.00ns)   --->   "%write_ln0 = write void @_ssdm_op_Write.ap_auto.i32P0A, i32 %p_0_0_09615001_out, i32 %p_0_0_09615001_load"   --->   Operation 400 'write' 'write_ln0' <Predicate = (icmp_ln141)> <Delay = 0.00>
ST_1 : Operation 401 [1/1] (0.00ns)   --->   "%write_ln0 = write void @_ssdm_op_Write.ap_auto.i32P0A, i32 %p_0_0_09624999_out, i32 %p_0_0_09624999_load"   --->   Operation 401 'write' 'write_ln0' <Predicate = (icmp_ln141)> <Delay = 0.00>
ST_1 : Operation 402 [1/1] (0.00ns)   --->   "%write_ln0 = write void @_ssdm_op_Write.ap_auto.i32P0A, i32 %p_0_0_09634997_out, i32 %p_0_0_09634997_load"   --->   Operation 402 'write' 'write_ln0' <Predicate = (icmp_ln141)> <Delay = 0.00>
ST_1 : Operation 403 [1/1] (0.00ns)   --->   "%write_ln0 = write void @_ssdm_op_Write.ap_auto.i32P0A, i32 %p_0_0_09604995_out, i32 %p_0_0_09604995_load"   --->   Operation 403 'write' 'write_ln0' <Predicate = (icmp_ln141)> <Delay = 0.00>
ST_1 : Operation 404 [1/1] (0.00ns)   --->   "%write_ln0 = write void @_ssdm_op_Write.ap_auto.i32P0A, i32 %p_0_0_09614993_out, i32 %p_0_0_09614993_load"   --->   Operation 404 'write' 'write_ln0' <Predicate = (icmp_ln141)> <Delay = 0.00>
ST_1 : Operation 405 [1/1] (0.00ns)   --->   "%write_ln0 = write void @_ssdm_op_Write.ap_auto.i32P0A, i32 %p_0_0_09624991_out, i32 %p_0_0_09624991_load"   --->   Operation 405 'write' 'write_ln0' <Predicate = (icmp_ln141)> <Delay = 0.00>
ST_1 : Operation 406 [1/1] (0.00ns)   --->   "%write_ln0 = write void @_ssdm_op_Write.ap_auto.i32P0A, i32 %p_0_0_09634989_out, i32 %p_0_0_09634989_load"   --->   Operation 406 'write' 'write_ln0' <Predicate = (icmp_ln141)> <Delay = 0.00>
ST_1 : Operation 407 [1/1] (0.00ns)   --->   "%write_ln0 = write void @_ssdm_op_Write.ap_auto.i32P0A, i32 %p_0_0_09604987_out, i32 %p_0_0_09604987_load"   --->   Operation 407 'write' 'write_ln0' <Predicate = (icmp_ln141)> <Delay = 0.00>
ST_1 : Operation 408 [1/1] (0.00ns)   --->   "%write_ln0 = write void @_ssdm_op_Write.ap_auto.i32P0A, i32 %p_0_0_09614985_out, i32 %p_0_0_09614985_load"   --->   Operation 408 'write' 'write_ln0' <Predicate = (icmp_ln141)> <Delay = 0.00>
ST_1 : Operation 409 [1/1] (0.00ns)   --->   "%write_ln0 = write void @_ssdm_op_Write.ap_auto.i32P0A, i32 %p_0_0_09624983_out, i32 %p_0_0_09624983_load"   --->   Operation 409 'write' 'write_ln0' <Predicate = (icmp_ln141)> <Delay = 0.00>
ST_1 : Operation 410 [1/1] (0.00ns)   --->   "%write_ln0 = write void @_ssdm_op_Write.ap_auto.i32P0A, i32 %p_0_0_09634981_out, i32 %p_0_0_09634981_load"   --->   Operation 410 'write' 'write_ln0' <Predicate = (icmp_ln141)> <Delay = 0.00>
ST_1 : Operation 411 [1/1] (0.00ns)   --->   "%write_ln0 = write void @_ssdm_op_Write.ap_auto.i32P0A, i32 %p_0_0_09604979_out, i32 %p_0_0_09604979_load"   --->   Operation 411 'write' 'write_ln0' <Predicate = (icmp_ln141)> <Delay = 0.00>
ST_1 : Operation 412 [1/1] (0.00ns)   --->   "%write_ln0 = write void @_ssdm_op_Write.ap_auto.i32P0A, i32 %p_0_0_09614977_out, i32 %p_0_0_09614977_load"   --->   Operation 412 'write' 'write_ln0' <Predicate = (icmp_ln141)> <Delay = 0.00>
ST_1 : Operation 413 [1/1] (0.00ns)   --->   "%write_ln0 = write void @_ssdm_op_Write.ap_auto.i32P0A, i32 %p_0_0_09624975_out, i32 %p_0_0_09624975_load"   --->   Operation 413 'write' 'write_ln0' <Predicate = (icmp_ln141)> <Delay = 0.00>
ST_1 : Operation 414 [1/1] (0.00ns)   --->   "%write_ln0 = write void @_ssdm_op_Write.ap_auto.i32P0A, i32 %p_0_0_09634973_out, i32 %p_0_0_09634973_load"   --->   Operation 414 'write' 'write_ln0' <Predicate = (icmp_ln141)> <Delay = 0.00>
ST_1 : Operation 415 [1/1] (0.00ns)   --->   "%write_ln0 = write void @_ssdm_op_Write.ap_auto.i32P0A, i32 %p_0_0_09604971_out, i32 %p_0_0_09604971_load"   --->   Operation 415 'write' 'write_ln0' <Predicate = (icmp_ln141)> <Delay = 0.00>
ST_1 : Operation 416 [1/1] (0.00ns)   --->   "%write_ln0 = write void @_ssdm_op_Write.ap_auto.i32P0A, i32 %p_0_0_09614969_out, i32 %p_0_0_09614969_load"   --->   Operation 416 'write' 'write_ln0' <Predicate = (icmp_ln141)> <Delay = 0.00>
ST_1 : Operation 417 [1/1] (0.00ns)   --->   "%write_ln0 = write void @_ssdm_op_Write.ap_auto.i32P0A, i32 %p_0_0_09624967_out, i32 %p_0_0_09624967_load"   --->   Operation 417 'write' 'write_ln0' <Predicate = (icmp_ln141)> <Delay = 0.00>
ST_1 : Operation 418 [1/1] (0.00ns)   --->   "%write_ln0 = write void @_ssdm_op_Write.ap_auto.i32P0A, i32 %p_0_0_09634965_out, i32 %p_0_0_09634965_load"   --->   Operation 418 'write' 'write_ln0' <Predicate = (icmp_ln141)> <Delay = 0.00>
ST_1 : Operation 419 [1/1] (0.00ns)   --->   "%write_ln0 = write void @_ssdm_op_Write.ap_auto.i32P0A, i32 %p_0_0_09604963_out, i32 %p_0_0_09604963_load"   --->   Operation 419 'write' 'write_ln0' <Predicate = (icmp_ln141)> <Delay = 0.00>
ST_1 : Operation 420 [1/1] (0.00ns)   --->   "%write_ln0 = write void @_ssdm_op_Write.ap_auto.i32P0A, i32 %p_0_0_09614961_out, i32 %p_0_0_09614961_load"   --->   Operation 420 'write' 'write_ln0' <Predicate = (icmp_ln141)> <Delay = 0.00>
ST_1 : Operation 421 [1/1] (0.00ns)   --->   "%write_ln0 = write void @_ssdm_op_Write.ap_auto.i32P0A, i32 %p_0_0_09624959_out, i32 %p_0_0_09624959_load"   --->   Operation 421 'write' 'write_ln0' <Predicate = (icmp_ln141)> <Delay = 0.00>
ST_1 : Operation 422 [1/1] (0.00ns)   --->   "%write_ln0 = write void @_ssdm_op_Write.ap_auto.i32P0A, i32 %p_0_0_09634957_out, i32 %p_0_0_09634957_load"   --->   Operation 422 'write' 'write_ln0' <Predicate = (icmp_ln141)> <Delay = 0.00>
ST_1 : Operation 423 [1/1] (0.00ns)   --->   "%ret_ln0 = ret"   --->   Operation 423 'ret' 'ret_ln0' <Predicate = (icmp_ln141)> <Delay = 0.00>


============================================================
+ Verbose Summary: Timing violations
============================================================
Target clock period: 10.000ns, clock uncertainty: 1.080ns.

 <State 1>: 1.224ns
The critical path consists of the following:
	'alloca' operation ('i') [165]  (0.000 ns)
	'load' operation ('i', fpga/kernel.cpp:141) on local variable 'i' [389]  (0.000 ns)
	'add' operation ('add_ln141', fpga/kernel.cpp:141) [486]  (0.797 ns)
	'store' operation ('store_ln141', fpga/kernel.cpp:141) of variable 'add_ln141', fpga/kernel.cpp:141 on local variable 'i' [487]  (0.427 ns)


============================================================
+ Verbose Summary: Binding
============================================================
N/A
* FSMD analyzer results:
  - Output states:
 - Input state : 
  - Chain level:
	State 1


============================================================
+ Verbose Summary: Datapath Resource usage 
============================================================
N/A
