

================================================================
== Vitis HLS Report for 'sin_33_6_s'
================================================================
* Date:           Wed Sep 27 17:42:09 2023

* Version:        2023.1 (Build 3854077 on May  4 2023)
* Project:        fpga
* Solution:       solution1 (Vitis Kernel Flow Target)
* Product family: zynquplus
* Target device:  xczu7ev-ffvc1156-2-e


================================================================
== Performance Estimates
================================================================
+ Timing: 
    * Summary: 
    +--------+----------+----------+------------+
    |  Clock |  Target  | Estimated| Uncertainty|
    +--------+----------+----------+------------+
    |ap_clk  |  10.00 ns|  8.886 ns|     1.08 ns|
    +--------+----------+----------+------------+

+ Latency: 
    * Summary: 
    +---------+---------+-----------+-----------+-----+-----+---------+
    |  Latency (cycles) |   Latency (absolute)  |  Interval | Pipeline|
    |   min   |   max   |    min    |    max    | min | max |   Type  |
    +---------+---------+-----------+-----------+-----+-----+---------+
    |        8|        8|  80.000 ns|  80.000 ns|    1|    1|      yes|
    +---------+---------+-----------+-----------+-----+-----+---------+

    + Detail: 
        * Instance: 
        +----------------------------------------+------------------------------+---------+---------+-----------+-----------+-----+-----+---------+
        |                                        |                              |  Latency (cycles) |   Latency (absolute)  |  Interval | Pipeline|
        |                Instance                |            Module            |   min   |   max   |    min    |    max    | min | max |   Type  |
        +----------------------------------------+------------------------------+---------+---------+-----------+-----------+-----+-----+---------+
        |grp_cordic_circ_apfixed_35_3_0_s_fu_60  |cordic_circ_apfixed_35_3_0_s  |        5|        5|  50.000 ns|  50.000 ns|    1|    1|      yes|
        +----------------------------------------+------------------------------+---------+---------+-----------+-----------+-----+-----+---------+

        * Loop: 
        N/A

============================================================
+ Verbose Summary: Synthesis Manager
============================================================
InlineROM: 1
ExposeGlobal: 0
============================================================
+ Verbose Summary: CDFG Model
============================================================
IsTopModel: 0
ResetActiveHigh: 1
IsCombinational: 0
IsDatapathOnly: 0
HasWiredReturn: 1
HasMFsm: 2
HasVarLatency: 0
IsPipeline: 1
IsRtlPipelined: 1
IsInstanceOverlapped: 0
IsDontTouch: 0
HasImplIP: 0
IsGatedGlobalClock: 0

+ Individual pipeline summary: 
  * Pipeline-0: initiation interval (II) = 1, depth = 9


============================================================
+ Verbose Summary: Schedule
============================================================
* Number of FSM states : 9
* Pipeline : 1
  Pipeline-0 : II = 1, D = 9, States = { 1 2 3 4 5 6 7 8 9 }
* Dataflow Pipeline: 0

* FSM state transitions: 
1 --> 2 
2 --> 3 
3 --> 4 
4 --> 5 
5 --> 6 
6 --> 7 
7 --> 8 
8 --> 9 
9 --> 

* FSM state operations: 

State 1 <SV = 0> <Delay = 4.90>
ST_1 : Operation 10 [1/1] (0.00ns)   --->   "%x_val_read = read i33 @_ssdm_op_Read.ap_auto.i33, i33 %x_val"   --->   Operation 10 'read' 'x_val_read' <Predicate = true> <Delay = 0.00>
ST_1 : Operation 11 [1/1] (1.01ns)   --->   "%sign0 = icmp_sgt  i33 %x_val_read, i33 0" [C:/Xilinx/Vitis_HLS/2023.1/common/technology/autopilot/etc/hls_cordic_apfixed.h:230->C:/Xilinx/Vitis_HLS/2023.1/common/technology/autopilot\hls_math.h:1937]   --->   Operation 11 'icmp' 'sign0' <Predicate = true> <Delay = 1.01> <CoreInst = "Cmp">   --->   Core 9 'Cmp' <Latency = 0> <II = 1> <Delay = 1.01> <FuncUnit> <Opcode : 'icmp'> <InPorts = 2> <OutPorts = 1>
ST_1 : Operation 12 [1/1] (1.01ns)   --->   "%sub_ln237 = sub i33 0, i33 %x_val_read" [C:/Xilinx/Vitis_HLS/2023.1/common/technology/autopilot/etc/hls_cordic_apfixed.h:237->C:/Xilinx/Vitis_HLS/2023.1/common/technology/autopilot\hls_math.h:1937]   --->   Operation 12 'sub' 'sub_ln237' <Predicate = true> <Delay = 1.01> <CoreInst = "Adder">   --->   Core 1 'Adder' <Latency = 0> <II = 1> <Delay = 1.01> <FuncUnit> <Opcode : 'add' 'sub'> <InPorts = 2> <OutPorts = 1>
ST_1 : Operation 13 [1/1] (0.43ns)   --->   "%in = select i1 %sign0, i33 %x_val_read, i33 %sub_ln237" [C:/Xilinx/Vitis_HLS/2023.1/common/technology/autopilot/etc/hls_cordic_apfixed.h:234->C:/Xilinx/Vitis_HLS/2023.1/common/technology/autopilot\hls_math.h:1937]   --->   Operation 13 'select' 'in' <Predicate = true> <Delay = 0.43> <CoreInst = "Sel">   --->   Core 73 'Sel' <Latency = 0> <II = 1> <Delay = 0.43> <FuncUnit> <Opcode : 'select'> <InPorts = 3> <OutPorts = 1>
ST_1 : Operation 14 [1/1] (0.00ns)   --->   "%zext_ln64 = zext i33 %in" [C:/Xilinx/Vitis_HLS/2023.1/common/technology/autopilot/etc/hls_cordic_apfixed.h:64->C:/Xilinx/Vitis_HLS/2023.1/common/technology/autopilot/etc/hls_cordic_apfixed.h:243->C:/Xilinx/Vitis_HLS/2023.1/common/technology/autopilot\hls_math.h:1937]   --->   Operation 14 'zext' 'zext_ln64' <Predicate = true> <Delay = 0.00>
ST_1 : Operation 15 [1/1] (3.45ns)   --->   "%mul_ln64 = mul i73 %zext_ln64, i73 699970842190" [C:/Xilinx/Vitis_HLS/2023.1/common/technology/autopilot/etc/hls_cordic_apfixed.h:64->C:/Xilinx/Vitis_HLS/2023.1/common/technology/autopilot/etc/hls_cordic_apfixed.h:243->C:/Xilinx/Vitis_HLS/2023.1/common/technology/autopilot\hls_math.h:1937]   --->   Operation 15 'mul' 'mul_ln64' <Predicate = true> <Delay = 3.45> <CoreInst = "Multiplier">   --->   Core 3 'Multiplier' <Latency = 0> <II = 1> <Delay = 3.45> <FuncUnit> <Opcode : 'mul'> <InPorts = 2> <OutPorts = 1>
ST_1 : Operation 16 [1/1] (0.00ns)   --->   "%kint = partselect i6 @_ssdm_op_PartSelect.i6.i73.i32.i32, i73 %mul_ln64, i32 67, i32 72" [C:/Xilinx/Vitis_HLS/2023.1/common/technology/autopilot/etc/hls_cordic_apfixed.h:65->C:/Xilinx/Vitis_HLS/2023.1/common/technology/autopilot/etc/hls_cordic_apfixed.h:243->C:/Xilinx/Vitis_HLS/2023.1/common/technology/autopilot\hls_math.h:1937]   --->   Operation 16 'partselect' 'kint' <Predicate = true> <Delay = 0.00>
ST_1 : Operation 17 [1/1] (0.00ns)   --->   "%k = partselect i2 @_ssdm_op_PartSelect.i2.i73.i32.i32, i73 %mul_ln64, i32 67, i32 68" [C:/Xilinx/Vitis_HLS/2023.1/common/technology/autopilot/etc/hls_cordic_apfixed.h:67->C:/Xilinx/Vitis_HLS/2023.1/common/technology/autopilot/etc/hls_cordic_apfixed.h:243->C:/Xilinx/Vitis_HLS/2023.1/common/technology/autopilot\hls_math.h:1937]   --->   Operation 17 'partselect' 'k' <Predicate = true> <Delay = 0.00>
ST_1 : Operation 18 [1/1] (0.00ns)   --->   "%trunc_ln68 = trunc i33 %in" [C:/Xilinx/Vitis_HLS/2023.1/common/technology/autopilot/etc/hls_cordic_apfixed.h:68->C:/Xilinx/Vitis_HLS/2023.1/common/technology/autopilot/etc/hls_cordic_apfixed.h:243->C:/Xilinx/Vitis_HLS/2023.1/common/technology/autopilot\hls_math.h:1937]   --->   Operation 18 'trunc' 'trunc_ln68' <Predicate = true> <Delay = 0.00>

State 2 <SV = 1> <Delay = 5.86>
ST_2 : Operation 19 [1/1] (0.00ns)   --->   "%zext_ln68 = zext i6 %kint" [C:/Xilinx/Vitis_HLS/2023.1/common/technology/autopilot/etc/hls_cordic_apfixed.h:68->C:/Xilinx/Vitis_HLS/2023.1/common/technology/autopilot/etc/hls_cordic_apfixed.h:243->C:/Xilinx/Vitis_HLS/2023.1/common/technology/autopilot\hls_math.h:1937]   --->   Operation 19 'zext' 'zext_ln68' <Predicate = true> <Delay = 0.00>
ST_2 : Operation 20 [1/1] (0.00ns)   --->   "%shl_ln = bitconcatenate i35 @_ssdm_op_BitConcatenate.i35.i28.i7, i28 %trunc_ln68, i7 0" [C:/Xilinx/Vitis_HLS/2023.1/common/technology/autopilot/etc/hls_cordic_apfixed.h:68->C:/Xilinx/Vitis_HLS/2023.1/common/technology/autopilot/etc/hls_cordic_apfixed.h:243->C:/Xilinx/Vitis_HLS/2023.1/common/technology/autopilot\hls_math.h:1937]   --->   Operation 20 'bitconcatenate' 'shl_ln' <Predicate = true> <Delay = 0.00>
ST_2 : Operation 21 [1/1] (3.41ns)   --->   "%mul_ln68 = mul i35 %zext_ln68, i35 7373662959" [C:/Xilinx/Vitis_HLS/2023.1/common/technology/autopilot/etc/hls_cordic_apfixed.h:68->C:/Xilinx/Vitis_HLS/2023.1/common/technology/autopilot/etc/hls_cordic_apfixed.h:243->C:/Xilinx/Vitis_HLS/2023.1/common/technology/autopilot\hls_math.h:1937]   --->   Operation 21 'mul' 'mul_ln68' <Predicate = true> <Delay = 3.41> <CoreInst = "Multiplier">   --->   Core 3 'Multiplier' <Latency = 0> <II = 1> <Delay = 3.41> <FuncUnit> <Opcode : 'mul'> <InPorts = 2> <OutPorts = 1>
ST_2 : Operation 22 [1/1] (1.02ns)   --->   "%add_ln68 = add i35 %shl_ln, i35 %mul_ln68" [C:/Xilinx/Vitis_HLS/2023.1/common/technology/autopilot/etc/hls_cordic_apfixed.h:68->C:/Xilinx/Vitis_HLS/2023.1/common/technology/autopilot/etc/hls_cordic_apfixed.h:243->C:/Xilinx/Vitis_HLS/2023.1/common/technology/autopilot\hls_math.h:1937]   --->   Operation 22 'add' 'add_ln68' <Predicate = true> <Delay = 1.02> <CoreInst = "Adder">   --->   Core 1 'Adder' <Latency = 0> <II = 1> <Delay = 1.02> <FuncUnit> <Opcode : 'add' 'sub'> <InPorts = 2> <OutPorts = 1>
ST_2 : Operation 23 [1/1] (0.00ns)   --->   "%r = partselect i34 @_ssdm_op_PartSelect.i34.i35.i32.i32, i35 %add_ln68, i32 1, i32 34" [C:/Xilinx/Vitis_HLS/2023.1/common/technology/autopilot/etc/hls_cordic_apfixed.h:68->C:/Xilinx/Vitis_HLS/2023.1/common/technology/autopilot/etc/hls_cordic_apfixed.h:243->C:/Xilinx/Vitis_HLS/2023.1/common/technology/autopilot\hls_math.h:1937]   --->   Operation 23 'partselect' 'r' <Predicate = true> <Delay = 0.00>
ST_2 : Operation 24 [1/1] (0.00ns)   --->   "%zext_ln68_1 = zext i34 %r" [C:/Xilinx/Vitis_HLS/2023.1/common/technology/autopilot/etc/hls_cordic_apfixed.h:68->C:/Xilinx/Vitis_HLS/2023.1/common/technology/autopilot/etc/hls_cordic_apfixed.h:243->C:/Xilinx/Vitis_HLS/2023.1/common/technology/autopilot\hls_math.h:1937]   --->   Operation 24 'zext' 'zext_ln68_1' <Predicate = true> <Delay = 0.00>
ST_2 : Operation 25 [1/1] (1.02ns)   --->   "%sub_ln254 = sub i35 13493037704, i35 %zext_ln68_1" [C:/Xilinx/Vitis_HLS/2023.1/common/technology/autopilot/etc/hls_cordic_apfixed.h:254->C:/Xilinx/Vitis_HLS/2023.1/common/technology/autopilot\hls_math.h:1937]   --->   Operation 25 'sub' 'sub_ln254' <Predicate = true> <Delay = 1.02> <CoreInst = "Adder">   --->   Core 1 'Adder' <Latency = 0> <II = 1> <Delay = 1.02> <FuncUnit> <Opcode : 'add' 'sub'> <InPorts = 2> <OutPorts = 1>
ST_2 : Operation 26 [1/1] (0.54ns)   --->   "%icmp_ln251 = icmp_eq  i2 %k, i2 3" [C:/Xilinx/Vitis_HLS/2023.1/common/technology/autopilot/etc/hls_cordic_apfixed.h:251->C:/Xilinx/Vitis_HLS/2023.1/common/technology/autopilot\hls_math.h:1937]   --->   Operation 26 'icmp' 'icmp_ln251' <Predicate = true> <Delay = 0.54> <CoreInst = "Cmp">   --->   Core 9 'Cmp' <Latency = 0> <II = 1> <Delay = 0.54> <FuncUnit> <Opcode : 'icmp'> <InPorts = 2> <OutPorts = 1>
ST_2 : Operation 27 [1/1] (0.54ns)   --->   "%icmp_ln251_1 = icmp_eq  i2 %k, i2 1" [C:/Xilinx/Vitis_HLS/2023.1/common/technology/autopilot/etc/hls_cordic_apfixed.h:251->C:/Xilinx/Vitis_HLS/2023.1/common/technology/autopilot\hls_math.h:1937]   --->   Operation 27 'icmp' 'icmp_ln251_1' <Predicate = true> <Delay = 0.54> <CoreInst = "Cmp">   --->   Core 9 'Cmp' <Latency = 0> <II = 1> <Delay = 0.54> <FuncUnit> <Opcode : 'icmp'> <InPorts = 2> <OutPorts = 1>
ST_2 : Operation 28 [1/1] (0.00ns) (grouped into LUT with out node z)   --->   "%or_ln251 = or i1 %icmp_ln251, i1 %icmp_ln251_1" [C:/Xilinx/Vitis_HLS/2023.1/common/technology/autopilot/etc/hls_cordic_apfixed.h:251->C:/Xilinx/Vitis_HLS/2023.1/common/technology/autopilot\hls_math.h:1937]   --->   Operation 28 'or' 'or_ln251' <Predicate = true> <Delay = 0.00> <CoreInst = "LogicGate">   --->   Core 74 'LogicGate' <Latency = 0> <II = 1> <Delay = 0.28> <FuncUnit> <Opcode : 'and' 'or' 'xor'> <InPorts = 2> <OutPorts = 1>
ST_2 : Operation 29 [1/1] (0.00ns) (grouped into LUT with out node z)   --->   "%tmp_1 = partselect i34 @_ssdm_op_PartSelect.i34.i35.i32.i32, i35 %sub_ln254, i32 1, i32 34" [C:/Xilinx/Vitis_HLS/2023.1/common/technology/autopilot/etc/hls_cordic_apfixed.h:251->C:/Xilinx/Vitis_HLS/2023.1/common/technology/autopilot\hls_math.h:1937]   --->   Operation 29 'partselect' 'tmp_1' <Predicate = true> <Delay = 0.00>
ST_2 : Operation 30 [1/1] (0.00ns) (grouped into LUT with out node z)   --->   "%tmp_2 = partselect i33 @_ssdm_op_PartSelect.i33.i35.i32.i32, i35 %add_ln68, i32 2, i32 34" [C:/Xilinx/Vitis_HLS/2023.1/common/technology/autopilot/etc/hls_cordic_apfixed.h:251->C:/Xilinx/Vitis_HLS/2023.1/common/technology/autopilot\hls_math.h:1937]   --->   Operation 30 'partselect' 'tmp_2' <Predicate = true> <Delay = 0.00>
ST_2 : Operation 31 [1/1] (0.00ns) (grouped into LUT with out node z)   --->   "%zext_ln251 = zext i33 %tmp_2" [C:/Xilinx/Vitis_HLS/2023.1/common/technology/autopilot/etc/hls_cordic_apfixed.h:251->C:/Xilinx/Vitis_HLS/2023.1/common/technology/autopilot\hls_math.h:1937]   --->   Operation 31 'zext' 'zext_ln251' <Predicate = true> <Delay = 0.00>
ST_2 : Operation 32 [1/1] (0.41ns) (out node of the LUT)   --->   "%z = select i1 %or_ln251, i34 %tmp_1, i34 %zext_ln251" [C:/Xilinx/Vitis_HLS/2023.1/common/technology/autopilot/etc/hls_cordic_apfixed.h:251->C:/Xilinx/Vitis_HLS/2023.1/common/technology/autopilot\hls_math.h:1937]   --->   Operation 32 'select' 'z' <Predicate = true> <Delay = 0.41> <CoreInst = "Sel">   --->   Core 73 'Sel' <Latency = 0> <II = 1> <Delay = 0.41> <FuncUnit> <Opcode : 'select'> <InPorts = 3> <OutPorts = 1>
ST_2 : Operation 33 [1/1] (0.54ns)   --->   "%icmp_ln274 = icmp_eq  i2 %k, i2 0" [C:/Xilinx/Vitis_HLS/2023.1/common/technology/autopilot/etc/hls_cordic_apfixed.h:274->C:/Xilinx/Vitis_HLS/2023.1/common/technology/autopilot\hls_math.h:1937]   --->   Operation 33 'icmp' 'icmp_ln274' <Predicate = true> <Delay = 0.54> <CoreInst = "Cmp">   --->   Core 9 'Cmp' <Latency = 0> <II = 1> <Delay = 0.54> <FuncUnit> <Opcode : 'icmp'> <InPorts = 2> <OutPorts = 1>

State 3 <SV = 2> <Delay = 8.88>
ST_3 : Operation 34 [7/7] (8.88ns)   --->   "%y = call i34 @cordic_circ_apfixed<35, 3, 0>, i34 %z" [C:/Xilinx/Vitis_HLS/2023.1/common/technology/autopilot/etc/hls_cordic_apfixed.h:266->C:/Xilinx/Vitis_HLS/2023.1/common/technology/autopilot\hls_math.h:1937]   --->   Operation 34 'call' 'y' <Predicate = true> <Delay = 8.88> <CoreType = "Generic">   --->   Core 0 '' <Latency = 0> <II = 1> <Delay = 1.00> <Generic> <Opcode : >

State 4 <SV = 3> <Delay = 8.88>
ST_4 : Operation 35 [6/7] (8.88ns)   --->   "%y = call i34 @cordic_circ_apfixed<35, 3, 0>, i34 %z" [C:/Xilinx/Vitis_HLS/2023.1/common/technology/autopilot/etc/hls_cordic_apfixed.h:266->C:/Xilinx/Vitis_HLS/2023.1/common/technology/autopilot\hls_math.h:1937]   --->   Operation 35 'call' 'y' <Predicate = true> <Delay = 8.88> <CoreType = "Generic">   --->   Core 0 '' <Latency = 0> <II = 1> <Delay = 1.00> <Generic> <Opcode : >

State 5 <SV = 4> <Delay = 8.88>
ST_5 : Operation 36 [5/7] (8.88ns)   --->   "%y = call i34 @cordic_circ_apfixed<35, 3, 0>, i34 %z" [C:/Xilinx/Vitis_HLS/2023.1/common/technology/autopilot/etc/hls_cordic_apfixed.h:266->C:/Xilinx/Vitis_HLS/2023.1/common/technology/autopilot\hls_math.h:1937]   --->   Operation 36 'call' 'y' <Predicate = true> <Delay = 8.88> <CoreType = "Generic">   --->   Core 0 '' <Latency = 0> <II = 1> <Delay = 1.00> <Generic> <Opcode : >

State 6 <SV = 5> <Delay = 8.88>
ST_6 : Operation 37 [4/7] (8.88ns)   --->   "%y = call i34 @cordic_circ_apfixed<35, 3, 0>, i34 %z" [C:/Xilinx/Vitis_HLS/2023.1/common/technology/autopilot/etc/hls_cordic_apfixed.h:266->C:/Xilinx/Vitis_HLS/2023.1/common/technology/autopilot\hls_math.h:1937]   --->   Operation 37 'call' 'y' <Predicate = true> <Delay = 8.88> <CoreType = "Generic">   --->   Core 0 '' <Latency = 0> <II = 1> <Delay = 1.00> <Generic> <Opcode : >

State 7 <SV = 6> <Delay = 8.88>
ST_7 : Operation 38 [3/7] (8.88ns)   --->   "%y = call i34 @cordic_circ_apfixed<35, 3, 0>, i34 %z" [C:/Xilinx/Vitis_HLS/2023.1/common/technology/autopilot/etc/hls_cordic_apfixed.h:266->C:/Xilinx/Vitis_HLS/2023.1/common/technology/autopilot\hls_math.h:1937]   --->   Operation 38 'call' 'y' <Predicate = true> <Delay = 8.88> <CoreType = "Generic">   --->   Core 0 '' <Latency = 0> <II = 1> <Delay = 1.00> <Generic> <Opcode : >

State 8 <SV = 7> <Delay = 8.88>
ST_8 : Operation 39 [2/7] (8.88ns)   --->   "%y = call i34 @cordic_circ_apfixed<35, 3, 0>, i34 %z" [C:/Xilinx/Vitis_HLS/2023.1/common/technology/autopilot/etc/hls_cordic_apfixed.h:266->C:/Xilinx/Vitis_HLS/2023.1/common/technology/autopilot\hls_math.h:1937]   --->   Operation 39 'call' 'y' <Predicate = true> <Delay = 8.88> <CoreType = "Generic">   --->   Core 0 '' <Latency = 0> <II = 1> <Delay = 1.00> <Generic> <Opcode : >

State 9 <SV = 8> <Delay = 8.30>
ST_9 : Operation 40 [1/7] (5.58ns)   --->   "%y = call i34 @cordic_circ_apfixed<35, 3, 0>, i34 %z" [C:/Xilinx/Vitis_HLS/2023.1/common/technology/autopilot/etc/hls_cordic_apfixed.h:266->C:/Xilinx/Vitis_HLS/2023.1/common/technology/autopilot\hls_math.h:1937]   --->   Operation 40 'call' 'y' <Predicate = true> <Delay = 5.58> <CoreType = "Generic">   --->   Core 0 '' <Latency = 0> <II = 1> <Delay = 1.00> <Generic> <Opcode : >
ST_9 : Operation 41 [1/1] (0.00ns)   --->   "%trunc_ln = partselect i29 @_ssdm_op_PartSelect.i29.i34.i32.i32, i34 %y, i32 5, i32 33" [C:/Xilinx/Vitis_HLS/2023.1/common/technology/autopilot/etc/hls_cordic_apfixed.h:275->C:/Xilinx/Vitis_HLS/2023.1/common/technology/autopilot\hls_math.h:1937]   --->   Operation 41 'partselect' 'trunc_ln' <Predicate = true> <Delay = 0.00>
ST_9 : Operation 42 [1/1] (1.02ns)   --->   "%sub_ln274 = sub i34 0, i34 %y" [C:/Xilinx/Vitis_HLS/2023.1/common/technology/autopilot/etc/hls_cordic_apfixed.h:274->C:/Xilinx/Vitis_HLS/2023.1/common/technology/autopilot\hls_math.h:1937]   --->   Operation 42 'sub' 'sub_ln274' <Predicate = (!icmp_ln251_1 & !icmp_ln274)> <Delay = 1.02> <CoreInst = "Adder">   --->   Core 1 'Adder' <Latency = 0> <II = 1> <Delay = 1.02> <FuncUnit> <Opcode : 'add' 'sub'> <InPorts = 2> <OutPorts = 1>
ST_9 : Operation 43 [1/1] (0.00ns) (grouped into LUT with out node select_ln274_1)   --->   "%trunc_ln1 = partselect i29 @_ssdm_op_PartSelect.i29.i34.i32.i32, i34 %sub_ln274, i32 5, i32 33" [C:/Xilinx/Vitis_HLS/2023.1/common/technology/autopilot/etc/hls_cordic_apfixed.h:274->C:/Xilinx/Vitis_HLS/2023.1/common/technology/autopilot\hls_math.h:1937]   --->   Operation 43 'partselect' 'trunc_ln1' <Predicate = (!icmp_ln251_1 & !icmp_ln274)> <Delay = 0.00>
ST_9 : Operation 44 [1/1] (0.00ns) (grouped into LUT with out node select_ln274_1)   --->   "%select_ln274 = select i1 %icmp_ln251_1, i29 %trunc_ln, i29 %trunc_ln1" [C:/Xilinx/Vitis_HLS/2023.1/common/technology/autopilot/etc/hls_cordic_apfixed.h:274->C:/Xilinx/Vitis_HLS/2023.1/common/technology/autopilot\hls_math.h:1937]   --->   Operation 44 'select' 'select_ln274' <Predicate = (!icmp_ln274)> <Delay = 0.00> <CoreInst = "Sel">   --->   Core 73 'Sel' <Latency = 0> <II = 1> <Delay = 0.35> <FuncUnit> <Opcode : 'select'> <InPorts = 3> <OutPorts = 1>
ST_9 : Operation 45 [1/1] (0.35ns) (out node of the LUT)   --->   "%select_ln274_1 = select i1 %icmp_ln274, i29 %trunc_ln, i29 %select_ln274" [C:/Xilinx/Vitis_HLS/2023.1/common/technology/autopilot/etc/hls_cordic_apfixed.h:274->C:/Xilinx/Vitis_HLS/2023.1/common/technology/autopilot\hls_math.h:1937]   --->   Operation 45 'select' 'select_ln274_1' <Predicate = true> <Delay = 0.35> <CoreInst = "Sel">   --->   Core 73 'Sel' <Latency = 0> <II = 1> <Delay = 0.35> <FuncUnit> <Opcode : 'select'> <InPorts = 3> <OutPorts = 1>
ST_9 : Operation 46 [1/1] (0.98ns)   --->   "%sub_ln292 = sub i29 0, i29 %select_ln274_1" [C:/Xilinx/Vitis_HLS/2023.1/common/technology/autopilot/etc/hls_cordic_apfixed.h:292->C:/Xilinx/Vitis_HLS/2023.1/common/technology/autopilot\hls_math.h:1937]   --->   Operation 46 'sub' 'sub_ln292' <Predicate = (!sign0)> <Delay = 0.98> <CoreInst = "Adder">   --->   Core 1 'Adder' <Latency = 0> <II = 1> <Delay = 0.98> <FuncUnit> <Opcode : 'add' 'sub'> <InPorts = 2> <OutPorts = 1>
ST_9 : Operation 47 [1/1] (0.35ns)   --->   "%select_ln291 = select i1 %sign0, i29 %select_ln274_1, i29 %sub_ln292" [C:/Xilinx/Vitis_HLS/2023.1/common/technology/autopilot/etc/hls_cordic_apfixed.h:291->C:/Xilinx/Vitis_HLS/2023.1/common/technology/autopilot\hls_math.h:1937]   --->   Operation 47 'select' 'select_ln291' <Predicate = true> <Delay = 0.35> <CoreInst = "Sel">   --->   Core 73 'Sel' <Latency = 0> <II = 1> <Delay = 0.35> <FuncUnit> <Opcode : 'select'> <InPorts = 3> <OutPorts = 1>
ST_9 : Operation 48 [1/1] (0.00ns)   --->   "%ret_ln1939 = ret i29 %select_ln291" [C:/Xilinx/Vitis_HLS/2023.1/common/technology/autopilot\hls_math.h:1939]   --->   Operation 48 'ret' 'ret_ln1939' <Predicate = true> <Delay = 0.00>


============================================================
+ Verbose Summary: Binding
============================================================
STG Binding: 
---------------- STG Properties BEGIN ----------------
- Is combinational: 0
- Is one-state seq: 0
- Is datapath-only: 1
- Is pipelined: 1
- Is top level: 0
Port [ Return ] is wired: 1; IO mode=ap_ctrl_hs:ce=0
Port [ x_val]:  wired=1; compound=0; hidden=0; nouse=0; global=0; static=0; extern=0; dir=0; type=0; pingpong=0; private_global=0; IO mode=ap_none:ce=0
---------------- STG Properties END ------------------

---------------- Datapath Model BEGIN ----------------

<LifeTime>
<method=bitvector/>
x_val_read     (read          ) [ 0000000000]
sign0          (icmp          ) [ 0111111111]
sub_ln237      (sub           ) [ 0000000000]
in             (select        ) [ 0000000000]
zext_ln64      (zext          ) [ 0000000000]
mul_ln64       (mul           ) [ 0000000000]
kint           (partselect    ) [ 0110000000]
k              (partselect    ) [ 0110000000]
trunc_ln68     (trunc         ) [ 0110000000]
zext_ln68      (zext          ) [ 0000000000]
shl_ln         (bitconcatenate) [ 0000000000]
mul_ln68       (mul           ) [ 0000000000]
add_ln68       (add           ) [ 0000000000]
r              (partselect    ) [ 0000000000]
zext_ln68_1    (zext          ) [ 0000000000]
sub_ln254      (sub           ) [ 0000000000]
icmp_ln251     (icmp          ) [ 0000000000]
icmp_ln251_1   (icmp          ) [ 0101111111]
or_ln251       (or            ) [ 0000000000]
tmp_1          (partselect    ) [ 0000000000]
tmp_2          (partselect    ) [ 0000000000]
zext_ln251     (zext          ) [ 0000000000]
z              (select        ) [ 0101111111]
icmp_ln274     (icmp          ) [ 0101111111]
y              (call          ) [ 0000000000]
trunc_ln       (partselect    ) [ 0000000000]
sub_ln274      (sub           ) [ 0000000000]
trunc_ln1      (partselect    ) [ 0000000000]
select_ln274   (select        ) [ 0000000000]
select_ln274_1 (select        ) [ 0000000000]
sub_ln292      (sub           ) [ 0000000000]
select_ln291   (select        ) [ 0000000000]
ret_ln1939     (ret           ) [ 0000000000]
</LifeTime>

<model>

<comp_list>
<comp id="0" class="1000" name="x_val">
<pin_list>
<pin id="1" dir="1" index="0" bw="1" slack="0"/>
</pin_list>
<bind>
<StgValue><ssdm name="x_val"/></StgValue>
</bind>
</comp>

<comp id="2" class="1001" name="const_2">
<pin_list>
<pin id="3" dir="1" index="0" bw="1" slack="0"/>
</pin_list>
<bind>
<StgValue><ssdm name="_ssdm_op_Read.ap_auto.i33"/></StgValue>
</bind>
</comp>

<comp id="4" class="1001" name="const_4">
<pin_list>
<pin id="5" dir="1" index="0" bw="1" slack="0"/>
</pin_list>
<bind>
<StgValue><ssdm name=""/></StgValue>
</bind>
</comp>

<comp id="6" class="1001" name="const_6">
<pin_list>
<pin id="7" dir="1" index="0" bw="1" slack="0"/>
</pin_list>
<bind>
<StgValue><ssdm name=""/></StgValue>
</bind>
</comp>

<comp id="8" class="1001" name="const_8">
<pin_list>
<pin id="9" dir="1" index="0" bw="1" slack="0"/>
</pin_list>
<bind>
<StgValue><ssdm name="_ssdm_op_PartSelect.i6.i73.i32.i32"/></StgValue>
</bind>
</comp>

<comp id="10" class="1001" name="const_10">
<pin_list>
<pin id="11" dir="1" index="0" bw="1" slack="0"/>
</pin_list>
<bind>
<StgValue><ssdm name=""/></StgValue>
</bind>
</comp>

<comp id="12" class="1001" name="const_12">
<pin_list>
<pin id="13" dir="1" index="0" bw="1" slack="0"/>
</pin_list>
<bind>
<StgValue><ssdm name=""/></StgValue>
</bind>
</comp>

<comp id="14" class="1001" name="const_14">
<pin_list>
<pin id="15" dir="1" index="0" bw="1" slack="0"/>
</pin_list>
<bind>
<StgValue><ssdm name="_ssdm_op_PartSelect.i2.i73.i32.i32"/></StgValue>
</bind>
</comp>

<comp id="16" class="1001" name="const_16">
<pin_list>
<pin id="17" dir="1" index="0" bw="1" slack="0"/>
</pin_list>
<bind>
<StgValue><ssdm name=""/></StgValue>
</bind>
</comp>

<comp id="18" class="1001" name="const_18">
<pin_list>
<pin id="19" dir="1" index="0" bw="1" slack="0"/>
</pin_list>
<bind>
<StgValue><ssdm name="_ssdm_op_BitConcatenate.i35.i28.i7"/></StgValue>
</bind>
</comp>

<comp id="20" class="1001" name="const_20">
<pin_list>
<pin id="21" dir="1" index="0" bw="1" slack="0"/>
</pin_list>
<bind>
<StgValue><ssdm name=""/></StgValue>
</bind>
</comp>

<comp id="22" class="1001" name="const_22">
<pin_list>
<pin id="23" dir="1" index="0" bw="1" slack="0"/>
</pin_list>
<bind>
<StgValue><ssdm name=""/></StgValue>
</bind>
</comp>

<comp id="24" class="1001" name="const_24">
<pin_list>
<pin id="25" dir="1" index="0" bw="1" slack="0"/>
</pin_list>
<bind>
<StgValue><ssdm name="_ssdm_op_PartSelect.i34.i35.i32.i32"/></StgValue>
</bind>
</comp>

<comp id="26" class="1001" name="const_26">
<pin_list>
<pin id="27" dir="1" index="0" bw="1" slack="0"/>
</pin_list>
<bind>
<StgValue><ssdm name=""/></StgValue>
</bind>
</comp>

<comp id="28" class="1001" name="const_28">
<pin_list>
<pin id="29" dir="1" index="0" bw="1" slack="0"/>
</pin_list>
<bind>
<StgValue><ssdm name=""/></StgValue>
</bind>
</comp>

<comp id="30" class="1001" name="const_30">
<pin_list>
<pin id="31" dir="1" index="0" bw="1" slack="0"/>
</pin_list>
<bind>
<StgValue><ssdm name=""/></StgValue>
</bind>
</comp>

<comp id="32" class="1001" name="const_32">
<pin_list>
<pin id="33" dir="1" index="0" bw="1" slack="0"/>
</pin_list>
<bind>
<StgValue><ssdm name=""/></StgValue>
</bind>
</comp>

<comp id="34" class="1001" name="const_34">
<pin_list>
<pin id="35" dir="1" index="0" bw="1" slack="0"/>
</pin_list>
<bind>
<StgValue><ssdm name=""/></StgValue>
</bind>
</comp>

<comp id="36" class="1001" name="const_36">
<pin_list>
<pin id="37" dir="1" index="0" bw="1" slack="0"/>
</pin_list>
<bind>
<StgValue><ssdm name="_ssdm_op_PartSelect.i33.i35.i32.i32"/></StgValue>
</bind>
</comp>

<comp id="38" class="1001" name="const_38">
<pin_list>
<pin id="39" dir="1" index="0" bw="1" slack="0"/>
</pin_list>
<bind>
<StgValue><ssdm name=""/></StgValue>
</bind>
</comp>

<comp id="40" class="1001" name="const_40">
<pin_list>
<pin id="41" dir="1" index="0" bw="1" slack="0"/>
</pin_list>
<bind>
<StgValue><ssdm name=""/></StgValue>
</bind>
</comp>

<comp id="42" class="1001" name="const_42">
<pin_list>
<pin id="43" dir="1" index="0" bw="1" slack="0"/>
</pin_list>
<bind>
<StgValue><ssdm name="cordic_circ_apfixed<35, 3, 0>"/></StgValue>
</bind>
</comp>

<comp id="44" class="1001" name="const_44">
<pin_list>
<pin id="45" dir="1" index="0" bw="1" slack="0"/>
</pin_list>
<bind>
<StgValue><ssdm name="_ssdm_op_PartSelect.i29.i34.i32.i32"/></StgValue>
</bind>
</comp>

<comp id="46" class="1001" name="const_46">
<pin_list>
<pin id="47" dir="1" index="0" bw="1" slack="0"/>
</pin_list>
<bind>
<StgValue><ssdm name=""/></StgValue>
</bind>
</comp>

<comp id="48" class="1001" name="const_48">
<pin_list>
<pin id="49" dir="1" index="0" bw="1" slack="0"/>
</pin_list>
<bind>
<StgValue><ssdm name=""/></StgValue>
</bind>
</comp>

<comp id="50" class="1001" name="const_50">
<pin_list>
<pin id="51" dir="1" index="0" bw="1" slack="0"/>
</pin_list>
<bind>
<StgValue><ssdm name=""/></StgValue>
</bind>
</comp>

<comp id="52" class="1001" name="const_52">
<pin_list>
<pin id="53" dir="1" index="0" bw="1" slack="0"/>
</pin_list>
<bind>
<StgValue><ssdm name=""/></StgValue>
</bind>
</comp>

<comp id="54" class="1004" name="x_val_read_read_fu_54">
<pin_list>
<pin id="55" dir="0" index="0" bw="33" slack="0"/>
<pin id="56" dir="0" index="1" bw="33" slack="0"/>
<pin id="57" dir="1" index="2" bw="33" slack="0"/>
</pin_list>
<bind>
<opcode="read(1150) " fcode="read"/>
<opset="x_val_read/1 "/>
</bind>
</comp>

<comp id="60" class="1004" name="grp_cordic_circ_apfixed_35_3_0_s_fu_60">
<pin_list>
<pin id="61" dir="0" index="0" bw="34" slack="0"/>
<pin id="62" dir="0" index="1" bw="34" slack="1"/>
<pin id="63" dir="1" index="2" bw="34" slack="0"/>
</pin_list>
<bind>
<opcode="call(48) " fcode="call"/>
<opset="y/3 "/>
</bind>
</comp>

<comp id="65" class="1004" name="mul_ln68_fu_65">
<pin_list>
<pin id="66" dir="0" index="0" bw="6" slack="0"/>
<pin id="67" dir="0" index="1" bw="34" slack="0"/>
<pin id="68" dir="1" index="2" bw="35" slack="0"/>
</pin_list>
<bind>
<opcode="mul(12) " fcode="mul"/>
<opset="mul_ln68/2 "/>
</bind>
</comp>

<comp id="70" class="1004" name="mul_ln64_fu_70">
<pin_list>
<pin id="71" dir="0" index="0" bw="33" slack="0"/>
<pin id="72" dir="0" index="1" bw="41" slack="0"/>
<pin id="73" dir="1" index="2" bw="73" slack="0"/>
</pin_list>
<bind>
<opcode="mul(12) " fcode="mul"/>
<opset="mul_ln64/1 "/>
</bind>
</comp>

<comp id="75" class="1004" name="sign0_fu_75">
<pin_list>
<pin id="76" dir="0" index="0" bw="33" slack="0"/>
<pin id="77" dir="0" index="1" bw="1" slack="0"/>
<pin id="78" dir="1" index="2" bw="1" slack="0"/>
</pin_list>
<bind>
<opcode="icmp(45) " fcode="icmp"/>
<opset="sign0/1 "/>
</bind>
</comp>

<comp id="81" class="1004" name="sub_ln237_fu_81">
<pin_list>
<pin id="82" dir="0" index="0" bw="1" slack="0"/>
<pin id="83" dir="0" index="1" bw="33" slack="0"/>
<pin id="84" dir="1" index="2" bw="33" slack="0"/>
</pin_list>
<bind>
<opcode="sub(10) " fcode="sub"/>
<opset="sub_ln237/1 "/>
</bind>
</comp>

<comp id="87" class="1004" name="in_fu_87">
<pin_list>
<pin id="88" dir="0" index="0" bw="1" slack="0"/>
<pin id="89" dir="0" index="1" bw="33" slack="0"/>
<pin id="90" dir="0" index="2" bw="33" slack="0"/>
<pin id="91" dir="1" index="3" bw="33" slack="0"/>
</pin_list>
<bind>
<opcode="select(49) " fcode="select"/>
<opset="in/1 "/>
</bind>
</comp>

<comp id="95" class="1004" name="zext_ln64_fu_95">
<pin_list>
<pin id="96" dir="0" index="0" bw="33" slack="0"/>
<pin id="97" dir="1" index="1" bw="73" slack="0"/>
</pin_list>
<bind>
<opcode="zext(34) " fcode="zext"/>
<opset="zext_ln64/1 "/>
</bind>
</comp>

<comp id="100" class="1004" name="kint_fu_100">
<pin_list>
<pin id="101" dir="0" index="0" bw="6" slack="0"/>
<pin id="102" dir="0" index="1" bw="73" slack="0"/>
<pin id="103" dir="0" index="2" bw="8" slack="0"/>
<pin id="104" dir="0" index="3" bw="8" slack="0"/>
<pin id="105" dir="1" index="4" bw="6" slack="1"/>
</pin_list>
<bind>
<opcode="partselect(1002) " fcode="partselect"/>
<opset="kint/1 "/>
</bind>
</comp>

<comp id="110" class="1004" name="k_fu_110">
<pin_list>
<pin id="111" dir="0" index="0" bw="2" slack="0"/>
<pin id="112" dir="0" index="1" bw="73" slack="0"/>
<pin id="113" dir="0" index="2" bw="8" slack="0"/>
<pin id="114" dir="0" index="3" bw="8" slack="0"/>
<pin id="115" dir="1" index="4" bw="2" slack="1"/>
</pin_list>
<bind>
<opcode="partselect(1002) " fcode="partselect"/>
<opset="k/1 "/>
</bind>
</comp>

<comp id="120" class="1004" name="trunc_ln68_fu_120">
<pin_list>
<pin id="121" dir="0" index="0" bw="33" slack="0"/>
<pin id="122" dir="1" index="1" bw="28" slack="1"/>
</pin_list>
<bind>
<opcode="trunc(33) " fcode="trunc"/>
<opset="trunc_ln68/1 "/>
</bind>
</comp>

<comp id="124" class="1004" name="zext_ln68_fu_124">
<pin_list>
<pin id="125" dir="0" index="0" bw="6" slack="1"/>
<pin id="126" dir="1" index="1" bw="35" slack="0"/>
</pin_list>
<bind>
<opcode="zext(34) " fcode="zext"/>
<opset="zext_ln68/2 "/>
</bind>
</comp>

<comp id="128" class="1004" name="shl_ln_fu_128">
<pin_list>
<pin id="129" dir="0" index="0" bw="35" slack="0"/>
<pin id="130" dir="0" index="1" bw="28" slack="1"/>
<pin id="131" dir="0" index="2" bw="1" slack="0"/>
<pin id="132" dir="1" index="3" bw="35" slack="0"/>
</pin_list>
<bind>
<opcode="bitconcatenate(1004) " fcode="bitconcatenate"/>
<opset="shl_ln/2 "/>
</bind>
</comp>

<comp id="135" class="1004" name="add_ln68_fu_135">
<pin_list>
<pin id="136" dir="0" index="0" bw="35" slack="0"/>
<pin id="137" dir="0" index="1" bw="35" slack="0"/>
<pin id="138" dir="1" index="2" bw="35" slack="0"/>
</pin_list>
<bind>
<opcode="add(8) " fcode="add"/>
<opset="add_ln68/2 "/>
</bind>
</comp>

<comp id="141" class="1004" name="r_fu_141">
<pin_list>
<pin id="142" dir="0" index="0" bw="34" slack="0"/>
<pin id="143" dir="0" index="1" bw="35" slack="0"/>
<pin id="144" dir="0" index="2" bw="1" slack="0"/>
<pin id="145" dir="0" index="3" bw="7" slack="0"/>
<pin id="146" dir="1" index="4" bw="34" slack="0"/>
</pin_list>
<bind>
<opcode="partselect(1002) " fcode="partselect"/>
<opset="r/2 "/>
</bind>
</comp>

<comp id="151" class="1004" name="zext_ln68_1_fu_151">
<pin_list>
<pin id="152" dir="0" index="0" bw="34" slack="0"/>
<pin id="153" dir="1" index="1" bw="35" slack="0"/>
</pin_list>
<bind>
<opcode="zext(34) " fcode="zext"/>
<opset="zext_ln68_1/2 "/>
</bind>
</comp>

<comp id="155" class="1004" name="sub_ln254_fu_155">
<pin_list>
<pin id="156" dir="0" index="0" bw="35" slack="0"/>
<pin id="157" dir="0" index="1" bw="34" slack="0"/>
<pin id="158" dir="1" index="2" bw="35" slack="0"/>
</pin_list>
<bind>
<opcode="sub(10) " fcode="sub"/>
<opset="sub_ln254/2 "/>
</bind>
</comp>

<comp id="161" class="1004" name="icmp_ln251_fu_161">
<pin_list>
<pin id="162" dir="0" index="0" bw="2" slack="1"/>
<pin id="163" dir="0" index="1" bw="1" slack="0"/>
<pin id="164" dir="1" index="2" bw="1" slack="0"/>
</pin_list>
<bind>
<opcode="icmp(45) " fcode="icmp"/>
<opset="icmp_ln251/2 "/>
</bind>
</comp>

<comp id="166" class="1004" name="icmp_ln251_1_fu_166">
<pin_list>
<pin id="167" dir="0" index="0" bw="2" slack="1"/>
<pin id="168" dir="0" index="1" bw="1" slack="0"/>
<pin id="169" dir="1" index="2" bw="1" slack="0"/>
</pin_list>
<bind>
<opcode="icmp(45) " fcode="icmp"/>
<opset="icmp_ln251_1/2 "/>
</bind>
</comp>

<comp id="171" class="1004" name="or_ln251_fu_171">
<pin_list>
<pin id="172" dir="0" index="0" bw="1" slack="0"/>
<pin id="173" dir="0" index="1" bw="1" slack="0"/>
<pin id="174" dir="1" index="2" bw="1" slack="0"/>
</pin_list>
<bind>
<opcode="or(24) " fcode="or"/>
<opset="or_ln251/2 "/>
</bind>
</comp>

<comp id="177" class="1004" name="tmp_1_fu_177">
<pin_list>
<pin id="178" dir="0" index="0" bw="34" slack="0"/>
<pin id="179" dir="0" index="1" bw="35" slack="0"/>
<pin id="180" dir="0" index="2" bw="1" slack="0"/>
<pin id="181" dir="0" index="3" bw="7" slack="0"/>
<pin id="182" dir="1" index="4" bw="34" slack="0"/>
</pin_list>
<bind>
<opcode="partselect(1002) " fcode="partselect"/>
<opset="tmp_1/2 "/>
</bind>
</comp>

<comp id="187" class="1004" name="tmp_2_fu_187">
<pin_list>
<pin id="188" dir="0" index="0" bw="33" slack="0"/>
<pin id="189" dir="0" index="1" bw="35" slack="0"/>
<pin id="190" dir="0" index="2" bw="3" slack="0"/>
<pin id="191" dir="0" index="3" bw="7" slack="0"/>
<pin id="192" dir="1" index="4" bw="33" slack="0"/>
</pin_list>
<bind>
<opcode="partselect(1002) " fcode="partselect"/>
<opset="tmp_2/2 "/>
</bind>
</comp>

<comp id="197" class="1004" name="zext_ln251_fu_197">
<pin_list>
<pin id="198" dir="0" index="0" bw="33" slack="0"/>
<pin id="199" dir="1" index="1" bw="34" slack="0"/>
</pin_list>
<bind>
<opcode="zext(34) " fcode="zext"/>
<opset="zext_ln251/2 "/>
</bind>
</comp>

<comp id="201" class="1004" name="z_fu_201">
<pin_list>
<pin id="202" dir="0" index="0" bw="1" slack="0"/>
<pin id="203" dir="0" index="1" bw="34" slack="0"/>
<pin id="204" dir="0" index="2" bw="33" slack="0"/>
<pin id="205" dir="1" index="3" bw="34" slack="1"/>
</pin_list>
<bind>
<opcode="select(49) " fcode="select"/>
<opset="z/2 "/>
</bind>
</comp>

<comp id="209" class="1004" name="icmp_ln274_fu_209">
<pin_list>
<pin id="210" dir="0" index="0" bw="2" slack="1"/>
<pin id="211" dir="0" index="1" bw="1" slack="0"/>
<pin id="212" dir="1" index="2" bw="1" slack="7"/>
</pin_list>
<bind>
<opcode="icmp(45) " fcode="icmp"/>
<opset="icmp_ln274/2 "/>
</bind>
</comp>

<comp id="214" class="1004" name="trunc_ln_fu_214">
<pin_list>
<pin id="215" dir="0" index="0" bw="29" slack="0"/>
<pin id="216" dir="0" index="1" bw="34" slack="0"/>
<pin id="217" dir="0" index="2" bw="4" slack="0"/>
<pin id="218" dir="0" index="3" bw="7" slack="0"/>
<pin id="219" dir="1" index="4" bw="29" slack="0"/>
</pin_list>
<bind>
<opcode="partselect(1002) " fcode="partselect"/>
<opset="trunc_ln/9 "/>
</bind>
</comp>

<comp id="224" class="1004" name="sub_ln274_fu_224">
<pin_list>
<pin id="225" dir="0" index="0" bw="1" slack="0"/>
<pin id="226" dir="0" index="1" bw="34" slack="0"/>
<pin id="227" dir="1" index="2" bw="34" slack="0"/>
</pin_list>
<bind>
<opcode="sub(10) " fcode="sub"/>
<opset="sub_ln274/9 "/>
</bind>
</comp>

<comp id="230" class="1004" name="trunc_ln1_fu_230">
<pin_list>
<pin id="231" dir="0" index="0" bw="29" slack="0"/>
<pin id="232" dir="0" index="1" bw="34" slack="0"/>
<pin id="233" dir="0" index="2" bw="4" slack="0"/>
<pin id="234" dir="0" index="3" bw="7" slack="0"/>
<pin id="235" dir="1" index="4" bw="29" slack="0"/>
</pin_list>
<bind>
<opcode="partselect(1002) " fcode="partselect"/>
<opset="trunc_ln1/9 "/>
</bind>
</comp>

<comp id="240" class="1004" name="select_ln274_fu_240">
<pin_list>
<pin id="241" dir="0" index="0" bw="1" slack="7"/>
<pin id="242" dir="0" index="1" bw="29" slack="0"/>
<pin id="243" dir="0" index="2" bw="29" slack="0"/>
<pin id="244" dir="1" index="3" bw="29" slack="0"/>
</pin_list>
<bind>
<opcode="select(49) " fcode="select"/>
<opset="select_ln274/9 "/>
</bind>
</comp>

<comp id="247" class="1004" name="select_ln274_1_fu_247">
<pin_list>
<pin id="248" dir="0" index="0" bw="1" slack="7"/>
<pin id="249" dir="0" index="1" bw="29" slack="0"/>
<pin id="250" dir="0" index="2" bw="29" slack="0"/>
<pin id="251" dir="1" index="3" bw="29" slack="0"/>
</pin_list>
<bind>
<opcode="select(49) " fcode="select"/>
<opset="select_ln274_1/9 "/>
</bind>
</comp>

<comp id="254" class="1004" name="sub_ln292_fu_254">
<pin_list>
<pin id="255" dir="0" index="0" bw="1" slack="0"/>
<pin id="256" dir="0" index="1" bw="29" slack="0"/>
<pin id="257" dir="1" index="2" bw="29" slack="0"/>
</pin_list>
<bind>
<opcode="sub(10) " fcode="sub"/>
<opset="sub_ln292/9 "/>
</bind>
</comp>

<comp id="260" class="1004" name="select_ln291_fu_260">
<pin_list>
<pin id="261" dir="0" index="0" bw="1" slack="8"/>
<pin id="262" dir="0" index="1" bw="29" slack="0"/>
<pin id="263" dir="0" index="2" bw="29" slack="0"/>
<pin id="264" dir="1" index="3" bw="29" slack="2147483647"/>
</pin_list>
<bind>
<opcode="select(49) " fcode="select"/>
<opset="select_ln291/9 "/>
</bind>
</comp>

<comp id="267" class="1005" name="sign0_reg_267">
<pin_list>
<pin id="268" dir="0" index="0" bw="1" slack="8"/>
<pin id="269" dir="1" index="1" bw="1" slack="8"/>
</pin_list>
<bind>
<opset="sign0 "/>
</bind>
</comp>

<comp id="272" class="1005" name="kint_reg_272">
<pin_list>
<pin id="273" dir="0" index="0" bw="6" slack="1"/>
<pin id="274" dir="1" index="1" bw="6" slack="1"/>
</pin_list>
<bind>
<opset="kint "/>
</bind>
</comp>

<comp id="277" class="1005" name="k_reg_277">
<pin_list>
<pin id="278" dir="0" index="0" bw="2" slack="1"/>
<pin id="279" dir="1" index="1" bw="2" slack="1"/>
</pin_list>
<bind>
<opset="k "/>
</bind>
</comp>

<comp id="284" class="1005" name="trunc_ln68_reg_284">
<pin_list>
<pin id="285" dir="0" index="0" bw="28" slack="1"/>
<pin id="286" dir="1" index="1" bw="28" slack="1"/>
</pin_list>
<bind>
<opset="trunc_ln68 "/>
</bind>
</comp>

<comp id="289" class="1005" name="icmp_ln251_1_reg_289">
<pin_list>
<pin id="290" dir="0" index="0" bw="1" slack="7"/>
<pin id="291" dir="1" index="1" bw="1" slack="7"/>
</pin_list>
<bind>
<opset="icmp_ln251_1 "/>
</bind>
</comp>

<comp id="294" class="1005" name="z_reg_294">
<pin_list>
<pin id="295" dir="0" index="0" bw="34" slack="1"/>
<pin id="296" dir="1" index="1" bw="34" slack="1"/>
</pin_list>
<bind>
<opset="z "/>
</bind>
</comp>

<comp id="299" class="1005" name="icmp_ln274_reg_299">
<pin_list>
<pin id="300" dir="0" index="0" bw="1" slack="7"/>
<pin id="301" dir="1" index="1" bw="1" slack="7"/>
</pin_list>
<bind>
<opset="icmp_ln274 "/>
</bind>
</comp>

</comp_list>

<net_list>
<net id="58"><net_src comp="2" pin="0"/><net_sink comp="54" pin=0"/></net>

<net id="59"><net_src comp="0" pin="0"/><net_sink comp="54" pin=1"/></net>

<net id="64"><net_src comp="42" pin="0"/><net_sink comp="60" pin=0"/></net>

<net id="69"><net_src comp="22" pin="0"/><net_sink comp="65" pin=1"/></net>

<net id="74"><net_src comp="6" pin="0"/><net_sink comp="70" pin=1"/></net>

<net id="79"><net_src comp="54" pin="2"/><net_sink comp="75" pin=0"/></net>

<net id="80"><net_src comp="4" pin="0"/><net_sink comp="75" pin=1"/></net>

<net id="85"><net_src comp="4" pin="0"/><net_sink comp="81" pin=0"/></net>

<net id="86"><net_src comp="54" pin="2"/><net_sink comp="81" pin=1"/></net>

<net id="92"><net_src comp="75" pin="2"/><net_sink comp="87" pin=0"/></net>

<net id="93"><net_src comp="54" pin="2"/><net_sink comp="87" pin=1"/></net>

<net id="94"><net_src comp="81" pin="2"/><net_sink comp="87" pin=2"/></net>

<net id="98"><net_src comp="87" pin="3"/><net_sink comp="95" pin=0"/></net>

<net id="99"><net_src comp="95" pin="1"/><net_sink comp="70" pin=0"/></net>

<net id="106"><net_src comp="8" pin="0"/><net_sink comp="100" pin=0"/></net>

<net id="107"><net_src comp="70" pin="2"/><net_sink comp="100" pin=1"/></net>

<net id="108"><net_src comp="10" pin="0"/><net_sink comp="100" pin=2"/></net>

<net id="109"><net_src comp="12" pin="0"/><net_sink comp="100" pin=3"/></net>

<net id="116"><net_src comp="14" pin="0"/><net_sink comp="110" pin=0"/></net>

<net id="117"><net_src comp="70" pin="2"/><net_sink comp="110" pin=1"/></net>

<net id="118"><net_src comp="10" pin="0"/><net_sink comp="110" pin=2"/></net>

<net id="119"><net_src comp="16" pin="0"/><net_sink comp="110" pin=3"/></net>

<net id="123"><net_src comp="87" pin="3"/><net_sink comp="120" pin=0"/></net>

<net id="127"><net_src comp="124" pin="1"/><net_sink comp="65" pin=0"/></net>

<net id="133"><net_src comp="18" pin="0"/><net_sink comp="128" pin=0"/></net>

<net id="134"><net_src comp="20" pin="0"/><net_sink comp="128" pin=2"/></net>

<net id="139"><net_src comp="128" pin="3"/><net_sink comp="135" pin=0"/></net>

<net id="140"><net_src comp="65" pin="2"/><net_sink comp="135" pin=1"/></net>

<net id="147"><net_src comp="24" pin="0"/><net_sink comp="141" pin=0"/></net>

<net id="148"><net_src comp="135" pin="2"/><net_sink comp="141" pin=1"/></net>

<net id="149"><net_src comp="26" pin="0"/><net_sink comp="141" pin=2"/></net>

<net id="150"><net_src comp="28" pin="0"/><net_sink comp="141" pin=3"/></net>

<net id="154"><net_src comp="141" pin="4"/><net_sink comp="151" pin=0"/></net>

<net id="159"><net_src comp="30" pin="0"/><net_sink comp="155" pin=0"/></net>

<net id="160"><net_src comp="151" pin="1"/><net_sink comp="155" pin=1"/></net>

<net id="165"><net_src comp="32" pin="0"/><net_sink comp="161" pin=1"/></net>

<net id="170"><net_src comp="34" pin="0"/><net_sink comp="166" pin=1"/></net>

<net id="175"><net_src comp="161" pin="2"/><net_sink comp="171" pin=0"/></net>

<net id="176"><net_src comp="166" pin="2"/><net_sink comp="171" pin=1"/></net>

<net id="183"><net_src comp="24" pin="0"/><net_sink comp="177" pin=0"/></net>

<net id="184"><net_src comp="155" pin="2"/><net_sink comp="177" pin=1"/></net>

<net id="185"><net_src comp="26" pin="0"/><net_sink comp="177" pin=2"/></net>

<net id="186"><net_src comp="28" pin="0"/><net_sink comp="177" pin=3"/></net>

<net id="193"><net_src comp="36" pin="0"/><net_sink comp="187" pin=0"/></net>

<net id="194"><net_src comp="135" pin="2"/><net_sink comp="187" pin=1"/></net>

<net id="195"><net_src comp="38" pin="0"/><net_sink comp="187" pin=2"/></net>

<net id="196"><net_src comp="28" pin="0"/><net_sink comp="187" pin=3"/></net>

<net id="200"><net_src comp="187" pin="4"/><net_sink comp="197" pin=0"/></net>

<net id="206"><net_src comp="171" pin="2"/><net_sink comp="201" pin=0"/></net>

<net id="207"><net_src comp="177" pin="4"/><net_sink comp="201" pin=1"/></net>

<net id="208"><net_src comp="197" pin="1"/><net_sink comp="201" pin=2"/></net>

<net id="213"><net_src comp="40" pin="0"/><net_sink comp="209" pin=1"/></net>

<net id="220"><net_src comp="44" pin="0"/><net_sink comp="214" pin=0"/></net>

<net id="221"><net_src comp="60" pin="2"/><net_sink comp="214" pin=1"/></net>

<net id="222"><net_src comp="46" pin="0"/><net_sink comp="214" pin=2"/></net>

<net id="223"><net_src comp="48" pin="0"/><net_sink comp="214" pin=3"/></net>

<net id="228"><net_src comp="50" pin="0"/><net_sink comp="224" pin=0"/></net>

<net id="229"><net_src comp="60" pin="2"/><net_sink comp="224" pin=1"/></net>

<net id="236"><net_src comp="44" pin="0"/><net_sink comp="230" pin=0"/></net>

<net id="237"><net_src comp="224" pin="2"/><net_sink comp="230" pin=1"/></net>

<net id="238"><net_src comp="46" pin="0"/><net_sink comp="230" pin=2"/></net>

<net id="239"><net_src comp="48" pin="0"/><net_sink comp="230" pin=3"/></net>

<net id="245"><net_src comp="214" pin="4"/><net_sink comp="240" pin=1"/></net>

<net id="246"><net_src comp="230" pin="4"/><net_sink comp="240" pin=2"/></net>

<net id="252"><net_src comp="214" pin="4"/><net_sink comp="247" pin=1"/></net>

<net id="253"><net_src comp="240" pin="3"/><net_sink comp="247" pin=2"/></net>

<net id="258"><net_src comp="52" pin="0"/><net_sink comp="254" pin=0"/></net>

<net id="259"><net_src comp="247" pin="3"/><net_sink comp="254" pin=1"/></net>

<net id="265"><net_src comp="247" pin="3"/><net_sink comp="260" pin=1"/></net>

<net id="266"><net_src comp="254" pin="2"/><net_sink comp="260" pin=2"/></net>

<net id="270"><net_src comp="75" pin="2"/><net_sink comp="267" pin=0"/></net>

<net id="271"><net_src comp="267" pin="1"/><net_sink comp="260" pin=0"/></net>

<net id="275"><net_src comp="100" pin="4"/><net_sink comp="272" pin=0"/></net>

<net id="276"><net_src comp="272" pin="1"/><net_sink comp="124" pin=0"/></net>

<net id="280"><net_src comp="110" pin="4"/><net_sink comp="277" pin=0"/></net>

<net id="281"><net_src comp="277" pin="1"/><net_sink comp="161" pin=0"/></net>

<net id="282"><net_src comp="277" pin="1"/><net_sink comp="166" pin=0"/></net>

<net id="283"><net_src comp="277" pin="1"/><net_sink comp="209" pin=0"/></net>

<net id="287"><net_src comp="120" pin="1"/><net_sink comp="284" pin=0"/></net>

<net id="288"><net_src comp="284" pin="1"/><net_sink comp="128" pin=1"/></net>

<net id="292"><net_src comp="166" pin="2"/><net_sink comp="289" pin=0"/></net>

<net id="293"><net_src comp="289" pin="1"/><net_sink comp="240" pin=0"/></net>

<net id="297"><net_src comp="201" pin="3"/><net_sink comp="294" pin=0"/></net>

<net id="298"><net_src comp="294" pin="1"/><net_sink comp="60" pin=1"/></net>

<net id="302"><net_src comp="209" pin="2"/><net_sink comp="299" pin=0"/></net>

<net id="303"><net_src comp="299" pin="1"/><net_sink comp="247" pin=0"/></net>

</net_list>

</model> 
---------------- Datapath Model END ------------------

* FSMD analyzer results:
  - Output states:
 - Input state : 
	Port: sin<33, 6> : x_val | {1 }
  - Chain level:
	State 1
		in : 1
		zext_ln64 : 2
		mul_ln64 : 3
		kint : 4
		k : 4
		trunc_ln68 : 2
	State 2
		mul_ln68 : 1
		add_ln68 : 2
		r : 3
		zext_ln68_1 : 4
		sub_ln254 : 5
		or_ln251 : 1
		tmp_1 : 6
		tmp_2 : 3
		zext_ln251 : 4
		z : 7
	State 3
	State 4
	State 5
	State 6
	State 7
	State 8
	State 9
		trunc_ln : 1
		sub_ln274 : 1
		trunc_ln1 : 2
		select_ln274 : 3
		select_ln274_1 : 4
		sub_ln292 : 5
		select_ln291 : 6
		ret_ln1939 : 7


============================================================
+ Verbose Summary: Datapath Resource usage 
============================================================

* Functional unit list:
|----------|----------------------------------------|---------|---------|---------|
| Operation|             Functional Unit            |   DSP   |    FF   |   LUT   |
|----------|----------------------------------------|---------|---------|---------|
|   call   | grp_cordic_circ_apfixed_35_3_0_s_fu_60 |    0    |   618   |  10283  |
|----------|----------------------------------------|---------|---------|---------|
|          |             sub_ln237_fu_81            |    0    |    0    |    40   |
|    sub   |            sub_ln254_fu_155            |    0    |    0    |    42   |
|          |            sub_ln274_fu_224            |    0    |    0    |    41   |
|          |            sub_ln292_fu_254            |    0    |    0    |    36   |
|----------|----------------------------------------|---------|---------|---------|
|          |                in_fu_87                |    0    |    0    |    32   |
|          |                z_fu_201                |    0    |    0    |    33   |
|  select  |           select_ln274_fu_240          |    0    |    0    |    29   |
|          |          select_ln274_1_fu_247         |    0    |    0    |    29   |
|          |           select_ln291_fu_260          |    0    |    0    |    29   |
|----------|----------------------------------------|---------|---------|---------|
|          |               sign0_fu_75              |    0    |    0    |    40   |
|   icmp   |            icmp_ln251_fu_161           |    0    |    0    |    9    |
|          |           icmp_ln251_1_fu_166          |    0    |    0    |    9    |
|          |            icmp_ln274_fu_209           |    0    |    0    |    9    |
|----------|----------------------------------------|---------|---------|---------|
|    mul   |             mul_ln68_fu_65             |    2    |    0    |    22   |
|          |             mul_ln64_fu_70             |    4    |    0    |    25   |
|----------|----------------------------------------|---------|---------|---------|
|    add   |             add_ln68_fu_135            |    0    |    0    |    42   |
|----------|----------------------------------------|---------|---------|---------|
|    or    |             or_ln251_fu_171            |    0    |    0    |    2    |
|----------|----------------------------------------|---------|---------|---------|
|   read   |          x_val_read_read_fu_54         |    0    |    0    |    0    |
|----------|----------------------------------------|---------|---------|---------|
|          |             zext_ln64_fu_95            |    0    |    0    |    0    |
|   zext   |            zext_ln68_fu_124            |    0    |    0    |    0    |
|          |           zext_ln68_1_fu_151           |    0    |    0    |    0    |
|          |            zext_ln251_fu_197           |    0    |    0    |    0    |
|----------|----------------------------------------|---------|---------|---------|
|          |               kint_fu_100              |    0    |    0    |    0    |
|          |                k_fu_110                |    0    |    0    |    0    |
|          |                r_fu_141                |    0    |    0    |    0    |
|partselect|              tmp_1_fu_177              |    0    |    0    |    0    |
|          |              tmp_2_fu_187              |    0    |    0    |    0    |
|          |             trunc_ln_fu_214            |    0    |    0    |    0    |
|          |            trunc_ln1_fu_230            |    0    |    0    |    0    |
|----------|----------------------------------------|---------|---------|---------|
|   trunc  |            trunc_ln68_fu_120           |    0    |    0    |    0    |
|----------|----------------------------------------|---------|---------|---------|
|bitconcatenate|              shl_ln_fu_128             |    0    |    0    |    0    |
|----------|----------------------------------------|---------|---------|---------|
|   Total  |                                        |    6    |   618   |  10752  |
|----------|----------------------------------------|---------|---------|---------|

Memories:
N/A

* Register list:
+--------------------+--------+
|                    |   FF   |
+--------------------+--------+
|icmp_ln251_1_reg_289|    1   |
| icmp_ln274_reg_299 |    1   |
|      k_reg_277     |    2   |
|    kint_reg_272    |    6   |
|    sign0_reg_267   |    1   |
| trunc_ln68_reg_284 |   28   |
|      z_reg_294     |   34   |
+--------------------+--------+
|        Total       |   73   |
+--------------------+--------+

* Multiplexer (MUX) list: 
|--------|------|------|------|--------|
|  Comp  |  Pin | Size |  BW  | S x BW |
|--------|------|------|------|--------|
|  Total |      |      |      |    0   |
|--------|------|------|------|--------|



* Summary:
+-----------+--------+--------+--------+
|           |   DSP  |   FF   |   LUT  |
+-----------+--------+--------+--------+
|  Function |    6   |   618  |  10752 |
|   Memory  |    -   |    -   |    -   |
|Multiplexer|    -   |    -   |    -   |
|  Register |    -   |   73   |    -   |
+-----------+--------+--------+--------+
|   Total   |    6   |   691  |  10752 |
+-----------+--------+--------+--------+
