

================================================================
== Vitis HLS Report for 'ap_fixed_base'
================================================================
* Date:           Wed Sep 27 17:42:58 2023

* Version:        2023.1 (Build 3854077 on May  4 2023)
* Project:        fpga
* Solution:       solution1 (Vitis Kernel Flow Target)
* Product family: zynquplus
* Target device:  xczu7ev-ffvc1156-2-e


================================================================
== Performance Estimates
================================================================
+ Timing: 
    * Summary: 
    +--------+----------+----------+------------+
    |  Clock |  Target  | Estimated| Uncertainty|
    +--------+----------+----------+------------+
    |ap_clk  |  10.00 ns|  4.279 ns|     1.08 ns|
    +--------+----------+----------+------------+

+ Latency: 
    * Summary: 
    +---------+---------+----------+----------+-----+-----+---------+
    |  Latency (cycles) |  Latency (absolute) |  Interval | Pipeline|
    |   min   |   max   |    min   |    max   | min | max |   Type  |
    +---------+---------+----------+----------+-----+-----+---------+
    |        0|        0|      0 ns|      0 ns|    1|    1|      yes|
    +---------+---------+----------+----------+-----+-----+---------+

    + Detail: 
        * Instance: 
        N/A

        * Loop: 
        N/A



================================================================
== Utilization Estimates
================================================================
* Summary: 
+-----------------+---------+------+--------+--------+-----+
|       Name      | BRAM_18K|  DSP |   FF   |   LUT  | URAM|
+-----------------+---------+------+--------+--------+-----+
|DSP              |        -|     -|       -|       -|    -|
|Expression       |        -|     -|       0|     723|    -|
|FIFO             |        -|     -|       -|       -|    -|
|Instance         |        -|     -|       -|       -|    -|
|Memory           |        -|     -|       -|       -|    -|
|Multiplexer      |        -|     -|       -|       -|    -|
|Register         |        -|     -|       -|       -|    -|
+-----------------+---------+------+--------+--------+-----+
|Total            |        0|     0|       0|     723|    0|
+-----------------+---------+------+--------+--------+-----+
|Available        |      624|  1728|  460800|  230400|   96|
+-----------------+---------+------+--------+--------+-----+
|Utilization (%)  |        0|     0|       0|      ~0|    0|
+-----------------+---------+------+--------+--------+-----+

+ Detail: 
    * Instance: 
    N/A

    * DSP: 
    N/A

    * Memory: 
    N/A

    * FIFO: 
    N/A

    * Expression: 
    +-----------------------------+----------+----+---+-----+------------+------------+
    |        Variable Name        | Operation| DSP| FF| LUT | Bitwidth P0| Bitwidth P1|
    +-----------------------------+----------+----+---+-----+------------+------------+
    |sub30_fu_126_p2              |         +|   0|  0|   19|          12|           6|
    |sub31_fu_132_p2              |         -|   0|  0|   19|           5|          12|
    |sub_fu_114_p2                |         -|   0|  0|   19|          11|          12|
    |sub_i_i_fu_94_p2             |         -|   0|  0|   61|           1|          54|
    |sel_tmp14_fu_284_p2          |       and|   0|  0|    2|           1|           1|
    |sel_tmp2_fu_238_p2           |       and|   0|  0|    2|           1|           1|
    |sel_tmp_fu_224_p2            |       and|   0|  0|    2|           1|           1|
    |tmp16_fu_278_p2              |       and|   0|  0|    2|           1|           1|
    |shr_fu_200_p2                |      ashr|   0|  0|  159|          54|          54|
    |cmp29_fu_120_p2              |      icmp|   0|  0|   19|          12|           5|
    |cmp32_fu_150_p2              |      icmp|   0|  0|   19|          12|           5|
    |cmp40_fu_160_p2              |      icmp|   0|  0|   19|          12|           6|
    |cmp_fu_108_p2                |      icmp|   0|  0|   70|          63|           1|
    |icmp_fu_176_p2               |      icmp|   0|  0|   14|           7|           1|
    |sel_tmp6_demorgan_fu_252_p2  |        or|   0|  0|    2|           1|           1|
    |sel_tmp8_demorgan_fu_258_p2  |        or|   0|  0|    2|           1|           1|
    |ap_return                    |    select|   0|  0|   32|           1|          32|
    |cond_fu_138_p3               |    select|   0|  0|   11|           1|          12|
    |man_0_fu_100_p3              |    select|   0|  0|   52|           1|          54|
    |sel_tmp3_fu_244_p3           |    select|   0|  0|   32|           1|          32|
    |sel_tmp9_fu_264_p3           |    select|   0|  0|   32|           1|          32|
    |sel_tmp_cast_fu_230_p3       |    select|   0|  0|    2|           1|           2|
    |storemerge_fu_188_p3         |    select|   0|  0|   32|           1|          32|
    |shl_fu_182_p2                |       shl|   0|  0|   96|          32|          32|
    |not_cmp_fu_218_p2            |       xor|   0|  0|    2|           1|           2|
    |sel_tmp12_fu_272_p2          |       xor|   0|  0|    2|           1|           2|
    +-----------------------------+----------+----+---+-----+------------+------------+
    |Total                        |          |   0|  0|  723|         236|         394|
    +-----------------------------+----------+----+---+-----+------------+------------+

    * Multiplexer: 
    N/A

    * Register: 
    N/A



================================================================
== Interface
================================================================
* Summary: 
+-----------+-----+-----+------------+---------------+--------------+
| RTL Ports | Dir | Bits|  Protocol  | Source Object |    C Type    |
+-----------+-----+-----+------------+---------------+--------------+
|ap_ready   |  out|    1|  ap_ctrl_hs|  ap_fixed_base|  return value|
|ap_return  |  out|   32|  ap_ctrl_hs|  ap_fixed_base|  return value|
|d          |   in|   64|     ap_none|              d|        scalar|
+-----------+-----+-----+------------+---------------+--------------+

