

================================================================
== Vitis HLS Report for 'cordic_circ_apfixed_35_3_0_s'
================================================================
* Date:           Wed Sep 27 17:42:59 2023

* Version:        2023.1 (Build 3854077 on May  4 2023)
* Project:        fpga
* Solution:       solution1 (Vitis Kernel Flow Target)
* Product family: zynquplus
* Target device:  xczu7ev-ffvc1156-2-e


================================================================
== Performance Estimates
================================================================
+ Timing: 
    * Summary: 
    +--------+----------+----------+------------+
    |  Clock |  Target  | Estimated| Uncertainty|
    +--------+----------+----------+------------+
    |ap_clk  |  10.00 ns|  8.886 ns|     1.08 ns|
    +--------+----------+----------+------------+

+ Latency: 
    * Summary: 
    +---------+---------+-----------+-----------+-----+-----+---------+
    |  Latency (cycles) |   Latency (absolute)  |  Interval | Pipeline|
    |   min   |   max   |    min    |    max    | min | max |   Type  |
    +---------+---------+-----------+-----------+-----+-----+---------+
    |        5|        5|  50.000 ns|  50.000 ns|    1|    1|      yes|
    +---------+---------+-----------+-----------+-----+-----+---------+

    + Detail: 
        * Instance: 
        N/A

        * Loop: 
        N/A



================================================================
== Utilization Estimates
================================================================
* Summary: 
+-----------------+---------+------+--------+--------+-----+
|       Name      | BRAM_18K|  DSP |   FF   |   LUT  | URAM|
+-----------------+---------+------+--------+--------+-----+
|DSP              |        -|     -|       -|       -|    -|
|Expression       |        -|     -|       0|   10258|    -|
|FIFO             |        -|     -|       -|       -|    -|
|Instance         |        -|     -|       -|       -|    -|
|Memory           |        -|     -|       -|       -|    -|
|Multiplexer      |        -|     -|       -|      14|    -|
|Register         |        -|     -|     689|       -|    -|
+-----------------+---------+------+--------+--------+-----+
|Total            |        0|     0|     689|   10272|    0|
+-----------------+---------+------+--------+--------+-----+
|Available        |      624|  1728|  460800|  230400|   96|
+-----------------+---------+------+--------+--------+-----+
|Utilization (%)  |        0|     0|      ~0|       4|    0|
+-----------------+---------+------+--------+--------+-----+

+ Detail: 
    * Instance: 
    N/A

    * DSP: 
    N/A

    * Memory: 
    N/A

    * FIFO: 
    N/A

    * Expression: 
    +---------------------------+----------+----+---+-----+------------+------------+
    |       Variable Name       | Operation| DSP| FF| LUT | Bitwidth P0| Bitwidth P1|
    +---------------------------+----------+----+---+-----+------------+------------+
    |add_ln102_10_fu_1482_p2    |         +|   0|  0|   41|          34|          34|
    |add_ln102_11_fu_1700_p2    |         +|   0|  0|   41|          34|          34|
    |add_ln102_12_fu_1762_p2    |         +|   0|  0|   41|          34|          34|
    |add_ln102_13_fu_1828_p2    |         +|   0|  0|   41|          34|          34|
    |add_ln102_14_fu_1894_p2    |         +|   0|  0|   41|          34|          34|
    |add_ln102_15_fu_1986_p2    |         +|   0|  0|   41|          34|          34|
    |add_ln102_16_fu_2090_p2    |         +|   0|  0|   41|          34|          34|
    |add_ln102_17_fu_2380_p2    |         +|   0|  0|   41|          34|          34|
    |add_ln102_18_fu_2442_p2    |         +|   0|  0|   41|          34|          34|
    |add_ln102_19_fu_2508_p2    |         +|   0|  0|   41|          34|          34|
    |add_ln102_1_fu_558_p2      |         +|   0|  0|   41|          34|          34|
    |add_ln102_20_fu_2574_p2    |         +|   0|  0|   41|          34|          34|
    |add_ln102_21_fu_2640_p2    |         +|   0|  0|   41|          34|          34|
    |add_ln102_22_fu_2706_p2    |         +|   0|  0|   41|          34|          34|
    |add_ln102_23_fu_3048_p2    |         +|   0|  0|   41|          34|          34|
    |add_ln102_24_fu_3110_p2    |         +|   0|  0|   41|          34|          34|
    |add_ln102_25_fu_3176_p2    |         +|   0|  0|   41|          34|          34|
    |add_ln102_26_fu_3242_p2    |         +|   0|  0|   41|          34|          34|
    |add_ln102_27_fu_3308_p2    |         +|   0|  0|   41|          34|          34|
    |add_ln102_28_fu_3374_p2    |         +|   0|  0|   41|          34|          34|
    |add_ln102_29_fu_3438_p2    |         +|   0|  0|   41|          34|          34|
    |add_ln102_2_fu_662_p2      |         +|   0|  0|   41|          34|          34|
    |add_ln102_30_fu_3500_p2    |         +|   0|  0|   41|          34|          34|
    |add_ln102_31_fu_3544_p2    |         +|   0|  0|   41|          34|          34|
    |add_ln102_3_fu_766_p2      |         +|   0|  0|   41|          34|          34|
    |add_ln102_4_fu_870_p2      |         +|   0|  0|   41|          34|          34|
    |add_ln102_5_fu_1016_p2     |         +|   0|  0|   41|          34|          34|
    |add_ln102_6_fu_1078_p2     |         +|   0|  0|   41|          34|          34|
    |add_ln102_7_fu_1170_p2     |         +|   0|  0|   41|          34|          34|
    |add_ln102_8_fu_1274_p2     |         +|   0|  0|   41|          34|          34|
    |add_ln102_9_fu_1378_p2     |         +|   0|  0|   41|          34|          34|
    |add_ln102_fu_450_p2        |         +|   0|  0|   40|          33|          33|
    |add_ln108_10_fu_1500_p2    |         +|   0|  0|   41|          34|          34|
    |add_ln108_11_fu_1715_p2    |         +|   0|  0|   41|          34|          34|
    |add_ln108_12_fu_1780_p2    |         +|   0|  0|   41|          34|          34|
    |add_ln108_13_fu_1846_p2    |         +|   0|  0|   41|          34|          34|
    |add_ln108_14_fu_1912_p2    |         +|   0|  0|   41|          34|          34|
    |add_ln108_15_fu_2004_p2    |         +|   0|  0|   41|          34|          34|
    |add_ln108_16_fu_2108_p2    |         +|   0|  0|   41|          34|          34|
    |add_ln108_17_fu_2395_p2    |         +|   0|  0|   41|          34|          34|
    |add_ln108_18_fu_2460_p2    |         +|   0|  0|   41|          34|          34|
    |add_ln108_19_fu_2526_p2    |         +|   0|  0|   41|          34|          34|
    |add_ln108_1_fu_576_p2      |         +|   0|  0|   41|          34|          34|
    |add_ln108_20_fu_2592_p2    |         +|   0|  0|   41|          34|          34|
    |add_ln108_21_fu_2658_p2    |         +|   0|  0|   41|          34|          34|
    |add_ln108_22_fu_2724_p2    |         +|   0|  0|   41|          34|          34|
    |add_ln108_23_fu_3063_p2    |         +|   0|  0|   41|          34|          34|
    |add_ln108_24_fu_3128_p2    |         +|   0|  0|   41|          34|          34|
    |add_ln108_25_fu_3194_p2    |         +|   0|  0|   41|          34|          34|
    |add_ln108_26_fu_3260_p2    |         +|   0|  0|   41|          34|          34|
    |add_ln108_27_fu_3326_p2    |         +|   0|  0|   41|          34|          34|
    |add_ln108_28_fu_3392_p2    |         +|   0|  0|   41|          34|          34|
    |add_ln108_29_fu_3453_p2    |         +|   0|  0|   41|          34|          34|
    |add_ln108_2_fu_680_p2      |         +|   0|  0|   41|          34|          34|
    |add_ln108_30_fu_3584_p2    |         +|   0|  0|   41|          34|          34|
    |add_ln108_31_fu_3644_p2    |         +|   0|  0|   10|           3|           3|
    |add_ln108_32_fu_3654_p2    |         +|   0|  0|   41|          34|          34|
    |add_ln108_3_fu_784_p2      |         +|   0|  0|   41|          34|          34|
    |add_ln108_4_fu_888_p2      |         +|   0|  0|   41|          34|          34|
    |add_ln108_5_fu_1031_p2     |         +|   0|  0|   41|          34|          34|
    |add_ln108_6_fu_1096_p2     |         +|   0|  0|   41|          34|          34|
    |add_ln108_7_fu_1188_p2     |         +|   0|  0|   41|          34|          34|
    |add_ln108_8_fu_1292_p2     |         +|   0|  0|   41|          34|          34|
    |add_ln108_9_fu_1396_p2     |         +|   0|  0|   41|          34|          34|
    |add_ln108_fu_468_p2        |         +|   0|  0|   41|          34|          34|
    |add_ln94_10_fu_926_p2      |         +|   0|  0|   35|          35|          27|
    |add_ln94_12_fu_982_p2      |         +|   0|  0|   35|          35|          26|
    |add_ln94_14_fu_1123_p2     |         +|   0|  0|   35|          35|          25|
    |add_ln94_16_fu_1226_p2     |         +|   0|  0|   35|          35|          24|
    |add_ln94_18_fu_1330_p2     |         +|   0|  0|   35|          35|          23|
    |add_ln94_20_fu_1434_p2     |         +|   0|  0|   35|          35|          22|
    |add_ln94_22_fu_1538_p2     |         +|   0|  0|   35|          35|          21|
    |add_ln94_24_fu_1594_p2     |         +|   0|  0|   35|          35|          20|
    |add_ln94_26_fu_1630_p2     |         +|   0|  0|   35|          35|          19|
    |add_ln94_28_fu_1666_p2     |         +|   0|  0|   35|          35|          18|
    |add_ln94_2_fu_510_p2       |         +|   0|  0|   35|          35|          31|
    |add_ln94_30_fu_1939_p2     |         +|   0|  0|   35|          35|          17|
    |add_ln94_32_fu_2042_p2     |         +|   0|  0|   35|          35|          16|
    |add_ln94_34_fu_2146_p2     |         +|   0|  0|   35|          35|          15|
    |add_ln94_36_fu_2202_p2     |         +|   0|  0|   35|          35|          14|
    |add_ln94_38_fu_2238_p2     |         +|   0|  0|   35|          35|          13|
    |add_ln94_40_fu_2274_p2     |         +|   0|  0|   35|          35|          12|
    |add_ln94_42_fu_2310_p2     |         +|   0|  0|   35|          35|          11|
    |add_ln94_44_fu_2346_p2     |         +|   0|  0|   35|          35|          10|
    |add_ln94_46_fu_2751_p2     |         +|   0|  0|   35|          35|           9|
    |add_ln94_48_fu_2806_p2     |         +|   0|  0|   35|          35|           8|
    |add_ln94_4_fu_614_p2       |         +|   0|  0|   35|          35|          30|
    |add_ln94_50_fu_2842_p2     |         +|   0|  0|   35|          35|           7|
    |add_ln94_52_fu_2878_p2     |         +|   0|  0|   35|          35|           6|
    |add_ln94_54_fu_2914_p2     |         +|   0|  0|   35|          35|           5|
    |add_ln94_56_fu_2950_p2     |         +|   0|  0|   35|          35|           4|
    |add_ln94_58_fu_2986_p2     |         +|   0|  0|   35|          35|           3|
    |add_ln94_60_fu_3022_p2     |         +|   0|  0|   35|          35|           2|
    |add_ln94_6_fu_718_p2       |         +|   0|  0|   35|          35|          29|
    |add_ln94_8_fu_822_p2       |         +|   0|  0|   35|          35|          28|
    |add_ln94_fu_402_p2         |         +|   0|  0|   35|          35|          32|
    |tz_10_fu_1336_p2           |         +|   0|  0|   35|          35|          35|
    |tz_11_fu_1440_p2           |         +|   0|  0|   35|          35|          35|
    |tz_12_fu_1544_p2           |         +|   0|  0|   35|          35|          35|
    |tz_13_fu_1600_p2           |         +|   0|  0|   35|          35|          35|
    |tz_14_fu_1636_p2           |         +|   0|  0|   35|          35|          35|
    |tz_15_fu_1672_p2           |         +|   0|  0|   35|          35|          35|
    |tz_16_fu_1944_p2           |         +|   0|  0|   35|          35|          35|
    |tz_17_fu_2048_p2           |         +|   0|  0|   35|          35|          35|
    |tz_18_fu_2152_p2           |         +|   0|  0|   35|          35|          35|
    |tz_19_fu_2208_p2           |         +|   0|  0|   35|          35|          35|
    |tz_1_fu_408_p2             |         +|   0|  0|   35|          35|          35|
    |tz_20_fu_2244_p2           |         +|   0|  0|   35|          35|          35|
    |tz_21_fu_2280_p2           |         +|   0|  0|   35|          35|          35|
    |tz_22_fu_2316_p2           |         +|   0|  0|   35|          35|          35|
    |tz_23_fu_2352_p2           |         +|   0|  0|   35|          35|          35|
    |tz_24_fu_2756_p2           |         +|   0|  0|   35|          35|          35|
    |tz_25_fu_2812_p2           |         +|   0|  0|   35|          35|          35|
    |tz_26_fu_2848_p2           |         +|   0|  0|   35|          35|          35|
    |tz_27_fu_2884_p2           |         +|   0|  0|   35|          35|          35|
    |tz_28_fu_2920_p2           |         +|   0|  0|   35|          35|          35|
    |tz_29_fu_2956_p2           |         +|   0|  0|   35|          35|          35|
    |tz_2_fu_516_p2             |         +|   0|  0|   35|          35|          35|
    |tz_30_fu_2992_p2           |         +|   0|  0|   35|          35|          35|
    |tz_31_fu_3028_p2           |         +|   0|  0|   35|          35|          35|
    |tz_3_fu_620_p2             |         +|   0|  0|   35|          35|          35|
    |tz_4_fu_724_p2             |         +|   0|  0|   35|          35|          35|
    |tz_5_fu_828_p2             |         +|   0|  0|   35|          35|          35|
    |tz_6_fu_932_p2             |         +|   0|  0|   35|          35|          35|
    |tz_7_fu_988_p2             |         +|   0|  0|   35|          35|          35|
    |tz_8_fu_1128_p2            |         +|   0|  0|   35|          35|          35|
    |tz_9_fu_1232_p2            |         +|   0|  0|   35|          35|          35|
    |tz_fu_316_p2               |         +|   0|  0|   42|          35|          35|
    |sub_ln103_10_fu_1488_p2    |         -|   0|  0|   41|          34|          34|
    |sub_ln103_11_fu_1705_p2    |         -|   0|  0|   41|          34|          34|
    |sub_ln103_12_fu_1768_p2    |         -|   0|  0|   41|          34|          34|
    |sub_ln103_13_fu_1834_p2    |         -|   0|  0|   41|          34|          34|
    |sub_ln103_14_fu_1900_p2    |         -|   0|  0|   41|          34|          34|
    |sub_ln103_15_fu_1992_p2    |         -|   0|  0|   41|          34|          34|
    |sub_ln103_16_fu_2096_p2    |         -|   0|  0|   41|          34|          34|
    |sub_ln103_17_fu_2385_p2    |         -|   0|  0|   41|          34|          34|
    |sub_ln103_18_fu_2448_p2    |         -|   0|  0|   41|          34|          34|
    |sub_ln103_19_fu_2514_p2    |         -|   0|  0|   41|          34|          34|
    |sub_ln103_1_fu_564_p2      |         -|   0|  0|   41|          34|          34|
    |sub_ln103_20_fu_2580_p2    |         -|   0|  0|   41|          34|          34|
    |sub_ln103_21_fu_2646_p2    |         -|   0|  0|   41|          34|          34|
    |sub_ln103_22_fu_2712_p2    |         -|   0|  0|   41|          34|          34|
    |sub_ln103_23_fu_3053_p2    |         -|   0|  0|   41|          34|          34|
    |sub_ln103_24_fu_3116_p2    |         -|   0|  0|   41|          34|          34|
    |sub_ln103_25_fu_3182_p2    |         -|   0|  0|   41|          34|          34|
    |sub_ln103_26_fu_3248_p2    |         -|   0|  0|   41|          34|          34|
    |sub_ln103_27_fu_3314_p2    |         -|   0|  0|   41|          34|          34|
    |sub_ln103_28_fu_3380_p2    |         -|   0|  0|   41|          34|          34|
    |sub_ln103_29_fu_3443_p2    |         -|   0|  0|   41|          34|          34|
    |sub_ln103_2_fu_668_p2      |         -|   0|  0|   41|          34|          34|
    |sub_ln103_30_fu_3506_p2    |         -|   0|  0|   41|          34|          34|
    |sub_ln103_31_fu_3550_p2    |         -|   0|  0|   34|          34|          34|
    |sub_ln103_32_fu_3572_p2    |         -|   0|  0|   34|          34|          34|
    |sub_ln103_3_fu_772_p2      |         -|   0|  0|   41|          34|          34|
    |sub_ln103_4_fu_876_p2      |         -|   0|  0|   41|          34|          34|
    |sub_ln103_5_fu_1021_p2     |         -|   0|  0|   41|          34|          34|
    |sub_ln103_6_fu_1084_p2     |         -|   0|  0|   41|          34|          34|
    |sub_ln103_7_fu_1176_p2     |         -|   0|  0|   41|          34|          34|
    |sub_ln103_8_fu_1280_p2     |         -|   0|  0|   41|          34|          34|
    |sub_ln103_9_fu_1384_p2     |         -|   0|  0|   41|          34|          34|
    |sub_ln103_fu_456_p2        |         -|   0|  0|   41|          34|          34|
    |sub_ln107_10_fu_1494_p2    |         -|   0|  0|   41|          34|          34|
    |sub_ln107_11_fu_1710_p2    |         -|   0|  0|   41|          34|          34|
    |sub_ln107_12_fu_1774_p2    |         -|   0|  0|   41|          34|          34|
    |sub_ln107_13_fu_1840_p2    |         -|   0|  0|   41|          34|          34|
    |sub_ln107_14_fu_1906_p2    |         -|   0|  0|   41|          34|          34|
    |sub_ln107_15_fu_1998_p2    |         -|   0|  0|   41|          34|          34|
    |sub_ln107_16_fu_2102_p2    |         -|   0|  0|   41|          34|          34|
    |sub_ln107_17_fu_2390_p2    |         -|   0|  0|   41|          34|          34|
    |sub_ln107_18_fu_2454_p2    |         -|   0|  0|   41|          34|          34|
    |sub_ln107_19_fu_2520_p2    |         -|   0|  0|   41|          34|          34|
    |sub_ln107_1_fu_570_p2      |         -|   0|  0|   41|          34|          34|
    |sub_ln107_20_fu_2586_p2    |         -|   0|  0|   41|          34|          34|
    |sub_ln107_21_fu_2652_p2    |         -|   0|  0|   41|          34|          34|
    |sub_ln107_22_fu_2718_p2    |         -|   0|  0|   41|          34|          34|
    |sub_ln107_23_fu_3058_p2    |         -|   0|  0|   41|          34|          34|
    |sub_ln107_24_fu_3122_p2    |         -|   0|  0|   41|          34|          34|
    |sub_ln107_25_fu_3188_p2    |         -|   0|  0|   41|          34|          34|
    |sub_ln107_26_fu_3254_p2    |         -|   0|  0|   41|          34|          34|
    |sub_ln107_27_fu_3320_p2    |         -|   0|  0|   41|          34|          34|
    |sub_ln107_28_fu_3386_p2    |         -|   0|  0|   41|          34|          34|
    |sub_ln107_29_fu_3448_p2    |         -|   0|  0|   41|          34|          34|
    |sub_ln107_2_fu_674_p2      |         -|   0|  0|   41|          34|          34|
    |sub_ln107_30_fu_3578_p2    |         -|   0|  0|   41|          34|          34|
    |sub_ln107_31_fu_3622_p2    |         -|   0|  0|   41|          34|          34|
    |sub_ln107_3_fu_778_p2      |         -|   0|  0|   41|          34|          34|
    |sub_ln107_4_fu_882_p2      |         -|   0|  0|   41|          34|          34|
    |sub_ln107_5_fu_1026_p2     |         -|   0|  0|   41|          34|          34|
    |sub_ln107_6_fu_1090_p2     |         -|   0|  0|   41|          34|          34|
    |sub_ln107_7_fu_1182_p2     |         -|   0|  0|   41|          34|          34|
    |sub_ln107_8_fu_1286_p2     |         -|   0|  0|   41|          34|          34|
    |sub_ln107_9_fu_1390_p2     |         -|   0|  0|   41|          34|          34|
    |sub_ln107_fu_462_p2        |         -|   0|  0|   40|          33|          33|
    |select_ln101_fu_308_p3     |    select|   0|  0|   32|           1|          32|
    |select_ln102_fu_330_p3     |    select|   0|  0|   31|           1|          31|
    |select_ln103_fu_338_p3     |    select|   0|  0|   32|           1|          33|
    |select_ln107_1_fu_3614_p3  |    select|   0|  0|    2|           1|           2|
    |select_ln107_fu_346_p3     |    select|   0|  0|   31|           1|          30|
    |select_ln108_fu_354_p3     |    select|   0|  0|   32|           1|          32|
    |select_ln84_1_fu_3536_p3   |    select|   0|  0|    2|           1|           2|
    |select_ln84_2_fu_3564_p3   |    select|   0|  0|    2|           1|           2|
    |select_ln84_3_fu_3598_p3   |    select|   0|  0|    2|           1|           2|
    |select_ln84_4_fu_3636_p3   |    select|   0|  0|    2|           1|           2|
    |select_ln84_fu_3520_p3     |    select|   0|  0|    2|           1|           2|
    |select_ln94_11_fu_918_p3   |    select|   0|  0|   27|           1|          27|
    |select_ln94_13_fu_974_p3   |    select|   0|  0|   26|           1|          26|
    |select_ln94_15_fu_1116_p3  |    select|   0|  0|   25|           1|          25|
    |select_ln94_17_fu_1218_p3  |    select|   0|  0|   24|           1|          24|
    |select_ln94_19_fu_1322_p3  |    select|   0|  0|   22|           1|          23|
    |select_ln94_1_fu_394_p3    |    select|   0|  0|   32|           1|          32|
    |select_ln94_21_fu_1426_p3  |    select|   0|  0|   21|           1|          22|
    |select_ln94_23_fu_1530_p3  |    select|   0|  0|   20|           1|          21|
    |select_ln94_25_fu_1586_p3  |    select|   0|  0|   19|           1|          20|
    |select_ln94_27_fu_1622_p3  |    select|   0|  0|   18|           1|          19|
    |select_ln94_29_fu_1658_p3  |    select|   0|  0|   17|           1|          18|
    |select_ln94_31_fu_1932_p3  |    select|   0|  0|   16|           1|          17|
    |select_ln94_33_fu_2034_p3  |    select|   0|  0|   16|           1|          16|
    |select_ln94_35_fu_2138_p3  |    select|   0|  0|   15|           1|          15|
    |select_ln94_37_fu_2194_p3  |    select|   0|  0|   14|           1|          14|
    |select_ln94_39_fu_2230_p3  |    select|   0|  0|   12|           1|          13|
    |select_ln94_3_fu_502_p3    |    select|   0|  0|   31|           1|          31|
    |select_ln94_41_fu_2266_p3  |    select|   0|  0|   11|           1|          12|
    |select_ln94_43_fu_2302_p3  |    select|   0|  0|   10|           1|          11|
    |select_ln94_45_fu_2338_p3  |    select|   0|  0|   10|           1|          10|
    |select_ln94_47_fu_2744_p3  |    select|   0|  0|    9|           1|           9|
    |select_ln94_49_fu_2798_p3  |    select|   0|  0|    8|           1|           8|
    |select_ln94_51_fu_2834_p3  |    select|   0|  0|    7|           1|           7|
    |select_ln94_53_fu_2870_p3  |    select|   0|  0|    6|           1|           6|
    |select_ln94_55_fu_2906_p3  |    select|   0|  0|    5|           1|           5|
    |select_ln94_57_fu_2942_p3  |    select|   0|  0|    4|           1|           4|
    |select_ln94_59_fu_2978_p3  |    select|   0|  0|    3|           1|           3|
    |select_ln94_5_fu_606_p3    |    select|   0|  0|   30|           1|          30|
    |select_ln94_61_fu_3014_p3  |    select|   0|  0|    2|           1|           2|
    |select_ln94_7_fu_710_p3    |    select|   0|  0|   29|           1|          29|
    |select_ln94_9_fu_814_p3    |    select|   0|  0|   28|           1|          28|
    |tx_10_fu_1402_p3           |    select|   0|  0|   33|           1|          34|
    |tx_11_fu_1506_p3           |    select|   0|  0|   33|           1|          34|
    |tx_12_fu_1720_p3           |    select|   0|  0|   33|           1|          34|
    |tx_13_fu_1786_p3           |    select|   0|  0|   33|           1|          34|
    |tx_14_fu_1852_p3           |    select|   0|  0|   33|           1|          34|
    |tx_15_fu_1918_p3           |    select|   0|  0|   33|           1|          34|
    |tx_16_fu_2010_p3           |    select|   0|  0|   33|           1|          34|
    |tx_17_fu_2114_p3           |    select|   0|  0|   33|           1|          34|
    |tx_18_fu_2400_p3           |    select|   0|  0|   33|           1|          34|
    |tx_19_fu_2466_p3           |    select|   0|  0|   33|           1|          34|
    |tx_1_fu_474_p3             |    select|   0|  0|   32|           1|          33|
    |tx_20_fu_2532_p3           |    select|   0|  0|   33|           1|          34|
    |tx_21_fu_2598_p3           |    select|   0|  0|   33|           1|          34|
    |tx_22_fu_2664_p3           |    select|   0|  0|   33|           1|          34|
    |tx_23_fu_2730_p3           |    select|   0|  0|   33|           1|          34|
    |tx_24_fu_3068_p3           |    select|   0|  0|   33|           1|          34|
    |tx_25_fu_3134_p3           |    select|   0|  0|   33|           1|          34|
    |tx_26_fu_3200_p3           |    select|   0|  0|   33|           1|          34|
    |tx_27_fu_3266_p3           |    select|   0|  0|   33|           1|          34|
    |tx_28_fu_3332_p3           |    select|   0|  0|   33|           1|          34|
    |tx_29_fu_3398_p3           |    select|   0|  0|   33|           1|          34|
    |tx_2_fu_582_p3             |    select|   0|  0|   33|           1|          34|
    |tx_30_fu_3458_p3           |    select|   0|  0|   33|           1|          34|
    |tx_3_fu_686_p3             |    select|   0|  0|   33|           1|          34|
    |tx_4_fu_790_p3             |    select|   0|  0|   33|           1|          34|
    |tx_5_fu_894_p3             |    select|   0|  0|   33|           1|          34|
    |tx_6_fu_1036_p3            |    select|   0|  0|   33|           1|          34|
    |tx_7_fu_1102_p3            |    select|   0|  0|   33|           1|          34|
    |tx_8_fu_1194_p3            |    select|   0|  0|   33|           1|          34|
    |tx_9_fu_1298_p3            |    select|   0|  0|   33|           1|          34|
    |tx_fu_362_p3               |    select|   0|  0|   32|           1|          32|
    |ty_10_fu_1410_p3           |    select|   0|  0|   33|           1|          34|
    |ty_11_fu_1514_p3           |    select|   0|  0|   33|           1|          34|
    |ty_12_fu_1727_p3           |    select|   0|  0|   33|           1|          34|
    |ty_13_fu_1793_p3           |    select|   0|  0|   33|           1|          34|
    |ty_14_fu_1859_p3           |    select|   0|  0|   33|           1|          34|
    |ty_15_fu_1925_p3           |    select|   0|  0|   33|           1|          34|
    |ty_16_fu_2018_p3           |    select|   0|  0|   33|           1|          34|
    |ty_17_fu_2122_p3           |    select|   0|  0|   33|           1|          34|
    |ty_18_fu_2407_p3           |    select|   0|  0|   33|           1|          34|
    |ty_19_fu_2473_p3           |    select|   0|  0|   33|           1|          34|
    |ty_1_fu_486_p3             |    select|   0|  0|   33|           1|          34|
    |ty_20_fu_2539_p3           |    select|   0|  0|   33|           1|          34|
    |ty_21_fu_2605_p3           |    select|   0|  0|   33|           1|          34|
    |ty_22_fu_2671_p3           |    select|   0|  0|   33|           1|          34|
    |ty_23_fu_2737_p3           |    select|   0|  0|   33|           1|          34|
    |ty_24_fu_3075_p3           |    select|   0|  0|   33|           1|          34|
    |ty_25_fu_3141_p3           |    select|   0|  0|   33|           1|          34|
    |ty_26_fu_3207_p3           |    select|   0|  0|   33|           1|          34|
    |ty_27_fu_3273_p3           |    select|   0|  0|   33|           1|          34|
    |ty_28_fu_3339_p3           |    select|   0|  0|   33|           1|          34|
    |ty_29_fu_3405_p3           |    select|   0|  0|   33|           1|          34|
    |ty_2_fu_590_p3             |    select|   0|  0|   33|           1|          34|
    |ty_30_fu_3465_p3           |    select|   0|  0|   33|           1|          34|
    |ty_31_fu_3660_p3           |    select|   0|  0|   33|           1|          34|
    |ty_3_fu_694_p3             |    select|   0|  0|   33|           1|          34|
    |ty_4_fu_798_p3             |    select|   0|  0|   33|           1|          34|
    |ty_5_fu_902_p3             |    select|   0|  0|   33|           1|          34|
    |ty_6_fu_1043_p3            |    select|   0|  0|   33|           1|          34|
    |ty_7_fu_1109_p3            |    select|   0|  0|   33|           1|          34|
    |ty_8_fu_1202_p3            |    select|   0|  0|   33|           1|          34|
    |ty_9_fu_1306_p3            |    select|   0|  0|   33|           1|          34|
    |ty_fu_374_p3               |    select|   0|  0|   32|           1|          33|
    +---------------------------+----------+----+---+-----+------------+------------+
    |Total                      |          |   0|  0|10258|        6697|        8869|
    +---------------------------+----------+----+---+-----+------------+------------+

    * Multiplexer: 
    +-----------+----+-----------+-----+-----------+
    |    Name   | LUT| Input Size| Bits| Total Bits|
    +-----------+----+-----------+-----+-----------+
    |ap_return  |  14|          3|   34|        102|
    +-----------+----+-----------+-----+-----------+
    |Total      |  14|          3|   34|        102|
    +-----------+----+-----------+-----+-----------+

    * Register: 
    +-----------------------------+----+----+-----+-----------+
    |             Name            | FF | LUT| Bits| Const Bits|
    +-----------------------------+----+----+-----+-----------+
    |ap_ce_reg                    |   1|   0|    1|          0|
    |ap_return_int_reg            |  34|   0|   34|          0|
    |d_12_reg_3723                |   1|   0|    1|          0|
    |d_13_reg_3739                |   1|   0|    1|          0|
    |d_14_reg_3745                |   1|   0|    1|          0|
    |d_15_reg_3756                |   1|   0|    1|          0|
    |d_18_reg_3779                |   1|   0|    1|          0|
    |d_19_reg_3795                |   1|   0|    1|          0|
    |d_20_reg_3801                |   1|   0|    1|          0|
    |d_21_reg_3807                |   1|   0|    1|          0|
    |d_22_reg_3813                |   1|   0|    1|          0|
    |d_23_reg_3824                |   1|   0|    1|          0|
    |d_24_reg_3847                |   1|   0|    1|          0|
    |d_25_reg_3863                |   1|   0|    1|          0|
    |d_26_reg_3869                |   1|   0|    1|          0|
    |d_27_reg_3875                |   1|   0|    1|          0|
    |d_28_reg_3881                |   1|   0|    1|          0|
    |d_29_reg_3887                |   1|   0|    1|          0|
    |d_30_reg_3893                |   1|   0|    1|          0|
    |d_30_reg_3893_pp0_iter4_reg  |   1|   0|    1|          0|
    |d_31_reg_3899                |   1|   0|    1|          0|
    |d_31_reg_3899_pp0_iter4_reg  |   1|   0|    1|          0|
    |d_6_reg_3679                 |   1|   0|    1|          0|
    |d_7_reg_3700                 |   1|   0|    1|          0|
    |tmp_112_reg_3762             |   1|   0|    1|          0|
    |tmp_122_reg_3785             |  15|   0|   15|          0|
    |tmp_123_reg_3790             |  15|   0|   15|          0|
    |tmp_144_reg_3830             |   1|   0|    1|          0|
    |tmp_146_reg_3853             |   9|   0|    9|          0|
    |tmp_147_reg_3858             |   9|   0|    9|          0|
    |tmp_170_reg_3916             |   3|   0|    3|          0|
    |tmp_171_reg_3921             |   3|   0|    3|          0|
    |tmp_74_reg_3685              |  27|   0|   27|          0|
    |tmp_75_reg_3690              |  27|   0|   27|          0|
    |tmp_80_reg_3706              |   1|   0|    1|          0|
    |tmp_98_reg_3729              |  21|   0|   21|          0|
    |tmp_99_reg_3734              |  21|   0|   21|          0|
    |tx_11_reg_3711               |  34|   0|   34|          0|
    |tx_17_reg_3767               |  34|   0|   34|          0|
    |tx_23_reg_3835               |  34|   0|   34|          0|
    |tx_29_reg_3904               |  34|   0|   34|          0|
    |tx_5_reg_3667                |  34|   0|   34|          0|
    |ty_11_reg_3717               |  34|   0|   34|          0|
    |ty_17_reg_3773               |  34|   0|   34|          0|
    |ty_23_reg_3841               |  34|   0|   34|          0|
    |ty_29_reg_3910               |  34|   0|   34|          0|
    |ty_5_reg_3673                |  34|   0|   34|          0|
    |tz_15_reg_3751               |  35|   0|   35|          0|
    |tz_23_reg_3819               |  35|   0|   35|          0|
    |tz_7_reg_3695                |  35|   0|   35|          0|
    |z_read_int_reg               |  34|   0|   34|          0|
    +-----------------------------+----+----+-----+-----------+
    |Total                        | 689|   0|  689|          0|
    +-----------------------------+----+----+-----+-----------+



================================================================
== Interface
================================================================
* Summary: 
+-----------+-----+-----+------------+-------------------------------+--------------+
| RTL Ports | Dir | Bits|  Protocol  |         Source Object         |    C Type    |
+-----------+-----+-----+------------+-------------------------------+--------------+
|ap_clk     |   in|    1|  ap_ctrl_hs|  cordic_circ_apfixed<35, 3, 0>|  return value|
|ap_rst     |   in|    1|  ap_ctrl_hs|  cordic_circ_apfixed<35, 3, 0>|  return value|
|ap_return  |  out|   34|  ap_ctrl_hs|  cordic_circ_apfixed<35, 3, 0>|  return value|
|ap_ce      |   in|    1|  ap_ctrl_hs|  cordic_circ_apfixed<35, 3, 0>|  return value|
|z_read     |   in|   34|     ap_none|                         z_read|        scalar|
+-----------+-----+-----+------------+-------------------------------+--------------+

