

================================================================
== Vitis HLS Report for 'kernel_Pipeline_w_second_loop'
================================================================
* Date:           Wed Sep 27 17:44:03 2023

* Version:        2023.1 (Build 3854077 on May  4 2023)
* Project:        fpga
* Solution:       solution1 (Vitis Kernel Flow Target)
* Product family: zynquplus
* Target device:  xczu7ev-ffvc1156-2-e


================================================================
== Performance Estimates
================================================================
+ Timing: 
    * Summary: 
    +--------+----------+----------+------------+
    |  Clock |  Target  | Estimated| Uncertainty|
    +--------+----------+----------+------------+
    |ap_clk  |  10.00 ns|  5.141 ns|     1.08 ns|
    +--------+----------+----------+------------+

+ Latency: 
    * Summary: 
    +---------+---------+----------+----------+-----+-----+---------+
    |  Latency (cycles) |  Latency (absolute) |  Interval | Pipeline|
    |   min   |   max   |    min   |    max   | min | max |   Type  |
    +---------+---------+----------+----------+-----+-----+---------+
    |       18|       18|  0.180 us|  0.180 us|   18|   18|       no|
    +---------+---------+----------+----------+-----+-----+---------+

    + Detail: 
        * Instance: 
        N/A

        * Loop: 
        +-----------------+---------+---------+----------+-----------+-----------+------+----------+
        |                 |  Latency (cycles) | Iteration|  Initiation Interval  | Trip |          |
        |    Loop Name    |   min   |   max   |  Latency |  achieved |   target  | Count| Pipelined|
        +-----------------+---------+---------+----------+-----------+-----------+------+----------+
        |- w_second_loop  |       16|       16|         1|          1|          1|    16|       yes|
        +-----------------+---------+---------+----------+-----------+-----------+------+----------+



================================================================
== Utilization Estimates
================================================================
* Summary: 
+-----------------+---------+------+--------+--------+-----+
|       Name      | BRAM_18K|  DSP |   FF   |   LUT  | URAM|
+-----------------+---------+------+--------+--------+-----+
|DSP              |        -|     -|       -|       -|    -|
|Expression       |        -|     -|       0|    1717|    -|
|FIFO             |        -|     -|       -|       -|    -|
|Instance         |        -|     -|       0|    1040|    -|
|Memory           |        -|     -|       -|       -|    -|
|Multiplexer      |        -|     -|       -|      36|    -|
|Register         |        -|     -|      40|       -|    -|
+-----------------+---------+------+--------+--------+-----+
|Total            |        0|     0|      40|    2793|    0|
+-----------------+---------+------+--------+--------+-----+
|Available        |      624|  1728|  460800|  230400|   96|
+-----------------+---------+------+--------+--------+-----+
|Utilization (%)  |        0|     0|      ~0|       1|    0|
+-----------------+---------+------+--------+--------+-----+

+ Detail: 
    * Instance: 
    +-----------------------+-----------------+---------+----+---+----+-----+
    |        Instance       |      Module     | BRAM_18K| DSP| FF| LUT| URAM|
    +-----------------------+-----------------+---------+----+---+----+-----+
    |mux_16_4_32_1_1_U2207  |mux_16_4_32_1_1  |        0|   0|  0|  65|    0|
    |mux_16_4_32_1_1_U2208  |mux_16_4_32_1_1  |        0|   0|  0|  65|    0|
    |mux_16_4_32_1_1_U2209  |mux_16_4_32_1_1  |        0|   0|  0|  65|    0|
    |mux_16_4_32_1_1_U2210  |mux_16_4_32_1_1  |        0|   0|  0|  65|    0|
    |mux_16_4_32_1_1_U2211  |mux_16_4_32_1_1  |        0|   0|  0|  65|    0|
    |mux_16_4_32_1_1_U2212  |mux_16_4_32_1_1  |        0|   0|  0|  65|    0|
    |mux_16_4_32_1_1_U2213  |mux_16_4_32_1_1  |        0|   0|  0|  65|    0|
    |mux_16_4_32_1_1_U2214  |mux_16_4_32_1_1  |        0|   0|  0|  65|    0|
    |mux_16_4_32_1_1_U2215  |mux_16_4_32_1_1  |        0|   0|  0|  65|    0|
    |mux_16_4_32_1_1_U2216  |mux_16_4_32_1_1  |        0|   0|  0|  65|    0|
    |mux_16_4_32_1_1_U2217  |mux_16_4_32_1_1  |        0|   0|  0|  65|    0|
    |mux_16_4_32_1_1_U2218  |mux_16_4_32_1_1  |        0|   0|  0|  65|    0|
    |mux_16_4_32_1_1_U2219  |mux_16_4_32_1_1  |        0|   0|  0|  65|    0|
    |mux_16_4_32_1_1_U2220  |mux_16_4_32_1_1  |        0|   0|  0|  65|    0|
    |mux_16_4_32_1_1_U2221  |mux_16_4_32_1_1  |        0|   0|  0|  65|    0|
    |mux_16_4_32_1_1_U2222  |mux_16_4_32_1_1  |        0|   0|  0|  65|    0|
    +-----------------------+-----------------+---------+----+---+----+-----+
    |Total                  |                 |        0|   0|  0|1040|    0|
    +-----------------------+-----------------+---------+----+---+----+-----+

    * DSP: 
    N/A

    * Memory: 
    N/A

    * FIFO: 
    N/A

    * Expression: 
    +----------------------------+----------+----+---+----+------------+------------+
    |        Variable Name       | Operation| DSP| FF| LUT| Bitwidth P0| Bitwidth P1|
    +----------------------------+----------+----+---+----+------------+------------+
    |add_ln170_fu_2122_p2        |         +|   0|  0|  12|           5|           1|
    |add_ln182_10_fu_3059_p2     |         +|   0|  0|  32|          32|          32|
    |add_ln182_11_fu_3065_p2     |         +|   0|  0|  39|          32|          32|
    |add_ln182_12_fu_3071_p2     |         +|   0|  0|  32|          32|          32|
    |add_ln182_13_fu_3077_p2     |         +|   0|  0|  32|          32|          32|
    |add_ln182_14_fu_3083_p2     |         +|   0|  0|  32|          32|          32|
    |add_ln182_15_fu_3089_p2     |         +|   0|  0|  32|          32|          32|
    |add_ln182_1_fu_3005_p2      |         +|   0|  0|  39|          32|          32|
    |add_ln182_2_fu_3011_p2      |         +|   0|  0|  32|          32|          32|
    |add_ln182_3_fu_3017_p2      |         +|   0|  0|  32|          32|          32|
    |add_ln182_4_fu_3023_p2      |         +|   0|  0|  39|          32|          32|
    |add_ln182_5_fu_3029_p2      |         +|   0|  0|  32|          32|          32|
    |add_ln182_6_fu_3035_p2      |         +|   0|  0|  32|          32|          32|
    |add_ln182_7_fu_3041_p2      |         +|   0|  0|  39|          32|          32|
    |add_ln182_8_fu_3047_p2      |         +|   0|  0|  39|          32|          32|
    |add_ln182_9_fu_3053_p2      |         +|   0|  0|  32|          32|          32|
    |add_ln182_fu_2999_p2        |         +|   0|  0|  39|          32|          32|
    |sub_ln178_10_fu_2697_p2     |         -|   0|  0|  39|           1|          32|
    |sub_ln178_11_fu_2751_p2     |         -|   0|  0|  39|           1|          32|
    |sub_ln178_12_fu_2805_p2     |         -|   0|  0|  39|           1|          32|
    |sub_ln178_13_fu_2859_p2     |         -|   0|  0|  39|           1|          32|
    |sub_ln178_14_fu_2913_p2     |         -|   0|  0|  39|           1|          32|
    |sub_ln178_15_fu_2967_p2     |         -|   0|  0|  39|           1|          32|
    |sub_ln178_1_fu_2211_p2      |         -|   0|  0|  39|           1|          32|
    |sub_ln178_2_fu_2265_p2      |         -|   0|  0|  39|           1|          32|
    |sub_ln178_3_fu_2319_p2      |         -|   0|  0|  39|           1|          32|
    |sub_ln178_4_fu_2373_p2      |         -|   0|  0|  39|           1|          32|
    |sub_ln178_5_fu_2427_p2      |         -|   0|  0|  39|           1|          32|
    |sub_ln178_6_fu_2481_p2      |         -|   0|  0|  39|           1|          32|
    |sub_ln178_7_fu_2535_p2      |         -|   0|  0|  39|           1|          32|
    |sub_ln178_8_fu_2589_p2      |         -|   0|  0|  39|           1|          32|
    |sub_ln178_9_fu_2643_p2      |         -|   0|  0|  39|           1|          32|
    |sub_ln178_fu_2157_p2        |         -|   0|  0|  39|           1|          32|
    |icmp_ln170_fu_2116_p2       |      icmp|   0|  0|  13|           5|           6|
    |select_ln180_10_fu_2721_p3  |    select|   0|  0|  32|           1|          32|
    |select_ln180_11_fu_2775_p3  |    select|   0|  0|  32|           1|          32|
    |select_ln180_12_fu_2829_p3  |    select|   0|  0|  32|           1|          32|
    |select_ln180_13_fu_2883_p3  |    select|   0|  0|  32|           1|          32|
    |select_ln180_14_fu_2937_p3  |    select|   0|  0|  32|           1|          32|
    |select_ln180_15_fu_2991_p3  |    select|   0|  0|  32|           1|          32|
    |select_ln180_1_fu_2235_p3   |    select|   0|  0|  32|           1|          32|
    |select_ln180_2_fu_2289_p3   |    select|   0|  0|  32|           1|          32|
    |select_ln180_3_fu_2343_p3   |    select|   0|  0|  32|           1|          32|
    |select_ln180_4_fu_2397_p3   |    select|   0|  0|  32|           1|          32|
    |select_ln180_5_fu_2451_p3   |    select|   0|  0|  32|           1|          32|
    |select_ln180_6_fu_2505_p3   |    select|   0|  0|  32|           1|          32|
    |select_ln180_7_fu_2559_p3   |    select|   0|  0|  32|           1|          32|
    |select_ln180_8_fu_2613_p3   |    select|   0|  0|  32|           1|          32|
    |select_ln180_9_fu_2667_p3   |    select|   0|  0|  32|           1|          32|
    |select_ln180_fu_2181_p3     |    select|   0|  0|  32|           1|          32|
    |ap_enable_pp0               |       xor|   0|  0|   2|           1|           2|
    +----------------------------+----------+----+---+----+------------+------------+
    |Total                       |          |   0|  0|1717|         555|        1545|
    +----------------------------+----------+----+---+----+------------+------------+

    * Multiplexer: 
    +-------------------------+----+-----------+-----+-----------+
    |           Name          | LUT| Input Size| Bits| Total Bits|
    +-------------------------+----+-----------+-----+-----------+
    |ap_done_int              |   9|          2|    1|          2|
    |ap_enable_reg_pp0_iter1  |   9|          2|    1|          2|
    |empty_fu_552             |   9|          2|   32|         64|
    |iy_fu_556                |   9|          2|    5|         10|
    +-------------------------+----+-----------+-----+-----------+
    |Total                    |  36|          8|   39|         78|
    +-------------------------+----+-----------+-----+-----------+

    * Register: 
    +-------------------------+----+----+-----+-----------+
    |           Name          | FF | LUT| Bits| Const Bits|
    +-------------------------+----+----+-----+-----------+
    |ap_CS_fsm                |   1|   0|    1|          0|
    |ap_done_reg              |   1|   0|    1|          0|
    |ap_enable_reg_pp0_iter1  |   1|   0|    1|          0|
    |empty_fu_552             |  32|   0|   32|          0|
    |iy_fu_556                |   5|   0|    5|          0|
    +-------------------------+----+----+-----+-----------+
    |Total                    |  40|   0|   40|          0|
    +-------------------------+----+----+-----+-----------+



================================================================
== Interface
================================================================
* Summary: 
+--------------------------+-----+-----+------------+-------------------------------+--------------+
|         RTL Ports        | Dir | Bits|  Protocol  |         Source Object         |    C Type    |
+--------------------------+-----+-----+------------+-------------------------------+--------------+
|ap_clk                    |   in|    1|  ap_ctrl_hs|  kernel_Pipeline_w_second_loop|  return value|
|ap_rst                    |   in|    1|  ap_ctrl_hs|  kernel_Pipeline_w_second_loop|  return value|
|ap_start                  |   in|    1|  ap_ctrl_hs|  kernel_Pipeline_w_second_loop|  return value|
|ap_done                   |  out|    1|  ap_ctrl_hs|  kernel_Pipeline_w_second_loop|  return value|
|ap_idle                   |  out|    1|  ap_ctrl_hs|  kernel_Pipeline_w_second_loop|  return value|
|ap_ready                  |  out|    1|  ap_ctrl_hs|  kernel_Pipeline_w_second_loop|  return value|
|v                         |   in|   32|     ap_none|                              v|        scalar|
|p_0_0_09615057_reload     |   in|   32|     ap_none|          p_0_0_09615057_reload|        scalar|
|p_0_0_09615049_reload     |   in|   32|     ap_none|          p_0_0_09615049_reload|        scalar|
|p_0_0_09615041_reload     |   in|   32|     ap_none|          p_0_0_09615041_reload|        scalar|
|p_0_0_09615033_reload     |   in|   32|     ap_none|          p_0_0_09615033_reload|        scalar|
|p_0_0_09615025_reload     |   in|   32|     ap_none|          p_0_0_09615025_reload|        scalar|
|p_0_0_09615017_reload     |   in|   32|     ap_none|          p_0_0_09615017_reload|        scalar|
|p_0_0_09615009_reload     |   in|   32|     ap_none|          p_0_0_09615009_reload|        scalar|
|p_0_0_09615001_reload     |   in|   32|     ap_none|          p_0_0_09615001_reload|        scalar|
|p_0_0_09614993_reload     |   in|   32|     ap_none|          p_0_0_09614993_reload|        scalar|
|p_0_0_09614985_reload     |   in|   32|     ap_none|          p_0_0_09614985_reload|        scalar|
|p_0_0_09614977_reload     |   in|   32|     ap_none|          p_0_0_09614977_reload|        scalar|
|p_0_0_09614969_reload     |   in|   32|     ap_none|          p_0_0_09614969_reload|        scalar|
|p_0_0_09614961_reload     |   in|   32|     ap_none|          p_0_0_09614961_reload|        scalar|
|p_0_0_09615065_reload     |   in|   32|     ap_none|          p_0_0_09615065_reload|        scalar|
|v_239                     |   in|   32|     ap_none|                          v_239|        scalar|
|p_0_0_09635053_reload     |   in|   32|     ap_none|          p_0_0_09635053_reload|        scalar|
|conv_i_i_i4054509_reload  |   in|   32|     ap_none|       conv_i_i_i4054509_reload|        scalar|
|conv_i_i_i4054477_reload  |   in|   32|     ap_none|       conv_i_i_i4054477_reload|        scalar|
|conv_i_i_i4054445_reload  |   in|   32|     ap_none|       conv_i_i_i4054445_reload|        scalar|
|conv_i_i_i4054413_reload  |   in|   32|     ap_none|       conv_i_i_i4054413_reload|        scalar|
|conv_i_i_i4054381_reload  |   in|   32|     ap_none|       conv_i_i_i4054381_reload|        scalar|
|conv_i_i_i4054349_reload  |   in|   32|     ap_none|       conv_i_i_i4054349_reload|        scalar|
|conv_i_i_i4054317_reload  |   in|   32|     ap_none|       conv_i_i_i4054317_reload|        scalar|
|conv_i_i_i4054285_reload  |   in|   32|     ap_none|       conv_i_i_i4054285_reload|        scalar|
|conv_i_i_i4054253_reload  |   in|   32|     ap_none|       conv_i_i_i4054253_reload|        scalar|
|conv_i_i_i4054221_reload  |   in|   32|     ap_none|       conv_i_i_i4054221_reload|        scalar|
|conv_i_i_i4054189_reload  |   in|   32|     ap_none|       conv_i_i_i4054189_reload|        scalar|
|conv_i_i_i4054157_reload  |   in|   32|     ap_none|       conv_i_i_i4054157_reload|        scalar|
|conv_i_i_i4054125_reload  |   in|   32|     ap_none|       conv_i_i_i4054125_reload|        scalar|
|conv_i_i_i4054093_reload  |   in|   32|     ap_none|       conv_i_i_i4054093_reload|        scalar|
|p_0_0_09625055_reload     |   in|   32|     ap_none|          p_0_0_09625055_reload|        scalar|
|p_0_0_09635045_reload     |   in|   32|     ap_none|          p_0_0_09635045_reload|        scalar|
|conv_i_i_i4054507_reload  |   in|   32|     ap_none|       conv_i_i_i4054507_reload|        scalar|
|conv_i_i_i4054475_reload  |   in|   32|     ap_none|       conv_i_i_i4054475_reload|        scalar|
|conv_i_i_i4054443_reload  |   in|   32|     ap_none|       conv_i_i_i4054443_reload|        scalar|
|conv_i_i_i4054411_reload  |   in|   32|     ap_none|       conv_i_i_i4054411_reload|        scalar|
|conv_i_i_i4054379_reload  |   in|   32|     ap_none|       conv_i_i_i4054379_reload|        scalar|
|conv_i_i_i4054347_reload  |   in|   32|     ap_none|       conv_i_i_i4054347_reload|        scalar|
|conv_i_i_i4054315_reload  |   in|   32|     ap_none|       conv_i_i_i4054315_reload|        scalar|
|conv_i_i_i4054283_reload  |   in|   32|     ap_none|       conv_i_i_i4054283_reload|        scalar|
|conv_i_i_i4054251_reload  |   in|   32|     ap_none|       conv_i_i_i4054251_reload|        scalar|
|conv_i_i_i4054219_reload  |   in|   32|     ap_none|       conv_i_i_i4054219_reload|        scalar|
|conv_i_i_i4054187_reload  |   in|   32|     ap_none|       conv_i_i_i4054187_reload|        scalar|
|conv_i_i_i4054155_reload  |   in|   32|     ap_none|       conv_i_i_i4054155_reload|        scalar|
|conv_i_i_i4054123_reload  |   in|   32|     ap_none|       conv_i_i_i4054123_reload|        scalar|
|conv_i_i_i4054091_reload  |   in|   32|     ap_none|       conv_i_i_i4054091_reload|        scalar|
|p_0_0_09625047_reload     |   in|   32|     ap_none|          p_0_0_09625047_reload|        scalar|
|p_0_0_09635037_reload     |   in|   32|     ap_none|          p_0_0_09635037_reload|        scalar|
|conv_i_i_i4054505_reload  |   in|   32|     ap_none|       conv_i_i_i4054505_reload|        scalar|
|conv_i_i_i4054473_reload  |   in|   32|     ap_none|       conv_i_i_i4054473_reload|        scalar|
|conv_i_i_i4054441_reload  |   in|   32|     ap_none|       conv_i_i_i4054441_reload|        scalar|
|conv_i_i_i4054409_reload  |   in|   32|     ap_none|       conv_i_i_i4054409_reload|        scalar|
|conv_i_i_i4054377_reload  |   in|   32|     ap_none|       conv_i_i_i4054377_reload|        scalar|
|conv_i_i_i4054345_reload  |   in|   32|     ap_none|       conv_i_i_i4054345_reload|        scalar|
|conv_i_i_i4054313_reload  |   in|   32|     ap_none|       conv_i_i_i4054313_reload|        scalar|
|conv_i_i_i4054281_reload  |   in|   32|     ap_none|       conv_i_i_i4054281_reload|        scalar|
|conv_i_i_i4054249_reload  |   in|   32|     ap_none|       conv_i_i_i4054249_reload|        scalar|
|conv_i_i_i4054217_reload  |   in|   32|     ap_none|       conv_i_i_i4054217_reload|        scalar|
|conv_i_i_i4054185_reload  |   in|   32|     ap_none|       conv_i_i_i4054185_reload|        scalar|
|conv_i_i_i4054153_reload  |   in|   32|     ap_none|       conv_i_i_i4054153_reload|        scalar|
|conv_i_i_i4054121_reload  |   in|   32|     ap_none|       conv_i_i_i4054121_reload|        scalar|
|conv_i_i_i4054089_reload  |   in|   32|     ap_none|       conv_i_i_i4054089_reload|        scalar|
|p_0_0_09625039_reload     |   in|   32|     ap_none|          p_0_0_09625039_reload|        scalar|
|p_0_0_09635029_reload     |   in|   32|     ap_none|          p_0_0_09635029_reload|        scalar|
|conv_i_i_i4054503_reload  |   in|   32|     ap_none|       conv_i_i_i4054503_reload|        scalar|
|conv_i_i_i4054471_reload  |   in|   32|     ap_none|       conv_i_i_i4054471_reload|        scalar|
|conv_i_i_i4054439_reload  |   in|   32|     ap_none|       conv_i_i_i4054439_reload|        scalar|
|conv_i_i_i4054407_reload  |   in|   32|     ap_none|       conv_i_i_i4054407_reload|        scalar|
|conv_i_i_i4054375_reload  |   in|   32|     ap_none|       conv_i_i_i4054375_reload|        scalar|
|conv_i_i_i4054343_reload  |   in|   32|     ap_none|       conv_i_i_i4054343_reload|        scalar|
|conv_i_i_i4054311_reload  |   in|   32|     ap_none|       conv_i_i_i4054311_reload|        scalar|
|conv_i_i_i4054279_reload  |   in|   32|     ap_none|       conv_i_i_i4054279_reload|        scalar|
|conv_i_i_i4054247_reload  |   in|   32|     ap_none|       conv_i_i_i4054247_reload|        scalar|
|conv_i_i_i4054215_reload  |   in|   32|     ap_none|       conv_i_i_i4054215_reload|        scalar|
|conv_i_i_i4054183_reload  |   in|   32|     ap_none|       conv_i_i_i4054183_reload|        scalar|
|conv_i_i_i4054151_reload  |   in|   32|     ap_none|       conv_i_i_i4054151_reload|        scalar|
|conv_i_i_i4054119_reload  |   in|   32|     ap_none|       conv_i_i_i4054119_reload|        scalar|
|conv_i_i_i4054087_reload  |   in|   32|     ap_none|       conv_i_i_i4054087_reload|        scalar|
|p_0_0_09625031_reload     |   in|   32|     ap_none|          p_0_0_09625031_reload|        scalar|
|p_0_0_09635021_reload     |   in|   32|     ap_none|          p_0_0_09635021_reload|        scalar|
|conv_i_i_i4054501_reload  |   in|   32|     ap_none|       conv_i_i_i4054501_reload|        scalar|
|conv_i_i_i4054469_reload  |   in|   32|     ap_none|       conv_i_i_i4054469_reload|        scalar|
|conv_i_i_i4054437_reload  |   in|   32|     ap_none|       conv_i_i_i4054437_reload|        scalar|
|conv_i_i_i4054405_reload  |   in|   32|     ap_none|       conv_i_i_i4054405_reload|        scalar|
|conv_i_i_i4054373_reload  |   in|   32|     ap_none|       conv_i_i_i4054373_reload|        scalar|
|conv_i_i_i4054341_reload  |   in|   32|     ap_none|       conv_i_i_i4054341_reload|        scalar|
|conv_i_i_i4054309_reload  |   in|   32|     ap_none|       conv_i_i_i4054309_reload|        scalar|
|conv_i_i_i4054277_reload  |   in|   32|     ap_none|       conv_i_i_i4054277_reload|        scalar|
|conv_i_i_i4054245_reload  |   in|   32|     ap_none|       conv_i_i_i4054245_reload|        scalar|
|conv_i_i_i4054213_reload  |   in|   32|     ap_none|       conv_i_i_i4054213_reload|        scalar|
|conv_i_i_i4054181_reload  |   in|   32|     ap_none|       conv_i_i_i4054181_reload|        scalar|
|conv_i_i_i4054149_reload  |   in|   32|     ap_none|       conv_i_i_i4054149_reload|        scalar|
|conv_i_i_i4054117_reload  |   in|   32|     ap_none|       conv_i_i_i4054117_reload|        scalar|
|conv_i_i_i4054085_reload  |   in|   32|     ap_none|       conv_i_i_i4054085_reload|        scalar|
|p_0_0_09625023_reload     |   in|   32|     ap_none|          p_0_0_09625023_reload|        scalar|
|p_0_0_09635013_reload     |   in|   32|     ap_none|          p_0_0_09635013_reload|        scalar|
|conv_i_i_i4054499_reload  |   in|   32|     ap_none|       conv_i_i_i4054499_reload|        scalar|
|conv_i_i_i4054467_reload  |   in|   32|     ap_none|       conv_i_i_i4054467_reload|        scalar|
|conv_i_i_i4054435_reload  |   in|   32|     ap_none|       conv_i_i_i4054435_reload|        scalar|
|conv_i_i_i4054403_reload  |   in|   32|     ap_none|       conv_i_i_i4054403_reload|        scalar|
|conv_i_i_i4054371_reload  |   in|   32|     ap_none|       conv_i_i_i4054371_reload|        scalar|
|conv_i_i_i4054339_reload  |   in|   32|     ap_none|       conv_i_i_i4054339_reload|        scalar|
|conv_i_i_i4054307_reload  |   in|   32|     ap_none|       conv_i_i_i4054307_reload|        scalar|
|conv_i_i_i4054275_reload  |   in|   32|     ap_none|       conv_i_i_i4054275_reload|        scalar|
|conv_i_i_i4054243_reload  |   in|   32|     ap_none|       conv_i_i_i4054243_reload|        scalar|
|conv_i_i_i4054211_reload  |   in|   32|     ap_none|       conv_i_i_i4054211_reload|        scalar|
|conv_i_i_i4054179_reload  |   in|   32|     ap_none|       conv_i_i_i4054179_reload|        scalar|
|conv_i_i_i4054147_reload  |   in|   32|     ap_none|       conv_i_i_i4054147_reload|        scalar|
|conv_i_i_i4054115_reload  |   in|   32|     ap_none|       conv_i_i_i4054115_reload|        scalar|
|conv_i_i_i4054083_reload  |   in|   32|     ap_none|       conv_i_i_i4054083_reload|        scalar|
|p_0_0_09625015_reload     |   in|   32|     ap_none|          p_0_0_09625015_reload|        scalar|
|p_0_0_09635005_reload     |   in|   32|     ap_none|          p_0_0_09635005_reload|        scalar|
|conv_i_i_i4054497_reload  |   in|   32|     ap_none|       conv_i_i_i4054497_reload|        scalar|
|conv_i_i_i4054465_reload  |   in|   32|     ap_none|       conv_i_i_i4054465_reload|        scalar|
|conv_i_i_i4054433_reload  |   in|   32|     ap_none|       conv_i_i_i4054433_reload|        scalar|
|conv_i_i_i4054401_reload  |   in|   32|     ap_none|       conv_i_i_i4054401_reload|        scalar|
|conv_i_i_i4054369_reload  |   in|   32|     ap_none|       conv_i_i_i4054369_reload|        scalar|
|conv_i_i_i4054337_reload  |   in|   32|     ap_none|       conv_i_i_i4054337_reload|        scalar|
|conv_i_i_i4054305_reload  |   in|   32|     ap_none|       conv_i_i_i4054305_reload|        scalar|
|conv_i_i_i4054273_reload  |   in|   32|     ap_none|       conv_i_i_i4054273_reload|        scalar|
|conv_i_i_i4054241_reload  |   in|   32|     ap_none|       conv_i_i_i4054241_reload|        scalar|
|conv_i_i_i4054209_reload  |   in|   32|     ap_none|       conv_i_i_i4054209_reload|        scalar|
|conv_i_i_i4054177_reload  |   in|   32|     ap_none|       conv_i_i_i4054177_reload|        scalar|
|conv_i_i_i4054145_reload  |   in|   32|     ap_none|       conv_i_i_i4054145_reload|        scalar|
|conv_i_i_i4054113_reload  |   in|   32|     ap_none|       conv_i_i_i4054113_reload|        scalar|
|conv_i_i_i4054081_reload  |   in|   32|     ap_none|       conv_i_i_i4054081_reload|        scalar|
|p_0_0_09625007_reload     |   in|   32|     ap_none|          p_0_0_09625007_reload|        scalar|
|p_0_0_09634997_reload     |   in|   32|     ap_none|          p_0_0_09634997_reload|        scalar|
|conv_i_i_i4054495_reload  |   in|   32|     ap_none|       conv_i_i_i4054495_reload|        scalar|
|conv_i_i_i4054463_reload  |   in|   32|     ap_none|       conv_i_i_i4054463_reload|        scalar|
|conv_i_i_i4054431_reload  |   in|   32|     ap_none|       conv_i_i_i4054431_reload|        scalar|
|conv_i_i_i4054399_reload  |   in|   32|     ap_none|       conv_i_i_i4054399_reload|        scalar|
|conv_i_i_i4054367_reload  |   in|   32|     ap_none|       conv_i_i_i4054367_reload|        scalar|
|conv_i_i_i4054335_reload  |   in|   32|     ap_none|       conv_i_i_i4054335_reload|        scalar|
|conv_i_i_i4054303_reload  |   in|   32|     ap_none|       conv_i_i_i4054303_reload|        scalar|
|conv_i_i_i4054271_reload  |   in|   32|     ap_none|       conv_i_i_i4054271_reload|        scalar|
|conv_i_i_i4054239_reload  |   in|   32|     ap_none|       conv_i_i_i4054239_reload|        scalar|
|conv_i_i_i4054207_reload  |   in|   32|     ap_none|       conv_i_i_i4054207_reload|        scalar|
|conv_i_i_i4054175_reload  |   in|   32|     ap_none|       conv_i_i_i4054175_reload|        scalar|
|conv_i_i_i4054143_reload  |   in|   32|     ap_none|       conv_i_i_i4054143_reload|        scalar|
|conv_i_i_i4054111_reload  |   in|   32|     ap_none|       conv_i_i_i4054111_reload|        scalar|
|conv_i_i_i4054079_reload  |   in|   32|     ap_none|       conv_i_i_i4054079_reload|        scalar|
|p_0_0_09624999_reload     |   in|   32|     ap_none|          p_0_0_09624999_reload|        scalar|
|p_0_0_09634989_reload     |   in|   32|     ap_none|          p_0_0_09634989_reload|        scalar|
|conv_i_i_i4054493_reload  |   in|   32|     ap_none|       conv_i_i_i4054493_reload|        scalar|
|conv_i_i_i4054461_reload  |   in|   32|     ap_none|       conv_i_i_i4054461_reload|        scalar|
|conv_i_i_i4054429_reload  |   in|   32|     ap_none|       conv_i_i_i4054429_reload|        scalar|
|conv_i_i_i4054397_reload  |   in|   32|     ap_none|       conv_i_i_i4054397_reload|        scalar|
|conv_i_i_i4054365_reload  |   in|   32|     ap_none|       conv_i_i_i4054365_reload|        scalar|
|conv_i_i_i4054333_reload  |   in|   32|     ap_none|       conv_i_i_i4054333_reload|        scalar|
|conv_i_i_i4054301_reload  |   in|   32|     ap_none|       conv_i_i_i4054301_reload|        scalar|
|conv_i_i_i4054269_reload  |   in|   32|     ap_none|       conv_i_i_i4054269_reload|        scalar|
|conv_i_i_i4054237_reload  |   in|   32|     ap_none|       conv_i_i_i4054237_reload|        scalar|
|conv_i_i_i4054205_reload  |   in|   32|     ap_none|       conv_i_i_i4054205_reload|        scalar|
|conv_i_i_i4054173_reload  |   in|   32|     ap_none|       conv_i_i_i4054173_reload|        scalar|
|conv_i_i_i4054141_reload  |   in|   32|     ap_none|       conv_i_i_i4054141_reload|        scalar|
|conv_i_i_i4054109_reload  |   in|   32|     ap_none|       conv_i_i_i4054109_reload|        scalar|
|conv_i_i_i4054077_reload  |   in|   32|     ap_none|       conv_i_i_i4054077_reload|        scalar|
|p_0_0_09624991_reload     |   in|   32|     ap_none|          p_0_0_09624991_reload|        scalar|
|p_0_0_09634981_reload     |   in|   32|     ap_none|          p_0_0_09634981_reload|        scalar|
|conv_i_i_i4054491_reload  |   in|   32|     ap_none|       conv_i_i_i4054491_reload|        scalar|
|conv_i_i_i4054459_reload  |   in|   32|     ap_none|       conv_i_i_i4054459_reload|        scalar|
|conv_i_i_i4054427_reload  |   in|   32|     ap_none|       conv_i_i_i4054427_reload|        scalar|
|conv_i_i_i4054395_reload  |   in|   32|     ap_none|       conv_i_i_i4054395_reload|        scalar|
|conv_i_i_i4054363_reload  |   in|   32|     ap_none|       conv_i_i_i4054363_reload|        scalar|
|conv_i_i_i4054331_reload  |   in|   32|     ap_none|       conv_i_i_i4054331_reload|        scalar|
|conv_i_i_i4054299_reload  |   in|   32|     ap_none|       conv_i_i_i4054299_reload|        scalar|
|conv_i_i_i4054267_reload  |   in|   32|     ap_none|       conv_i_i_i4054267_reload|        scalar|
|conv_i_i_i4054235_reload  |   in|   32|     ap_none|       conv_i_i_i4054235_reload|        scalar|
|conv_i_i_i4054203_reload  |   in|   32|     ap_none|       conv_i_i_i4054203_reload|        scalar|
|conv_i_i_i4054171_reload  |   in|   32|     ap_none|       conv_i_i_i4054171_reload|        scalar|
|conv_i_i_i4054139_reload  |   in|   32|     ap_none|       conv_i_i_i4054139_reload|        scalar|
|conv_i_i_i4054107_reload  |   in|   32|     ap_none|       conv_i_i_i4054107_reload|        scalar|
|conv_i_i_i4054075_reload  |   in|   32|     ap_none|       conv_i_i_i4054075_reload|        scalar|
|p_0_0_09624983_reload     |   in|   32|     ap_none|          p_0_0_09624983_reload|        scalar|
|p_0_0_09634973_reload     |   in|   32|     ap_none|          p_0_0_09634973_reload|        scalar|
|conv_i_i_i4054489_reload  |   in|   32|     ap_none|       conv_i_i_i4054489_reload|        scalar|
|conv_i_i_i4054457_reload  |   in|   32|     ap_none|       conv_i_i_i4054457_reload|        scalar|
|conv_i_i_i4054425_reload  |   in|   32|     ap_none|       conv_i_i_i4054425_reload|        scalar|
|conv_i_i_i4054393_reload  |   in|   32|     ap_none|       conv_i_i_i4054393_reload|        scalar|
|conv_i_i_i4054361_reload  |   in|   32|     ap_none|       conv_i_i_i4054361_reload|        scalar|
|conv_i_i_i4054329_reload  |   in|   32|     ap_none|       conv_i_i_i4054329_reload|        scalar|
|conv_i_i_i4054297_reload  |   in|   32|     ap_none|       conv_i_i_i4054297_reload|        scalar|
|conv_i_i_i4054265_reload  |   in|   32|     ap_none|       conv_i_i_i4054265_reload|        scalar|
|conv_i_i_i4054233_reload  |   in|   32|     ap_none|       conv_i_i_i4054233_reload|        scalar|
|conv_i_i_i4054201_reload  |   in|   32|     ap_none|       conv_i_i_i4054201_reload|        scalar|
|conv_i_i_i4054169_reload  |   in|   32|     ap_none|       conv_i_i_i4054169_reload|        scalar|
|conv_i_i_i4054137_reload  |   in|   32|     ap_none|       conv_i_i_i4054137_reload|        scalar|
|conv_i_i_i4054105_reload  |   in|   32|     ap_none|       conv_i_i_i4054105_reload|        scalar|
|conv_i_i_i4054073_reload  |   in|   32|     ap_none|       conv_i_i_i4054073_reload|        scalar|
|p_0_0_09624975_reload     |   in|   32|     ap_none|          p_0_0_09624975_reload|        scalar|
|p_0_0_09634965_reload     |   in|   32|     ap_none|          p_0_0_09634965_reload|        scalar|
|conv_i_i_i4054487_reload  |   in|   32|     ap_none|       conv_i_i_i4054487_reload|        scalar|
|conv_i_i_i4054455_reload  |   in|   32|     ap_none|       conv_i_i_i4054455_reload|        scalar|
|conv_i_i_i4054423_reload  |   in|   32|     ap_none|       conv_i_i_i4054423_reload|        scalar|
|conv_i_i_i4054391_reload  |   in|   32|     ap_none|       conv_i_i_i4054391_reload|        scalar|
|conv_i_i_i4054359_reload  |   in|   32|     ap_none|       conv_i_i_i4054359_reload|        scalar|
|conv_i_i_i4054327_reload  |   in|   32|     ap_none|       conv_i_i_i4054327_reload|        scalar|
|conv_i_i_i4054295_reload  |   in|   32|     ap_none|       conv_i_i_i4054295_reload|        scalar|
|conv_i_i_i4054263_reload  |   in|   32|     ap_none|       conv_i_i_i4054263_reload|        scalar|
|conv_i_i_i4054231_reload  |   in|   32|     ap_none|       conv_i_i_i4054231_reload|        scalar|
|conv_i_i_i4054199_reload  |   in|   32|     ap_none|       conv_i_i_i4054199_reload|        scalar|
|conv_i_i_i4054167_reload  |   in|   32|     ap_none|       conv_i_i_i4054167_reload|        scalar|
|conv_i_i_i4054135_reload  |   in|   32|     ap_none|       conv_i_i_i4054135_reload|        scalar|
|conv_i_i_i4054103_reload  |   in|   32|     ap_none|       conv_i_i_i4054103_reload|        scalar|
|conv_i_i_i4054071_reload  |   in|   32|     ap_none|       conv_i_i_i4054071_reload|        scalar|
|p_0_0_09624967_reload     |   in|   32|     ap_none|          p_0_0_09624967_reload|        scalar|
|p_0_0_09634957_reload     |   in|   32|     ap_none|          p_0_0_09634957_reload|        scalar|
|conv_i_i_i4054485_reload  |   in|   32|     ap_none|       conv_i_i_i4054485_reload|        scalar|
|conv_i_i_i4054453_reload  |   in|   32|     ap_none|       conv_i_i_i4054453_reload|        scalar|
|conv_i_i_i4054421_reload  |   in|   32|     ap_none|       conv_i_i_i4054421_reload|        scalar|
|conv_i_i_i4054389_reload  |   in|   32|     ap_none|       conv_i_i_i4054389_reload|        scalar|
|conv_i_i_i4054357_reload  |   in|   32|     ap_none|       conv_i_i_i4054357_reload|        scalar|
|conv_i_i_i4054325_reload  |   in|   32|     ap_none|       conv_i_i_i4054325_reload|        scalar|
|conv_i_i_i4054293_reload  |   in|   32|     ap_none|       conv_i_i_i4054293_reload|        scalar|
|conv_i_i_i4054261_reload  |   in|   32|     ap_none|       conv_i_i_i4054261_reload|        scalar|
|conv_i_i_i4054229_reload  |   in|   32|     ap_none|       conv_i_i_i4054229_reload|        scalar|
|conv_i_i_i4054197_reload  |   in|   32|     ap_none|       conv_i_i_i4054197_reload|        scalar|
|conv_i_i_i4054165_reload  |   in|   32|     ap_none|       conv_i_i_i4054165_reload|        scalar|
|conv_i_i_i4054133_reload  |   in|   32|     ap_none|       conv_i_i_i4054133_reload|        scalar|
|conv_i_i_i4054101_reload  |   in|   32|     ap_none|       conv_i_i_i4054101_reload|        scalar|
|conv_i_i_i4054069_reload  |   in|   32|     ap_none|       conv_i_i_i4054069_reload|        scalar|
|p_0_0_09624959_reload     |   in|   32|     ap_none|          p_0_0_09624959_reload|        scalar|
|p_0_0_09635061_reload     |   in|   32|     ap_none|          p_0_0_09635061_reload|        scalar|
|conv_i_i_i4054483_reload  |   in|   32|     ap_none|       conv_i_i_i4054483_reload|        scalar|
|conv_i_i_i4054451_reload  |   in|   32|     ap_none|       conv_i_i_i4054451_reload|        scalar|
|conv_i_i_i4054419_reload  |   in|   32|     ap_none|       conv_i_i_i4054419_reload|        scalar|
|conv_i_i_i4054387_reload  |   in|   32|     ap_none|       conv_i_i_i4054387_reload|        scalar|
|conv_i_i_i4054355_reload  |   in|   32|     ap_none|       conv_i_i_i4054355_reload|        scalar|
|conv_i_i_i4054323_reload  |   in|   32|     ap_none|       conv_i_i_i4054323_reload|        scalar|
|conv_i_i_i4054291_reload  |   in|   32|     ap_none|       conv_i_i_i4054291_reload|        scalar|
|conv_i_i_i4054259_reload  |   in|   32|     ap_none|       conv_i_i_i4054259_reload|        scalar|
|conv_i_i_i4054227_reload  |   in|   32|     ap_none|       conv_i_i_i4054227_reload|        scalar|
|conv_i_i_i4054195_reload  |   in|   32|     ap_none|       conv_i_i_i4054195_reload|        scalar|
|conv_i_i_i4054163_reload  |   in|   32|     ap_none|       conv_i_i_i4054163_reload|        scalar|
|conv_i_i_i4054131_reload  |   in|   32|     ap_none|       conv_i_i_i4054131_reload|        scalar|
|conv_i_i_i4054099_reload  |   in|   32|     ap_none|       conv_i_i_i4054099_reload|        scalar|
|conv_i_i_i4054511_reload  |   in|   32|     ap_none|       conv_i_i_i4054511_reload|        scalar|
|p_0_0_09625063_reload     |   in|   32|     ap_none|          p_0_0_09625063_reload|        scalar|
|v_14                      |   in|   32|     ap_none|                           v_14|        scalar|
|p_0_0_09605059_reload     |   in|   32|     ap_none|          p_0_0_09605059_reload|        scalar|
|p_0_0_09605051_reload     |   in|   32|     ap_none|          p_0_0_09605051_reload|        scalar|
|p_0_0_09605043_reload     |   in|   32|     ap_none|          p_0_0_09605043_reload|        scalar|
|p_0_0_09605035_reload     |   in|   32|     ap_none|          p_0_0_09605035_reload|        scalar|
|p_0_0_09605027_reload     |   in|   32|     ap_none|          p_0_0_09605027_reload|        scalar|
|p_0_0_09605019_reload     |   in|   32|     ap_none|          p_0_0_09605019_reload|        scalar|
|p_0_0_09605011_reload     |   in|   32|     ap_none|          p_0_0_09605011_reload|        scalar|
|p_0_0_09605003_reload     |   in|   32|     ap_none|          p_0_0_09605003_reload|        scalar|
|p_0_0_09604995_reload     |   in|   32|     ap_none|          p_0_0_09604995_reload|        scalar|
|p_0_0_09604987_reload     |   in|   32|     ap_none|          p_0_0_09604987_reload|        scalar|
|p_0_0_09604979_reload     |   in|   32|     ap_none|          p_0_0_09604979_reload|        scalar|
|p_0_0_09604971_reload     |   in|   32|     ap_none|          p_0_0_09604971_reload|        scalar|
|p_0_0_09604963_reload     |   in|   32|     ap_none|          p_0_0_09604963_reload|        scalar|
|p_0_0_09605067_reload     |   in|   32|     ap_none|          p_0_0_09605067_reload|        scalar|
|v_254                     |   in|   32|     ap_none|                          v_254|        scalar|
|p_out                     |  out|   32|      ap_vld|                          p_out|       pointer|
|p_out_ap_vld              |  out|    1|      ap_vld|                          p_out|       pointer|
+--------------------------+-----+-----+------------+-------------------------------+--------------+

