

================================================================
== Vitis HLS Report for 'kernel_Pipeline_VITIS_LOOP_88_4_VITIS_LOOP_90_5'
================================================================
* Date:           Fri Jul 14 14:26:45 2023

* Version:        2023.1 (Build 3854077 on May  4 2023)
* Project:        fpga
* Solution:       solution1 (Vivado IP Flow Target)
* Product family: zynquplusRFSOC
* Target device:  xczu28dr-ffvg1517-2-e


================================================================
== Performance Estimates
================================================================
+ Timing: 
    * Summary: 
    +--------+----------+----------+------------+
    |  Clock |  Target  | Estimated| Uncertainty|
    +--------+----------+----------+------------+
    |ap_clk  |  10.00 ns|  7.300 ns|     2.70 ns|
    +--------+----------+----------+------------+

+ Latency: 
    * Summary: 
    +---------+---------+----------+----------+-----+-----+---------+
    |  Latency (cycles) |  Latency (absolute) |  Interval | Pipeline|
    |   min   |   max   |    min   |    max   | min | max |   Type  |
    +---------+---------+----------+----------+-----+-----+---------+
    |      789|      789|  7.890 us|  7.890 us|  789|  789|       no|
    +---------+---------+----------+----------+-----+-----+---------+

    + Detail: 
        * Instance: 
        N/A

        * Loop: 
        +-----------------------------------+---------+---------+----------+-----------+-----------+------+----------+
        |                                   |  Latency (cycles) | Iteration|  Initiation Interval  | Trip |          |
        |             Loop Name             |   min   |   max   |  Latency |  achieved |   target  | Count| Pipelined|
        +-----------------------------------+---------+---------+----------+-----------+-----------+------+----------+
        |- VITIS_LOOP_88_4_VITIS_LOOP_90_5  |      787|      787|         8|          4|          1|   196|       yes|
        +-----------------------------------+---------+---------+----------+-----------+-----------+------+----------+



================================================================
== Utilization Estimates
================================================================
* Summary: 
+-----------------+---------+------+--------+--------+-----+
|       Name      | BRAM_18K|  DSP |   FF   |   LUT  | URAM|
+-----------------+---------+------+--------+--------+-----+
|DSP              |        -|     -|       -|       -|    -|
|Expression       |        -|     -|       0|     157|    -|
|FIFO             |        -|     -|       -|       -|    -|
|Instance         |        -|     -|       -|       -|    -|
|Memory           |        -|     -|       -|       -|    -|
|Multiplexer      |        -|     -|       -|     152|    -|
|Register         |        -|     -|     213|       -|    -|
+-----------------+---------+------+--------+--------+-----+
|Total            |        0|     0|     213|     309|    0|
+-----------------+---------+------+--------+--------+-----+
|Available        |     2160|  4272|  850560|  425280|   80|
+-----------------+---------+------+--------+--------+-----+
|Utilization (%)  |        0|     0|      ~0|      ~0|    0|
+-----------------+---------+------+--------+--------+-----+

+ Detail: 
    * Instance: 
    N/A

    * DSP: 
    N/A

    * Memory: 
    N/A

    * FIFO: 
    N/A

    * Expression: 
    +---------------------------+----------+----+---+----+------------+------------+
    |       Variable Name       | Operation| DSP| FF| LUT| Bitwidth P0| Bitwidth P1|
    +---------------------------+----------+----+---+----+------------+------------+
    |add_ln88_1_fu_203_p2       |         +|   0|  0|  12|           4|           1|
    |add_ln88_fu_177_p2         |         +|   0|  0|  15|           8|           1|
    |add_ln90_fu_260_p2         |         +|   0|  0|  12|           4|           1|
    |add_ln92_fu_244_p2         |         +|   0|  0|  71|          64|          64|
    |ap_block_pp0_stage1_11001  |       and|   0|  0|   2|           1|           1|
    |ap_block_pp0_stage2_11001  |       and|   0|  0|   2|           1|           1|
    |ap_block_pp0_stage3_01001  |       and|   0|  0|   2|           1|           1|
    |ap_block_state2_io         |       and|   0|  0|   2|           1|           1|
    |ap_block_state3_io         |       and|   0|  0|   2|           1|           1|
    |icmp_ln88_fu_171_p2        |      icmp|   0|  0|  15|           8|           7|
    |icmp_ln90_fu_189_p2        |      icmp|   0|  0|  12|           4|           2|
    |select_ln86_fu_195_p3      |    select|   0|  0|   4|           1|           1|
    |select_ln88_fu_209_p3      |    select|   0|  0|   4|           1|           4|
    |ap_enable_pp0              |       xor|   0|  0|   2|           1|           2|
    +---------------------------+----------+----+---+----+------------+------------+
    |Total                      |          |   0|  0| 157|         100|          88|
    +---------------------------+----------+----+---+----+------------+------------+

    * Multiplexer: 
    +----------------------------------------+----+-----------+-----+-----------+
    |                  Name                  | LUT| Input Size| Bits| Total Bits|
    +----------------------------------------+----+-----------+-----+-----------+
    |ap_NS_fsm                               |  26|          5|    1|          5|
    |ap_done_int                             |   9|          2|    1|          2|
    |ap_enable_reg_pp0_iter0                 |   9|          2|    1|          2|
    |ap_enable_reg_pp0_iter1                 |   9|          2|    1|          2|
    |ap_sig_allocacmp_indvar_flatten59_load  |   9|          2|    8|         16|
    |ap_sig_allocacmp_ix_1_load              |   9|          2|    4|          8|
    |ap_sig_allocacmp_iy_load                |   9|          2|    4|          8|
    |ap_sig_allocacmp_w_2_load_1             |   9|          2|   64|        128|
    |gmem0_blk_n_AW                          |   9|          2|    1|          2|
    |gmem0_blk_n_B                           |   9|          2|    1|          2|
    |gmem0_blk_n_W                           |   9|          2|    1|          2|
    |indvar_flatten59_fu_98                  |   9|          2|    8|         16|
    |ix_1_fu_94                              |   9|          2|    4|          8|
    |iy_fu_90                                |   9|          2|    4|          8|
    |w_2_fu_86                               |   9|          2|   64|        128|
    +----------------------------------------+----+-----------+-----+-----------+
    |Total                                   | 152|         33|  167|        337|
    +----------------------------------------+----+-----------+-----+-----------+

    * Register: 
    +-----------------------------+----+----+-----+-----------+
    |             Name            | FF | LUT| Bits| Const Bits|
    +-----------------------------+----+----+-----+-----------+
    |ap_CS_fsm                    |   4|   0|    4|          0|
    |ap_done_reg                  |   1|   0|    1|          0|
    |ap_enable_reg_pp0_iter0_reg  |   1|   0|    1|          0|
    |ap_enable_reg_pp0_iter1      |   1|   0|    1|          0|
    |data_reg_373                 |  64|   0|   64|          0|
    |icmp_ln88_reg_354            |   1|   0|    1|          0|
    |indvar_flatten59_fu_98       |   8|   0|    8|          0|
    |ix_1_fu_94                   |   4|   0|    4|          0|
    |iy_fu_90                     |   4|   0|    4|          0|
    |trunc_ln8_reg_363            |  61|   0|   61|          0|
    |w_2_fu_86                    |  64|   0|   64|          0|
    +-----------------------------+----+----+-----+-----------+
    |Total                        | 213|   0|  213|          0|
    +-----------------------------+----+----+-----+-----------+



================================================================
== Interface
================================================================
* Summary: 
+----------------------+-----+-----+------------+-------------------------------------------------+--------------+
|       RTL Ports      | Dir | Bits|  Protocol  |                  Source Object                  |    C Type    |
+----------------------+-----+-----+------------+-------------------------------------------------+--------------+
|ap_clk                |   in|    1|  ap_ctrl_hs|  kernel_Pipeline_VITIS_LOOP_88_4_VITIS_LOOP_90_5|  return value|
|ap_rst                |   in|    1|  ap_ctrl_hs|  kernel_Pipeline_VITIS_LOOP_88_4_VITIS_LOOP_90_5|  return value|
|ap_start              |   in|    1|  ap_ctrl_hs|  kernel_Pipeline_VITIS_LOOP_88_4_VITIS_LOOP_90_5|  return value|
|ap_done               |  out|    1|  ap_ctrl_hs|  kernel_Pipeline_VITIS_LOOP_88_4_VITIS_LOOP_90_5|  return value|
|ap_idle               |  out|    1|  ap_ctrl_hs|  kernel_Pipeline_VITIS_LOOP_88_4_VITIS_LOOP_90_5|  return value|
|ap_ready              |  out|    1|  ap_ctrl_hs|  kernel_Pipeline_VITIS_LOOP_88_4_VITIS_LOOP_90_5|  return value|
|grp_fu_685_p_din0     |  out|   64|  ap_ctrl_hs|  kernel_Pipeline_VITIS_LOOP_88_4_VITIS_LOOP_90_5|  return value|
|grp_fu_685_p_din1     |  out|   64|  ap_ctrl_hs|  kernel_Pipeline_VITIS_LOOP_88_4_VITIS_LOOP_90_5|  return value|
|grp_fu_685_p_opcode   |  out|    1|  ap_ctrl_hs|  kernel_Pipeline_VITIS_LOOP_88_4_VITIS_LOOP_90_5|  return value|
|grp_fu_685_p_dout0    |   in|   64|  ap_ctrl_hs|  kernel_Pipeline_VITIS_LOOP_88_4_VITIS_LOOP_90_5|  return value|
|grp_fu_685_p_ce       |  out|    1|  ap_ctrl_hs|  kernel_Pipeline_VITIS_LOOP_88_4_VITIS_LOOP_90_5|  return value|
|m_axi_gmem0_AWVALID   |  out|    1|       m_axi|                                            gmem0|       pointer|
|m_axi_gmem0_AWREADY   |   in|    1|       m_axi|                                            gmem0|       pointer|
|m_axi_gmem0_AWADDR    |  out|   64|       m_axi|                                            gmem0|       pointer|
|m_axi_gmem0_AWID      |  out|    1|       m_axi|                                            gmem0|       pointer|
|m_axi_gmem0_AWLEN     |  out|   32|       m_axi|                                            gmem0|       pointer|
|m_axi_gmem0_AWSIZE    |  out|    3|       m_axi|                                            gmem0|       pointer|
|m_axi_gmem0_AWBURST   |  out|    2|       m_axi|                                            gmem0|       pointer|
|m_axi_gmem0_AWLOCK    |  out|    2|       m_axi|                                            gmem0|       pointer|
|m_axi_gmem0_AWCACHE   |  out|    4|       m_axi|                                            gmem0|       pointer|
|m_axi_gmem0_AWPROT    |  out|    3|       m_axi|                                            gmem0|       pointer|
|m_axi_gmem0_AWQOS     |  out|    4|       m_axi|                                            gmem0|       pointer|
|m_axi_gmem0_AWREGION  |  out|    4|       m_axi|                                            gmem0|       pointer|
|m_axi_gmem0_AWUSER    |  out|    1|       m_axi|                                            gmem0|       pointer|
|m_axi_gmem0_WVALID    |  out|    1|       m_axi|                                            gmem0|       pointer|
|m_axi_gmem0_WREADY    |   in|    1|       m_axi|                                            gmem0|       pointer|
|m_axi_gmem0_WDATA     |  out|   64|       m_axi|                                            gmem0|       pointer|
|m_axi_gmem0_WSTRB     |  out|    8|       m_axi|                                            gmem0|       pointer|
|m_axi_gmem0_WLAST     |  out|    1|       m_axi|                                            gmem0|       pointer|
|m_axi_gmem0_WID       |  out|    1|       m_axi|                                            gmem0|       pointer|
|m_axi_gmem0_WUSER     |  out|    1|       m_axi|                                            gmem0|       pointer|
|m_axi_gmem0_ARVALID   |  out|    1|       m_axi|                                            gmem0|       pointer|
|m_axi_gmem0_ARREADY   |   in|    1|       m_axi|                                            gmem0|       pointer|
|m_axi_gmem0_ARADDR    |  out|   64|       m_axi|                                            gmem0|       pointer|
|m_axi_gmem0_ARID      |  out|    1|       m_axi|                                            gmem0|       pointer|
|m_axi_gmem0_ARLEN     |  out|   32|       m_axi|                                            gmem0|       pointer|
|m_axi_gmem0_ARSIZE    |  out|    3|       m_axi|                                            gmem0|       pointer|
|m_axi_gmem0_ARBURST   |  out|    2|       m_axi|                                            gmem0|       pointer|
|m_axi_gmem0_ARLOCK    |  out|    2|       m_axi|                                            gmem0|       pointer|
|m_axi_gmem0_ARCACHE   |  out|    4|       m_axi|                                            gmem0|       pointer|
|m_axi_gmem0_ARPROT    |  out|    3|       m_axi|                                            gmem0|       pointer|
|m_axi_gmem0_ARQOS     |  out|    4|       m_axi|                                            gmem0|       pointer|
|m_axi_gmem0_ARREGION  |  out|    4|       m_axi|                                            gmem0|       pointer|
|m_axi_gmem0_ARUSER    |  out|    1|       m_axi|                                            gmem0|       pointer|
|m_axi_gmem0_RVALID    |   in|    1|       m_axi|                                            gmem0|       pointer|
|m_axi_gmem0_RREADY    |  out|    1|       m_axi|                                            gmem0|       pointer|
|m_axi_gmem0_RDATA     |   in|   64|       m_axi|                                            gmem0|       pointer|
|m_axi_gmem0_RLAST     |   in|    1|       m_axi|                                            gmem0|       pointer|
|m_axi_gmem0_RID       |   in|    1|       m_axi|                                            gmem0|       pointer|
|m_axi_gmem0_RFIFONUM  |   in|    9|       m_axi|                                            gmem0|       pointer|
|m_axi_gmem0_RUSER     |   in|    1|       m_axi|                                            gmem0|       pointer|
|m_axi_gmem0_RRESP     |   in|    2|       m_axi|                                            gmem0|       pointer|
|m_axi_gmem0_BVALID    |   in|    1|       m_axi|                                            gmem0|       pointer|
|m_axi_gmem0_BREADY    |  out|    1|       m_axi|                                            gmem0|       pointer|
|m_axi_gmem0_BRESP     |   in|    2|       m_axi|                                            gmem0|       pointer|
|m_axi_gmem0_BID       |   in|    1|       m_axi|                                            gmem0|       pointer|
|m_axi_gmem0_BUSER     |   in|    1|       m_axi|                                            gmem0|       pointer|
|vp_address0           |  out|    8|   ap_memory|                                               vp|         array|
|vp_ce0                |  out|    1|   ap_memory|                                               vp|         array|
|vp_q0                 |   in|   64|   ap_memory|                                               vp|         array|
|v                     |   in|   64|     ap_none|                                                v|        scalar|
|w_3_out               |  out|   64|      ap_vld|                                          w_3_out|       pointer|
|w_3_out_ap_vld        |  out|    1|      ap_vld|                                          w_3_out|       pointer|
+----------------------+-----+-----+------------+-------------------------------------------------+--------------+

