

================================================================
== Vitis HLS Report for 'kernel_Pipeline_VITIS_LOOP_27_1_VITIS_LOOP_28_2'
================================================================
* Date:           Fri Jul 14 14:26:42 2023

* Version:        2023.1 (Build 3854077 on May  4 2023)
* Project:        fpga
* Solution:       solution1 (Vivado IP Flow Target)
* Product family: zynquplusRFSOC
* Target device:  xczu28dr-ffvg1517-2-e


================================================================
== Performance Estimates
================================================================
+ Timing: 
    * Summary: 
    +--------+----------+----------+------------+
    |  Clock |  Target  | Estimated| Uncertainty|
    +--------+----------+----------+------------+
    |ap_clk  |  10.00 ns|  7.300 ns|     2.70 ns|
    +--------+----------+----------+------------+

+ Latency: 
    * Summary: 
    +---------+---------+----------+----------+-----+-----+---------+
    |  Latency (cycles) |  Latency (absolute) |  Interval | Pipeline|
    |   min   |   max   |    min   |    max   | min | max |   Type  |
    +---------+---------+----------+----------+-----+-----+---------+
    |      258|      258|  2.580 us|  2.580 us|  258|  258|       no|
    +---------+---------+----------+----------+-----+-----+---------+

    + Detail: 
        * Instance: 
        N/A

        * Loop: 
        +-----------------------------------+---------+---------+----------+-----------+-----------+------+----------+
        |                                   |  Latency (cycles) | Iteration|  Initiation Interval  | Trip |          |
        |             Loop Name             |   min   |   max   |  Latency |  achieved |   target  | Count| Pipelined|
        +-----------------------------------+---------+---------+----------+-----------+-----------+------+----------+
        |- VITIS_LOOP_27_1_VITIS_LOOP_28_2  |      256|      256|         2|          1|          1|   256|       yes|
        +-----------------------------------+---------+---------+----------+-----------+-----------+------+----------+



================================================================
== Utilization Estimates
================================================================
* Summary: 
+-----------------+---------+------+--------+--------+-----+
|       Name      | BRAM_18K|  DSP |   FF   |   LUT  | URAM|
+-----------------+---------+------+--------+--------+-----+
|DSP              |        -|     -|       -|       -|    -|
|Expression       |        -|     -|       0|      37|    -|
|FIFO             |        -|     -|       -|       -|    -|
|Instance         |        -|     -|       -|       -|    -|
|Memory           |        -|     -|       -|       -|    -|
|Multiplexer      |        -|     -|       -|      45|    -|
|Register         |        -|     -|      12|       -|    -|
+-----------------+---------+------+--------+--------+-----+
|Total            |        0|     0|      12|      82|    0|
+-----------------+---------+------+--------+--------+-----+
|Available        |     2160|  4272|  850560|  425280|   80|
+-----------------+---------+------+--------+--------+-----+
|Utilization (%)  |        0|     0|      ~0|      ~0|    0|
+-----------------+---------+------+--------+--------+-----+

+ Detail: 
    * Instance: 
    N/A

    * DSP: 
    N/A

    * Memory: 
    N/A

    * FIFO: 
    N/A

    * Expression: 
    +---------------------------+----------+----+---+----+------------+------------+
    |       Variable Name       | Operation| DSP| FF| LUT| Bitwidth P0| Bitwidth P1|
    +---------------------------+----------+----+---+----+------------+------------+
    |add_ln27_fu_97_p2          |         +|   0|  0|  16|           9|           1|
    |ap_block_pp0_stage0_11001  |       and|   0|  0|   2|           1|           1|
    |icmp_ln27_fu_91_p2         |      icmp|   0|  0|  17|           9|          10|
    |ap_enable_pp0              |       xor|   0|  0|   2|           1|           2|
    +---------------------------+----------+----+---+----+------------+------------+
    |Total                      |          |   0|  0|  37|          20|          14|
    +---------------------------+----------+----+---+----+------------+------------+

    * Multiplexer: 
    +--------------------------------------+----+-----------+-----+-----------+
    |                 Name                 | LUT| Input Size| Bits| Total Bits|
    +--------------------------------------+----+-----------+-----+-----------+
    |ap_done_int                           |   9|          2|    1|          2|
    |ap_enable_reg_pp0_iter1               |   9|          2|    1|          2|
    |ap_sig_allocacmp_indvar_flatten_load  |   9|          2|    9|         18|
    |gmem0_blk_n_W                         |   9|          2|    1|          2|
    |indvar_flatten_fu_54                  |   9|          2|    9|         18|
    +--------------------------------------+----+-----------+-----+-----------+
    |Total                                 |  45|         10|   21|         42|
    +--------------------------------------+----+-----------+-----+-----------+

    * Register: 
    +-------------------------+---+----+-----+-----------+
    |           Name          | FF| LUT| Bits| Const Bits|
    +-------------------------+---+----+-----+-----------+
    |ap_CS_fsm                |  1|   0|    1|          0|
    |ap_done_reg              |  1|   0|    1|          0|
    |ap_enable_reg_pp0_iter1  |  1|   0|    1|          0|
    |indvar_flatten_fu_54     |  9|   0|    9|          0|
    +-------------------------+---+----+-----+-----------+
    |Total                    | 12|   0|   12|          0|
    +-------------------------+---+----+-----+-----------+



================================================================
== Interface
================================================================
* Summary: 
+----------------------+-----+-----+------------+-------------------------------------------------+--------------+
|       RTL Ports      | Dir | Bits|  Protocol  |                  Source Object                  |    C Type    |
+----------------------+-----+-----+------------+-------------------------------------------------+--------------+
|ap_clk                |   in|    1|  ap_ctrl_hs|  kernel_Pipeline_VITIS_LOOP_27_1_VITIS_LOOP_28_2|  return value|
|ap_rst                |   in|    1|  ap_ctrl_hs|  kernel_Pipeline_VITIS_LOOP_27_1_VITIS_LOOP_28_2|  return value|
|ap_start              |   in|    1|  ap_ctrl_hs|  kernel_Pipeline_VITIS_LOOP_27_1_VITIS_LOOP_28_2|  return value|
|ap_done               |  out|    1|  ap_ctrl_hs|  kernel_Pipeline_VITIS_LOOP_27_1_VITIS_LOOP_28_2|  return value|
|ap_idle               |  out|    1|  ap_ctrl_hs|  kernel_Pipeline_VITIS_LOOP_27_1_VITIS_LOOP_28_2|  return value|
|ap_ready              |  out|    1|  ap_ctrl_hs|  kernel_Pipeline_VITIS_LOOP_27_1_VITIS_LOOP_28_2|  return value|
|m_axi_gmem0_AWVALID   |  out|    1|       m_axi|                                            gmem0|       pointer|
|m_axi_gmem0_AWREADY   |   in|    1|       m_axi|                                            gmem0|       pointer|
|m_axi_gmem0_AWADDR    |  out|   64|       m_axi|                                            gmem0|       pointer|
|m_axi_gmem0_AWID      |  out|    1|       m_axi|                                            gmem0|       pointer|
|m_axi_gmem0_AWLEN     |  out|   32|       m_axi|                                            gmem0|       pointer|
|m_axi_gmem0_AWSIZE    |  out|    3|       m_axi|                                            gmem0|       pointer|
|m_axi_gmem0_AWBURST   |  out|    2|       m_axi|                                            gmem0|       pointer|
|m_axi_gmem0_AWLOCK    |  out|    2|       m_axi|                                            gmem0|       pointer|
|m_axi_gmem0_AWCACHE   |  out|    4|       m_axi|                                            gmem0|       pointer|
|m_axi_gmem0_AWPROT    |  out|    3|       m_axi|                                            gmem0|       pointer|
|m_axi_gmem0_AWQOS     |  out|    4|       m_axi|                                            gmem0|       pointer|
|m_axi_gmem0_AWREGION  |  out|    4|       m_axi|                                            gmem0|       pointer|
|m_axi_gmem0_AWUSER    |  out|    1|       m_axi|                                            gmem0|       pointer|
|m_axi_gmem0_WVALID    |  out|    1|       m_axi|                                            gmem0|       pointer|
|m_axi_gmem0_WREADY    |   in|    1|       m_axi|                                            gmem0|       pointer|
|m_axi_gmem0_WDATA     |  out|   64|       m_axi|                                            gmem0|       pointer|
|m_axi_gmem0_WSTRB     |  out|    8|       m_axi|                                            gmem0|       pointer|
|m_axi_gmem0_WLAST     |  out|    1|       m_axi|                                            gmem0|       pointer|
|m_axi_gmem0_WID       |  out|    1|       m_axi|                                            gmem0|       pointer|
|m_axi_gmem0_WUSER     |  out|    1|       m_axi|                                            gmem0|       pointer|
|m_axi_gmem0_ARVALID   |  out|    1|       m_axi|                                            gmem0|       pointer|
|m_axi_gmem0_ARREADY   |   in|    1|       m_axi|                                            gmem0|       pointer|
|m_axi_gmem0_ARADDR    |  out|   64|       m_axi|                                            gmem0|       pointer|
|m_axi_gmem0_ARID      |  out|    1|       m_axi|                                            gmem0|       pointer|
|m_axi_gmem0_ARLEN     |  out|   32|       m_axi|                                            gmem0|       pointer|
|m_axi_gmem0_ARSIZE    |  out|    3|       m_axi|                                            gmem0|       pointer|
|m_axi_gmem0_ARBURST   |  out|    2|       m_axi|                                            gmem0|       pointer|
|m_axi_gmem0_ARLOCK    |  out|    2|       m_axi|                                            gmem0|       pointer|
|m_axi_gmem0_ARCACHE   |  out|    4|       m_axi|                                            gmem0|       pointer|
|m_axi_gmem0_ARPROT    |  out|    3|       m_axi|                                            gmem0|       pointer|
|m_axi_gmem0_ARQOS     |  out|    4|       m_axi|                                            gmem0|       pointer|
|m_axi_gmem0_ARREGION  |  out|    4|       m_axi|                                            gmem0|       pointer|
|m_axi_gmem0_ARUSER    |  out|    1|       m_axi|                                            gmem0|       pointer|
|m_axi_gmem0_RVALID    |   in|    1|       m_axi|                                            gmem0|       pointer|
|m_axi_gmem0_RREADY    |  out|    1|       m_axi|                                            gmem0|       pointer|
|m_axi_gmem0_RDATA     |   in|   64|       m_axi|                                            gmem0|       pointer|
|m_axi_gmem0_RLAST     |   in|    1|       m_axi|                                            gmem0|       pointer|
|m_axi_gmem0_RID       |   in|    1|       m_axi|                                            gmem0|       pointer|
|m_axi_gmem0_RFIFONUM  |   in|    9|       m_axi|                                            gmem0|       pointer|
|m_axi_gmem0_RUSER     |   in|    1|       m_axi|                                            gmem0|       pointer|
|m_axi_gmem0_RRESP     |   in|    2|       m_axi|                                            gmem0|       pointer|
|m_axi_gmem0_BVALID    |   in|    1|       m_axi|                                            gmem0|       pointer|
|m_axi_gmem0_BREADY    |  out|    1|       m_axi|                                            gmem0|       pointer|
|m_axi_gmem0_BRESP     |   in|    2|       m_axi|                                            gmem0|       pointer|
|m_axi_gmem0_BID       |   in|    1|       m_axi|                                            gmem0|       pointer|
|m_axi_gmem0_BUSER     |   in|    1|       m_axi|                                            gmem0|       pointer|
|sext_ln27             |   in|   61|     ap_none|                                        sext_ln27|        scalar|
+----------------------+-----+-----+------------+-------------------------------------------------+--------------+

