

================================================================
== Vitis HLS Report for 'sin_33_6_s'
================================================================
* Date:           Wed Sep 27 17:43:02 2023

* Version:        2023.1 (Build 3854077 on May  4 2023)
* Project:        fpga
* Solution:       solution1 (Vitis Kernel Flow Target)
* Product family: zynquplus
* Target device:  xczu7ev-ffvc1156-2-e


================================================================
== Performance Estimates
================================================================
+ Timing: 
    * Summary: 
    +--------+----------+----------+------------+
    |  Clock |  Target  | Estimated| Uncertainty|
    +--------+----------+----------+------------+
    |ap_clk  |  10.00 ns|  8.886 ns|     1.08 ns|
    +--------+----------+----------+------------+

+ Latency: 
    * Summary: 
    +---------+---------+-----------+-----------+-----+-----+---------+
    |  Latency (cycles) |   Latency (absolute)  |  Interval | Pipeline|
    |   min   |   max   |    min    |    max    | min | max |   Type  |
    +---------+---------+-----------+-----------+-----+-----+---------+
    |        8|        8|  80.000 ns|  80.000 ns|    1|    1|      yes|
    +---------+---------+-----------+-----------+-----+-----+---------+

    + Detail: 
        * Instance: 
        +----------------------------------------+------------------------------+---------+---------+-----------+-----------+-----+-----+---------+
        |                                        |                              |  Latency (cycles) |   Latency (absolute)  |  Interval | Pipeline|
        |                Instance                |            Module            |   min   |   max   |    min    |    max    | min | max |   Type  |
        +----------------------------------------+------------------------------+---------+---------+-----------+-----------+-----+-----+---------+
        |grp_cordic_circ_apfixed_35_3_0_s_fu_60  |cordic_circ_apfixed_35_3_0_s  |        5|        5|  50.000 ns|  50.000 ns|    1|    1|      yes|
        +----------------------------------------+------------------------------+---------+---------+-----------+-----------+-----+-----+---------+

        * Loop: 
        N/A



================================================================
== Utilization Estimates
================================================================
* Summary: 
+-----------------+---------+------+--------+--------+-----+
|       Name      | BRAM_18K|  DSP |   FF   |   LUT  | URAM|
+-----------------+---------+------+--------+--------+-----+
|DSP              |        -|     -|       -|       -|    -|
|Expression       |        -|     -|       0|     422|    -|
|FIFO             |        -|     -|       -|       -|    -|
|Instance         |        -|     6|     689|   10319|    -|
|Memory           |        -|     -|       -|       -|    -|
|Multiplexer      |        -|     -|       -|       -|    -|
|Register         |        -|     -|     298|      96|    -|
+-----------------+---------+------+--------+--------+-----+
|Total            |        0|     6|     987|   10837|    0|
+-----------------+---------+------+--------+--------+-----+
|Available        |      624|  1728|  460800|  230400|   96|
+-----------------+---------+------+--------+--------+-----+
|Utilization (%)  |        0|    ~0|      ~0|       4|    0|
+-----------------+---------+------+--------+--------+-----+

+ Detail: 
    * Instance: 
    +----------------------------------------+------------------------------+---------+----+-----+-------+-----+
    |                Instance                |            Module            | BRAM_18K| DSP|  FF |  LUT  | URAM|
    +----------------------------------------+------------------------------+---------+----+-----+-------+-----+
    |grp_cordic_circ_apfixed_35_3_0_s_fu_60  |cordic_circ_apfixed_35_3_0_s  |        0|   0|  689|  10272|    0|
    |mul_33ns_41ns_73_1_1_U4                 |mul_33ns_41ns_73_1_1          |        0|   4|    0|     25|    0|
    |mul_6ns_34ns_35_1_1_U3                  |mul_6ns_34ns_35_1_1           |        0|   2|    0|     22|    0|
    +----------------------------------------+------------------------------+---------+----+-----+-------+-----+
    |Total                                   |                              |        0|   6|  689|  10319|    0|
    +----------------------------------------+------------------------------+---------+----+-----+-------+-----+

    * DSP: 
    N/A

    * Memory: 
    N/A

    * FIFO: 
    N/A

    * Expression: 
    +--------------------------+----------+----+---+----+------------+------------+
    |       Variable Name      | Operation| DSP| FF| LUT| Bitwidth P0| Bitwidth P1|
    +--------------------------+----------+----+---+----+------------+------------+
    |add_ln68_fu_135_p2        |         +|   0|  0|  42|          35|          35|
    |sub_ln237_fu_81_p2        |         -|   0|  0|  40|           1|          33|
    |sub_ln254_fu_155_p2       |         -|   0|  0|  42|          34|          35|
    |sub_ln274_fu_224_p2       |         -|   0|  0|  41|           1|          34|
    |sub_ln292_fu_254_p2       |         -|   0|  0|  36|           1|          29|
    |icmp_ln251_1_fu_166_p2    |      icmp|   0|  0|   9|           2|           1|
    |icmp_ln251_fu_161_p2      |      icmp|   0|  0|   9|           2|           2|
    |icmp_ln274_fu_209_p2      |      icmp|   0|  0|   9|           2|           1|
    |sign0_fu_75_p2            |      icmp|   0|  0|  40|          33|           1|
    |or_ln251_fu_171_p2        |        or|   0|  0|   2|           1|           1|
    |ap_return                 |    select|   0|  0|  29|           1|          29|
    |in_fu_87_p3               |    select|   0|  0|  32|           1|          33|
    |select_ln274_1_fu_247_p3  |    select|   0|  0|  29|           1|          29|
    |select_ln274_fu_240_p3    |    select|   0|  0|  29|           1|          29|
    |z_fu_201_p3               |    select|   0|  0|  33|           1|          34|
    +--------------------------+----------+----+---+----+------------+------------+
    |Total                     |          |   0|  0| 422|         117|         326|
    +--------------------------+----------+----+---+----+------------+------------+

    * Multiplexer: 
    N/A

    * Register: 
    +----------------------+----+----+-----+-----------+
    |         Name         | FF | LUT| Bits| Const Bits|
    +----------------------+----+----+-----+-----------+
    |icmp_ln251_1_reg_289  |   1|   0|    1|          0|
    |icmp_ln274_reg_299    |   1|   0|    1|          0|
    |k_reg_277             |   2|   0|    2|          0|
    |kint_reg_272          |   6|   0|    6|          0|
    |sign0_reg_267         |   1|   0|    1|          0|
    |trunc_ln68_reg_284    |  28|   0|   28|          0|
    |x_val_int_reg         |  33|   0|   33|          0|
    |z_reg_294             |  34|   0|   34|          0|
    |icmp_ln251_1_reg_289  |  64|  32|    1|          0|
    |icmp_ln274_reg_299    |  64|  32|    1|          0|
    |sign0_reg_267         |  64|  32|    1|          0|
    +----------------------+----+----+-----+-----------+
    |Total                 | 298|  96|  109|          0|
    +----------------------+----+----+-----+-----------+



================================================================
== Interface
================================================================
* Summary: 
+-----------+-----+-----+------------+--------------+--------------+
| RTL Ports | Dir | Bits|  Protocol  | Source Object|    C Type    |
+-----------+-----+-----+------------+--------------+--------------+
|ap_clk     |   in|    1|  ap_ctrl_hs|    sin<33, 6>|  return value|
|ap_rst     |   in|    1|  ap_ctrl_hs|    sin<33, 6>|  return value|
|ap_return  |  out|   29|  ap_ctrl_hs|    sin<33, 6>|  return value|
|x_val      |   in|   33|     ap_none|         x_val|        scalar|
+-----------+-----+-----+------------+--------------+--------------+

